750925 2.18 4.07 4.77 0.88 -0.12 0.53 
750967 2.18 4.07 4.77 0.88 -0.12 0.53 
751008 2.18 4.07 4.77 0.88 -0.12 0.54 
751050 2.18 4.07 4.77 0.88 -0.12 0.54 
751092 2.18 4.07 4.77 0.88 -0.12 0.54 
751133 2.18 4.07 4.77 0.88 -0.12 0.54 
751175 2.18 4.07 4.77 0.88 -0.12 0.54 
751216 2.18 4.08 4.77 0.88 -0.12 0.54 
751258 2.18 4.08 4.77 0.88 -0.12 0.54 
751633 2.18 4.07 4.77 0.88 -0.12 0.53 
751674 2.18 4.07 4.77 0.89 -0.13 0.54 
751716 2.18 4.07 4.77 0.88 -0.13 0.54 
751758 2.18 4.07 4.77 0.88 -0.12 0.54 
751799 2.18 4.08 4.77 0.88 -0.12 0.54 
751841 2.18 4.07 4.77 0.88 -0.12 0.53 
751883 2.18 4.07 4.77 0.88 -0.12 0.54 
751924 2.18 4.07 4.77 0.88 -0.12 0.54 
751965 2.18 4.07 4.77 0.88 -0.12 0.54 
752007 2.18 4.07 4.77 0.88 -0.12 0.54 
752049 2.18 4.07 4.77 0.88 -0.12 0.54 
752091 2.18 4.08 4.77 0.88 -0.12 0.54 
752464 2.18 4.07 4.77 0.88 -0.12 0.54 
752506 2.18 4.07 4.77 0.88 -0.12 0.55 
752548 2.18 4.07 4.77 0.88 -0.13 0.53 
752589 2.18 4.07 4.77 0.88 -0.12 0.54 
752630 2.18 4.08 4.77 0.88 -0.13 0.54 
752672 2.18 4.07 4.77 0.88 -0.13 0.54 
752714 2.18 4.07 4.77 0.88 -0.12 0.54 
752756 2.18 4.07 4.77 0.88 -0.12 0.53 
752797 2.18 4.07 4.77 0.88 -0.12 0.54 
752839 2.18 4.07 4.77 0.88 -0.12 0.54 
752880 2.18 4.07 4.77 0.88 -0.13 0.54 
752922 2.18 4.07 4.77 0.88 -0.13 0.54 
753297 2.18 4.07 4.77 0.88 -0.13 0.55 
753338 2.18 4.08 4.77 0.88 -0.13 0.54 
753380 2.18 4.07 4.77 0.88 -0.12 0.54 
753422 2.18 4.07 4.77 0.88 -0.13 0.54 
753463 2.18 4.07 4.77 0.88 -0.12 0.54 
753505 2.18 4.07 4.77 0.88 -0.12 0.54 
753546 2.18 4.07 4.77 0.88 -0.13 0.55 
753588 2.18 4.07 4.77 0.88 -0.13 0.54 
753630 2.18 4.07 4.77 0.88 -0.13 0.54 
753671 2.18 4.07 4.77 0.88 -0.13 0.54 
753713 2.18 4.07 4.77 0.88 -0.12 0.54 
753755 2.18 4.07 4.77 0.88 -0.13 0.53 
754087 2.18 4.07 4.77 0.88 -0.13 0.54 
754128 2.18 4.07 4.77 0.89 -0.13 0.55 
754170 2.18 4.07 4.77 0.88 -0.13 0.54 
754212 2.18 4.08 4.77 0.88 -0.12 0.55 
754253 2.18 4.07 4.77 0.88 -0.13 0.54 
754295 2.18 4.08 4.77 0.88 -0.12 0.53 
754336 2.18 4.07 4.77 0.88 -0.13 0.55 
754378 2.18 4.07 4.77 0.88 -0.12 0.54 
754419 2.18 4.07 4.77 0.87 -0.12 0.54 
754461 2.18 4.07 4.77 0.88 -0.12 0.54 
754502 2.18 4.07 4.77 0.88 -0.13 0.54 
754544 2.18 4.07 4.77 0.88 -0.13 0.54 
754586 2.18 4.08 4.77 0.88 -0.12 0.54 
754919 2.18 4.07 4.77 0.88 -0.13 0.55 
754960 2.18 4.07 4.77 0.88 -0.13 0.54 
755002 2.18 4.07 4.77 0.88 -0.13 0.54 
755044 2.18 4.07 4.77 0.88 -0.13 0.54 
755085 2.18 4.08 4.77 0.88 -0.12 0.54 
755127 2.18 4.07 4.77 0.88 -0.12 0.54 
755169 2.18 4.07 4.77 3.22 -0.48 2.42 
755211 2.18 4.07 4.77 0.39 0.39 0.11 
755251 2.18 4.07 4.77 1.14 0.32 0.06 
755292 2.18 4.07 4.77 1.60 0.06 -1.21 
755333 2.18 4.07 4.77 1.33 0.28 0.34 
755374 2.18 4.07 4.77 2.71 -0.18 0.52 
755416 2.18 4.07 4.77 0.26 0.30 0.35 
755750 2.18 4.07 4.77 1.00 0.08 -0.01 
755791 2.18 4.07 4.77 0.89 0.00 0.18 
755831 2.18 4.07 4.77 0.77 0.06 0.19 
755872 2.18 4.07 4.77 0.88 0.10 0.28 
755913 2.18 4.07 4.77 0.84 0.11 0.36 
755953 2.18 4.07 4.77 0.70 0.08 0.35 
755994 2.18 4.07 4.77 0.76 0.08 0.33 
756035 2.18 4.07 4.77 0.73 0.10 0.46 
756075 2.18 4.07 4.77 0.63 0.09 0.49 
756116 2.18 4.07 4.77 0.64 0.07 0.57 
756156 2.18 4.07 4.77 0.64 0.09 0.55 
756197 2.18 4.07 4.77 0.62 -0.02 0.71 
756238 2.18 4.07 4.77 0.67 0.00 0.70 
756605 2.18 4.07 4.77 0.69 0.10 0.73 
756645 2.18 4.07 4.77 0.64 0.06 0.81 
756686 2.18 4.07 4.77 0.64 0.08 0.73 
756726 2.18 4.07 4.77 0.63 0.08 0.77 
756767 2.18 4.07 4.77 0.62 0.09 0.82 
756808 2.18 4.07 4.77 0.62 0.14 0.93 
756848 2.18 4.07 4.77 0.68 0.36 0.93 
756888 2.18 4.07 4.77 0.66 0.09 0.90 
756929 2.18 4.07 4.77 0.55 0.45 1.08 
756969 2.18 4.07 4.77 0.58 0.21 0.86 
757011 2.18 4.07 4.77 0.56 0.42 0.65 
757051 2.18 4.07 4.77 0.54 0.30 0.88 
757416 2.18 4.07 4.77 0.47 0.19 0.90 
757456 2.18 4.07 4.77 0.46 0.19 0.87 
757497 2.18 4.07 4.77 0.46 0.24 1.13 
757538 2.18 4.07 4.77 0.39 0.05 0.97 
757578 2.18 4.07 4.77 0.47 -0.09 1.10 
757620 2.18 4.08 4.77 0.44 0.03 1.08 
757660 2.18 4.07 4.77 0.46 0.03 1.14 
757700 2.18 4.07 4.77 0.41 0.03 0.88 
757741 2.18 4.07 4.77 0.37 -0.02 0.86 
757783 2.18 4.07 4.77 0.32 -0.07 0.75 
757824 2.18 4.07 4.77 0.33 -0.15 0.85 
757867 2.18 4.07 4.77 0.42 -0.21 1.07 
757908 2.18 4.07 4.77 0.40 -0.07 1.09 
758241 2.18 4.07 4.77 0.63 -0.32 0.79 
758282 2.18 4.07 4.77 0.72 -0.25 0.83 
758324 2.18 4.07 4.77 0.53 -0.32 0.71 
758366 2.18 4.07 4.77 0.56 -0.36 0.51 
758407 2.18 4.07 4.77 0.54 -0.25 0.66 
758449 2.18 4.07 4.77 0.63 -0.46 0.77 
758490 2.18 4.07 4.77 0.71 -0.44 0.47 
758532 2.18 4.07 4.77 0.70 -0.34 0.63 
758574 2.18 4.07 4.77 0.75 -0.34 0.36 
758616 2.18 4.07 4.77 0.79 -0.27 0.57 
758657 2.18 4.07 4.77 1.02 -0.32 0.44 
758699 2.18 4.07 4.77 0.99 -0.33 0.35 
759073 2.18 4.07 4.77 1.09 -0.14 0.33 
759115 2.18 4.07 4.77 1.07 -0.11 0.49 
759157 2.18 4.07 4.77 1.10 0.07 0.57 
759197 2.18 4.07 4.77 1.15 0.19 0.40 
759238 2.18 4.07 4.77 1.02 0.09 0.52 
759279 2.18 4.07 4.77 0.95 0.13 0.62 
759319 2.18 4.07 4.77 0.87 0.07 0.52 
759360 2.18 4.07 4.77 0.89 0.31 0.35 
759400 2.18 4.07 4.77 0.95 0.19 0.26 
759441 2.18 4.07 4.77 0.97 0.10 0.48 
759481 2.18 4.07 4.77 1.14 0.14 0.54 
759522 2.18 4.07 4.77 1.08 0.11 0.64 
759563 2.18 4.07 4.77 1.07 0.01 0.25 
759892 2.18 4.07 4.77 0.71 -0.13 0.31 
759934 2.18 4.07 4.77 0.76 -0.08 0.44 
759976 2.18 4.07 4.77 0.71 0.11 0.54 
760016 2.18 4.07 4.77 0.82 0.27 0.73 
760057 2.18 4.07 4.77 0.89 0.31 0.97 
760098 2.18 4.07 4.77 1.02 0.26 1.10 
760138 2.18 4.07 4.77 0.91 0.29 0.68 
760179 2.18 4.07 4.77 0.68 0.29 0.64 
760220 2.18 4.07 4.77 0.56 0.17 0.71 
760260 2.18 4.07 4.77 0.58 0.14 0.57 
760301 2.18 4.07 4.77 0.47 0.31 0.57 
760342 2.18 4.07 4.77 0.46 0.31 0.60 
760382 2.18 4.07 4.77 0.54 0.28 0.58 
760707 2.18 4.07 4.77 0.74 0.62 0.57 
760748 2.18 4.07 4.77 0.58 0.47 0.49 
760787 2.18 4.07 4.77 0.34 0.38 0.47 
760827 2.18 4.07 4.77 0.35 0.23 0.57 
760868 2.18 4.07 4.77 0.35 0.40 0.63 
760909 2.18 4.07 4.77 0.43 0.48 0.64 
760949 2.18 4.07 4.77 0.50 0.40 0.76 
760990 2.18 4.07 4.77 0.57 0.61 0.77 
761031 2.18 4.07 4.77 0.61 0.78 0.60 
761072 2.18 4.07 4.77 0.48 0.94 0.70 
761112 2.18 4.07 4.77 0.67 1.03 0.82 
761152 2.18 4.07 4.77 0.64 1.04 0.72 
761193 2.18 4.07 4.77 0.56 0.97 0.54 
761558 2.18 4.07 4.77 0.76 0.77 0.63 
761600 2.18 4.07 4.77 0.74 1.00 0.71 
761639 2.18 4.07 4.77 0.97 0.78 0.54 
761680 2.18 4.07 4.77 0.65 0.85 0.51 
761720 2.18 4.07 4.77 0.58 0.89 0.41 
761760 2.18 4.07 4.77 0.49 0.27 0.58 
761801 2.18 4.07 4.77 0.06 0.43 0.68 
761842 2.18 4.07 4.77 0.25 0.38 0.60 
761882 2.18 4.07 4.77 0.44 0.49 0.54 
761923 2.18 4.07 4.77 0.63 0.42 0.65 
761964 2.18 4.07 4.77 0.54 0.59 0.76 
762005 2.18 4.07 4.77 0.44 0.63 0.71 
762045 2.18 4.07 4.77 0.60 0.64 0.67 
762370 2.18 4.07 4.77 0.50 0.45 0.52 
762409 2.18 4.07 4.77 0.61 0.50 0.59 
762450 2.18 4.07 4.77 0.50 0.40 0.67 
762490 2.18 4.07 4.77 0.45 0.56 0.28 
762531 2.18 4.07 4.77 0.08 0.23 0.04 
762572 2.18 4.07 4.77 0.49 0.48 -0.38 
762614 2.18 4.07 4.77 2.03 0.82 1.18 
762654 2.18 4.07 4.77 1.99 0.68 1.38 
762694 2.18 4.07 4.77 1.60 0.87 0.68 
762736 2.18 4.07 4.77 1.43 0.66 1.02 
762776 2.18 4.07 4.77 1.03 0.25 0.98 
762816 2.18 4.07 4.77 0.08 0.56 -0.20 
762858 2.18 4.07 4.77 -0.12 0.67 -0.04 
763186 2.18 4.07 4.77 0.34 0.27 0.08 
763227 2.19 4.07 4.77 0.34 -0.23 -0.07 
763270 2.19 4.07 4.77 0.11 0.50 0.02 
763310 2.19 4.07 4.77 0.54 0.58 0.26 
763350 2.18 4.07 4.77 1.10 0.83 0.10 
763390 2.19 4.07 4.77 1.37 1.00 0.40 
763431 2.19 4.07 4.77 1.18 0.91 0.72 
763471 2.19 4.07 4.77 1.08 0.90 0.19 
763512 2.19 4.07 4.77 0.76 0.64 0.16 
763553 2.19 4.07 4.77 0.11 0.56 0.12 
763594 2.19 4.07 4.77 -0.13 0.48 0.14 
763635 2.19 4.07 4.77 0.01 0.44 0.44 
763675 2.19 4.07 4.77 0.27 0.59 0.83 
764044 2.19 4.07 4.77 0.87 0.90 -0.22 
764086 2.19 4.07 4.77 1.31 1.04 0.69 
764126 2.19 4.07 4.77 1.92 0.62 0.39 
764167 2.19 4.07 4.77 1.56 0.64 0.26 
764207 2.19 4.07 4.77 1.11 0.22 0.66 
764248 2.19 4.07 4.77 0.68 0.17 0.58 
764288 2.19 4.07 4.77 0.17 0.57 0.24 
764329 2.19 4.07 4.77 0.15 0.48 0.23 
764369 2.19 4.07 4.77 0.30 0.58 0.19 
764409 2.19 4.07 4.77 0.56 0.69 0.37 
764450 2.19 4.07 4.77 0.92 1.08 0.44 
764490 2.19 4.07 4.77 1.28 1.06 0.24 
764859 2.19 4.07 4.77 1.74 0.88 -0.14 
764901 2.19 4.07 4.77 1.24 0.95 0.23 
764941 2.19 4.07 4.77 1.05 0.46 0.31 
764982 2.19 4.07 4.77 1.00 0.77 0.08 
765022 2.19 4.07 4.77 0.25 0.72 0.20 
765064 2.19 4.07 4.77 0.09 0.68 0.78 
765104 2.19 4.07 4.77 0.54 0.69 0.50 
765145 2.19 4.07 4.77 0.49 0.59 0.15 
765185 2.19 4.07 4.77 0.77 0.84 0.21 
765225 2.19 4.07 4.77 1.06 1.12 -0.18 
765266 2.19 4.07 4.77 0.94 0.90 0.04 
765307 2.19 4.07 4.77 0.86 0.71 -0.07 
765348 2.19 4.07 4.77 0.76 0.72 -0.08 
765680 2.19 4.07 4.77 0.58 0.62 0.01 
765720 2.19 4.07 4.77 0.40 0.69 0.24 
765761 2.19 4.07 4.77 0.60 0.69 0.09 
765801 2.19 4.07 4.77 0.53 0.62 0.35 
765842 2.19 4.07 4.77 0.63 0.64 0.37 
765883 2.19 4.07 4.77 0.49 0.81 0.15 
765924 2.19 4.07 4.77 0.62 0.84 0.08 
765964 2.19 4.07 4.77 0.76 1.19 -0.16 
766006 2.19 4.07 4.77 0.81 1.14 0.10 
766046 2.19 4.07 4.77 0.94 1.11 -0.24 
766088 2.19 4.07 4.77 0.84 1.01 -0.48 
766129 2.19 4.07 4.77 0.63 0.84 -0.35 
766171 2.19 4.07 4.77 0.50 0.75 -0.17 
766498 2.19 4.07 4.77 0.57 1.04 0.20 
766538 2.19 4.07 4.77 0.52 1.33 0.24 
766579 2.19 4.07 4.77 0.50 1.12 0.09 
766620 2.19 4.07 4.77 0.40 1.07 0.22 
766661 2.19 4.07 4.77 0.36 0.97 0.24 
766701 2.19 4.07 4.77 0.33 0.88 0.09 
766742 2.19 4.07 4.77 0.31 0.84 0.12 
766782 2.19 4.07 4.77 0.28 0.72 0.25 
766823 2.19 4.07 4.77 0.25 0.66 0.18 
766863 2.19 4.07 4.77 0.20 0.65 0.28 
766904 2.19 4.07 4.77 0.17 0.65 0.43 
766945 2.19 4.07 4.77 0.16 0.78 0.38 
766986 2.19 4.07 4.77 0.24 0.88 0.27 
767350 2.19 4.07 4.77 0.45 0.61 0.61 
767391 2.19 4.07 4.77 0.45 0.58 0.72 
767431 2.19 4.07 4.77 0.37 0.63 0.62 
767472 2.19 4.07 4.77 0.37 0.59 0.67 
767512 2.19 4.07 4.77 0.43 0.58 0.73 
767552 2.19 4.07 4.77 0.33 0.73 0.56 
767594 2.19 4.07 4.77 0.41 0.83 0.59 
767634 2.19 4.07 4.77 0.41 0.73 0.76 
767674 2.19 4.07 4.77 0.55 0.68 0.72 
767715 2.19 4.07 4.77 0.59 1.06 0.63 
767756 2.19 4.07 4.77 0.79 1.00 1.07 
767796 2.19 4.07 4.77 0.80 0.88 0.73 
768161 2.19 4.07 4.77 0.40 0.67 0.69 
768202 2.19 4.07 4.77 0.34 0.59 0.84 
768242 2.19 4.07 4.77 0.37 0.68 0.65 
768282 2.19 4.07 4.77 0.32 0.72 0.52 
768323 2.19 4.07 4.77 0.31 0.72 0.77 
768364 2.19 4.07 4.77 0.23 0.75 0.77 
768404 2.19 4.07 4.77 0.23 0.71 0.71 
768445 2.19 4.07 4.77 0.34 0.72 0.57 
768486 2.19 4.07 4.77 0.35 0.37 0.62 
768527 2.19 4.07 4.77 0.45 0.43 0.66 
768567 2.19 4.07 4.77 0.56 0.50 0.51 
768608 2.19 4.07 4.77 0.42 0.63 0.79 
768649 2.19 4.07 4.77 0.42 0.64 0.81 
768972 2.19 4.07 4.77 0.12 0.70 0.55 
769013 2.19 4.07 4.77 0.07 0.62 0.67 
769054 2.19 4.07 4.77 0.06 0.49 0.90 
769094 2.19 4.07 4.77 0.08 0.56 0.67 
769135 2.19 4.07 4.77 0.12 0.55 0.69 
769175 2.19 4.07 4.77 0.05 0.66 0.74 
769216 2.19 4.07 4.77 0.10 0.65 0.73 
769257 2.19 4.07 4.77 0.16 0.72 0.72 
769297 2.19 4.07 4.77 0.17 0.72 0.72 
769338 2.19 4.07 4.77 0.19 0.86 0.76 
769378 2.19 4.07 4.77 0.22 0.80 0.82 
769419 2.19 4.07 4.77 0.29 0.74 0.79 
769460 2.19 4.07 4.77 0.30 0.69 0.76 
769824 2.19 4.07 4.77 0.26 0.53 0.99 
769865 2.19 4.07 4.77 0.35 0.66 0.85 
769905 2.19 4.07 4.77 0.37 0.51 1.07 
769946 2.19 4.07 4.77 0.44 0.65 1.06 
769987 2.19 4.07 4.77 0.52 0.71 0.96 
770027 2.19 4.07 4.77 0.48 0.66 0.90 
770068 2.19 4.07 4.77 0.36 0.60 0.75 
770108 2.19 4.07 4.77 0.28 0.65 0.57 
770149 2.19 4.07 4.77 0.20 0.59 0.70 
770190 2.19 4.07 4.77 0.15 0.43 0.88 
770230 2.19 4.07 4.77 0.11 0.59 0.67 
770635 2.19 4.07 4.77 0.27 0.70 0.86 
770676 2.19 4.07 4.77 0.23 1.05 0.86 
770717 2.19 4.07 4.77 0.30 0.60 0.91 
770757 2.19 4.07 4.77 0.38 0.52 0.82 
770798 2.19 4.07 4.77 0.46 0.50 0.78 
770838 2.19 4.07 4.77 0.38 0.50 0.83 
770879 2.19 4.07 4.77 0.33 0.37 0.90 
770920 2.19 4.07 4.77 0.41 0.52 1.07 
770960 2.19 4.07 4.77 0.27 0.36 0.94 
771001 2.19 4.07 4.77 0.19 0.49 0.48 
771041 2.19 4.07 4.77 0.20 0.35 0.74 
771082 2.19 4.07 4.77 0.15 0.42 1.05 
771123 2.19 4.07 4.77 0.07 0.59 1.02 
771487 2.19 4.07 4.77 0.32 0.59 0.57 
771528 2.19 4.07 4.77 0.41 0.68 0.85 
771568 2.19 4.07 4.77 0.40 0.60 0.85 
771609 2.19 4.07 4.77 0.32 0.59 0.72 
771650 2.19 4.07 4.77 0.29 0.64 0.78 
771690 2.19 4.07 4.77 0.38 0.67 0.87 
771731 2.19 4.07 4.77 0.41 0.69 0.85 
771771 2.19 4.07 4.77 0.41 0.58 0.83 
771812 2.19 4.07 4.77 0.31 0.49 0.91 
771853 2.19 4.07 4.77 0.33 0.53 0.78 
771893 2.19 4.07 4.77 0.47 0.54 1.05 
771934 2.19 4.07 4.77 0.44 0.37 1.14 
772298 2.19 4.07 4.77 0.20 0.68 0.86 
772339 2.19 4.07 4.77 0.10 0.61 0.72 
772380 2.19 4.07 4.77 0.19 0.71 1.24 
772420 2.19 4.07 4.77 0.29 0.62 0.52 
772461 2.19 4.07 4.77 0.20 0.31 0.79 
772501 2.19 4.07 4.77 0.18 0.50 0.66 
772542 2.19 4.07 4.77 0.20 0.38 0.63 
772583 2.19 4.07 4.77 0.15 0.36 0.88 
772623 2.19 4.07 4.77 0.11 0.42 1.05 
772664 2.19 4.07 4.77 0.30 0.61 0.95 
772704 2.19 4.07 4.77 0.31 0.65 0.93 
772745 2.19 4.07 4.77 0.29 0.56 1.18 
772786 2.19 4.07 4.77 0.27 0.44 1.05 
773110 2.19 4.07 4.77 0.07 0.43 1.09 
773150 2.19 4.07 4.77 0.06 0.42 1.03 
773191 2.19 4.07 4.77 0.13 0.57 0.92 
773231 2.19 4.07 4.77 0.12 0.59 0.80 
773272 2.19 4.07 4.77 0.06 0.53 0.89 
773313 2.19 4.07 4.77 0.02 0.53 0.87 
773353 2.19 4.07 4.77 0.10 0.52 0.79 
773394 2.19 4.07 4.77 0.17 0.36 0.97 
773434 2.19 4.07 4.77 0.26 0.20 0.99 
773475 2.19 4.07 4.77 0.37 0.32 0.85 
773516 2.19 4.07 4.77 0.43 0.27 0.95 
773556 2.19 4.07 4.77 0.33 0.36 1.03 
773597 2.19 4.07 4.77 0.29 0.42 0.94 
773961 2.19 4.07 4.77 0.22 0.55 0.61 
774002 2.19 4.07 4.77 0.29 0.17 1.02 
774042 2.19 4.07 4.77 0.14 0.14 1.12 
774083 2.19 4.07 4.77 0.06 0.24 0.92 
774124 2.19 4.07 4.77 0.06 0.27 0.83 
774164 2.19 4.07 4.77 0.07 0.50 0.80 
774205 2.19 4.07 4.77 0.11 0.60 0.88 
774246 2.19 4.07 4.77 0.19 0.56 0.90 
774286 2.19 4.07 4.77 0.21 0.62 0.95 
774327 2.19 4.07 4.77 0.20 0.52 1.00 
774367 2.19 4.07 4.77 0.23 0.47 1.06 
774408 2.19 4.07 4.77 0.17 0.39 1.01 
774449 2.19 4.07 4.77 0.21 0.50 0.84 
774773 2.19 4.07 4.77 0.35 0.27 1.16 
774813 2.19 4.07 4.77 0.29 0.16 0.95 
774854 2.19 4.07 4.77 0.51 0.26 1.15 
774894 2.19 4.07 4.77 0.35 0.22 1.07 
774935 2.19 4.07 4.77 0.18 0.52 0.58 
774976 2.19 4.07 4.77 0.23 0.23 1.14 
775016 2.19 4.07 4.77 0.16 0.44 1.28 
775057 2.19 4.07 4.77 0.16 0.51 0.83 
775097 2.19 4.07 4.77 0.18 0.36 0.75 
775138 2.19 4.07 4.77 0.10 0.58 0.80 
775179 2.19 4.07 4.77 0.08 0.72 0.78 
775219 2.19 4.07 4.77 0.06 0.72 1.02 
775260 2.19 4.07 4.77 0.03 0.69 0.90 
775585 2.19 4.07 4.77 0.06 0.49 0.78 
775625 2.19 4.07 4.77 0.13 0.66 0.61 
775666 2.19 4.07 4.77 0.21 0.74 0.53 
775707 2.19 4.07 4.77 0.16 0.72 0.61 
775747 2.19 4.07 4.77 0.16 0.70 0.53 
775788 2.19 4.07 4.77 0.10 0.50 0.62 
775828 2.19 4.07 4.77 0.08 0.45 0.73 
775869 2.19 4.07 4.77 0.14 0.70 0.86 
775909 2.19 4.07 4.77 0.27 0.79 1.22 
775950 2.19 4.07 4.77 0.20 0.56 1.30 
775991 2.19 4.07 4.77 0.23 0.61 0.89 
776031 2.19 4.07 4.77 0.31 0.73 1.11 
776072 2.19 4.07 4.77 0.10 0.58 1.25 
776439 2.19 4.07 4.77 0.15 0.62 1.13 
776479 2.19 4.07 4.77 0.35 0.59 0.98 
776519 2.19 4.07 4.77 0.47 0.66 0.75 
776560 2.19 4.07 4.77 0.41 0.75 0.93 
776600 2.19 4.07 4.77 0.39 0.62 0.85 
776641 2.19 4.07 4.77 0.40 0.55 0.80 
776682 2.19 4.07 4.77 0.39 0.60 0.68 
776723 2.19 4.07 4.77 0.42 0.65 0.74 
776763 2.19 4.07 4.77 0.37 0.59 0.82 
776804 2.19 4.07 4.77 0.33 0.54 0.77 
776845 2.19 4.07 4.77 0.33 0.50 0.75 
776885 2.19 4.07 4.77 0.44 0.51 0.96 
776926 2.19 4.07 4.77 0.46 0.44 1.03 
777250 2.19 4.07 4.77 0.25 0.66 0.68 
777290 2.19 4.07 4.77 0.19 0.65 0.71 
777331 2.19 4.07 4.77 0.19 0.65 0.59 
777372 2.19 4.07 4.77 0.20 0.62 0.46 
777412 2.19 4.07 4.77 0.31 0.68 0.76 
777453 2.19 4.07 4.77 0.42 0.62 0.73 
777493 2.19 4.07 4.77 0.67 0.64 1.03 
777534 2.19 4.07 4.77 0.57 0.37 0.85 
777575 2.19 4.07 4.77 0.57 0.36 0.81 
777615 2.19 4.07 4.77 0.67 0.51 0.78 
777656 2.19 4.07 4.77 0.56 0.51 1.14 
777696 2.19 4.07 4.77 0.48 0.43 0.82 
777737 2.19 4.07 4.77 0.45 0.48 0.80 
778102 2.19 4.07 4.77 0.80 0.65 0.59 
778142 2.19 4.07 4.77 0.88 0.27 0.70 
778183 2.19 4.07 4.77 0.73 0.52 0.73 
778223 2.19 4.07 4.77 0.69 0.57 0.61 
778264 2.19 4.07 4.77 0.87 0.46 0.69 
778305 2.19 4.07 4.77 1.07 0.39 0.73 
778345 2.19 4.07 4.77 0.90 0.44 0.99 
778386 2.19 4.07 4.77 0.84 0.58 0.91 
778426 2.19 4.07 4.77 0.72 0.63 0.84 
778467 2.19 4.07 4.77 0.59 0.70 0.60 
778508 2.19 4.07 4.77 0.43 0.50 0.51 
778548 2.19 4.07 4.77 0.25 0.79 0.58 
778914 2.19 4.07 4.77 -0.04 0.88 0.52 
778955 2.19 4.07 4.77 -0.15 1.11 0.42 
778997 2.19 4.07 4.77 -0.21 1.08 0.56 
779039 2.19 4.07 4.77 -0.19 0.89 0.67 
779080 2.19 4.07 4.77 -0.11 0.71 1.04 
779122 2.19 4.07 4.77 -0.05 1.38 0.13 
779164 2.19 4.07 4.77 -0.03 0.84 0.63 
779205 2.19 4.07 4.77 -0.24 0.67 0.60 
779247 2.20 4.07 4.77 0.01 0.37 0.87 
779287 2.20 4.07 4.77 0.25 1.13 0.53 
779328 2.20 4.07 4.77 -0.11 0.68 0.08 
779370 2.20 4.07 4.77 -0.19 0.64 -0.04 
779745 2.19 4.07 4.77 -0.14 1.16 1.00 
779787 2.19 4.07 4.77 -0.07 1.05 0.84 
779828 2.20 4.07 4.77 0.03 0.75 0.15 
779869 2.20 4.07 4.77 -0.39 0.88 -0.04 
779912 2.20 4.07 4.77 -0.41 0.52 0.34 
779953 2.20 4.07 4.77 -0.45 0.54 0.53 
779995 2.20 4.07 4.77 -0.54 0.72 0.31 
780037 2.20 4.07 4.77 -0.08 0.40 0.03 
780078 2.20 4.07 4.77 -0.27 1.66 0.90 
780120 2.20 4.07 4.77 -0.06 1.01 0.15 
780161 2.20 4.07 4.77 -0.34 1.07 1.00 
780203 2.20 4.07 4.77 -0.65 0.69 -0.25 
780578 2.20 4.07 4.77 0.38 0.98 0.19 
780619 2.20 4.07 4.77 0.31 0.93 0.13 
780660 2.20 4.07 4.77 0.23 0.86 0.14 
780701 2.20 4.07 4.77 0.23 0.85 -0.07 
780742 2.20 4.07 4.77 0.08 0.77 -0.06 
780784 2.20 4.07 4.77 0.11 0.85 -0.31 
780825 2.20 4.07 4.77 0.00 0.85 -0.29 
780867 2.20 4.07 4.77 -0.01 0.90 -0.27 
780910 2.19 4.07 4.77 -0.01 0.92 -0.35 
780952 2.20 4.07 4.77 -0.05 0.83 -0.50 
780995 2.20 4.07 4.77 -0.06 0.68 -0.49 
781038 2.20 4.07 4.77 -0.12 0.72 -0.21 
781378 2.20 4.07 4.77 -0.34 0.59 -0.72 
781420 2.20 4.07 4.77 -0.34 0.62 -0.80 
781463 2.20 4.07 4.77 -0.25 0.41 -0.71 
781506 2.20 4.07 4.77 -0.09 0.65 -0.79 
781548 2.20 4.06 4.77 0.02 0.90 -0.91 
781590 2.20 4.07 4.77 0.00 0.79 -1.05 
781632 2.20 4.07 4.77 -0.23 0.68 -0.83 
781674 2.20 4.07 4.77 -0.38 0.51 -0.74 
781717 2.20 4.07 4.77 -0.45 0.28 -0.67 
781759 2.20 4.07 4.77 -0.34 0.51 -0.76 
781802 2.20 4.07 4.77 -0.30 0.49 -0.69 
781845 2.20 4.07 4.77 -0.13 0.53 -0.76 
781887 2.20 4.07 4.77 -0.22 0.65 -0.80 
782229 2.20 4.07 4.77 -0.27 0.51 -0.45 
782271 2.20 4.07 4.77 -0.34 0.41 -0.22 
782314 2.20 4.07 4.77 -0.24 0.61 -0.25 
782356 2.20 4.07 4.77 -0.16 0.69 -0.17 
782399 2.20 4.07 4.77 -0.00 0.72 -0.31 
782441 2.19 4.07 4.77 0.10 0.79 -0.26 
782483 2.20 4.07 4.77 0.20 0.81 -0.19 
782525 2.20 4.07 4.77 0.26 0.87 -0.19 
782566 2.20 4.07 4.77 0.25 0.83 -0.26 
782608 2.20 4.07 4.77 0.14 0.73 -0.36 
782650 2.20 4.07 4.77 0.07 0.51 -0.61 
782691 2.20 4.07 4.77 0.20 0.67 -0.59 
783024 2.20 4.07 4.77 0.64 0.79 -0.44 
783066 2.20 4.07 4.77 0.60 0.82 -0.52 
783108 2.20 4.07 4.77 0.46 0.90 -0.50 
783149 2.20 4.07 4.77 0.41 0.80 -0.67 
783191 2.20 4.07 4.77 0.26 0.68 -0.81 
783233 2.20 4.07 4.77 0.20 0.64 -0.90 
783273 2.20 4.07 4.77 0.01 0.59 -0.83 
783315 2.20 4.07 4.77 -0.20 0.50 -0.72 
783357 2.20 4.07 4.77 -0.31 0.39 -0.48 
783400 2.20 4.06 4.77 -0.34 0.49 -0.37 
783443 2.20 4.07 4.77 -0.25 0.71 -0.56 
783485 2.20 4.07 4.77 -0.22 0.62 -0.58 
783528 2.20 4.07 4.77 -0.15 0.53 -0.63 
783865 2.20 4.07 4.77 0.34 0.63 -0.18 
783907 2.20 4.07 4.77 0.25 0.84 -0.31 
783948 2.20 4.07 4.77 0.27 0.58 -0.34 
783989 2.20 4.07 4.77 0.35 0.77 -0.34 
784032 2.20 4.07 4.77 0.37 0.91 -0.27 
784073 2.20 4.07 4.77 0.64 1.04 -0.46 
784115 2.20 4.07 4.77 0.56 1.27 -0.36 
784156 2.20 4.07 4.77 0.59 1.25 -0.26 
784198 2.20 4.07 4.77 0.65 1.18 -0.53 
784239 2.20 4.07 4.77 0.53 1.29 -0.52 
784281 2.20 4.07 4.77 0.51 1.35 -0.55 
784323 2.20 4.07 4.77 0.35 1.04 -0.29 
784365 2.20 4.07 4.77 0.27 1.13 -0.17 
784690 2.20 4.07 4.76 0.07 1.00 0.10 
784731 2.20 4.07 4.77 -0.02 0.80 0.31 
784773 2.20 4.06 4.77 -0.01 0.55 0.71 
784814 2.20 4.07 4.77 0.02 0.50 0.68 
784855 2.20 4.07 4.77 0.08 0.67 0.44 
784894 2.20 4.07 4.77 -0.17 0.84 0.71 
784936 2.20 4.07 4.77 -0.29 0.68 0.65 
784978 2.20 4.07 4.77 -0.57 0.60 0.81 
785019 2.20 4.07 4.77 -0.11 0.48 1.20 
785061 2.20 4.07 4.77 -0.18 0.58 0.31 
785103 2.20 4.07 4.77 -0.19 0.95 0.37 
785144 2.20 4.07 4.77 -0.10 1.07 0.01 
785186 2.20 4.07 4.77 -0.23 1.14 0.23 
785522 2.20 4.07 4.77 0.10 0.95 0.57 
785563 2.20 4.07 4.77 0.12 0.67 0.63 
785603 2.20 4.07 4.77 0.15 0.63 0.50 
785644 2.20 4.07 4.77 0.27 0.67 0.82 
785684 2.20 4.07 4.77 0.33 0.72 0.82 
785724 2.20 4.07 4.77 0.32 0.61 1.36 
785765 2.20 4.07 4.77 0.23 0.80 1.08 
785806 2.20 4.07 4.77 0.01 0.72 1.06 
785847 2.20 4.07 4.77 0.03 0.61 0.54 
785888 2.20 4.07 4.77 0.09 0.63 0.90 
785928 2.20 4.07 4.77 0.15 0.70 0.92 
785969 2.20 4.07 4.77 0.07 0.49 0.80 
786009 2.20 4.07 4.77 0.09 0.65 0.96 
786333 2.20 4.07 4.77 0.15 0.59 1.06 
786373 2.20 4.07 4.77 0.28 0.32 1.07 
786414 2.20 4.07 4.77 0.17 0.54 1.16 
786455 2.20 4.07 4.77 0.23 0.78 1.06 
786496 2.20 4.07 4.77 0.28 0.76 1.02 
786536 2.20 4.07 4.77 0.06 0.75 0.90 
786577 2.20 4.07 4.77 0.07 0.80 0.84 
786617 2.20 4.07 4.77 0.00 0.81 0.72 
786658 2.20 4.07 4.77 0.10 0.74 0.52 
786698 2.20 4.07 4.77 0.36 0.78 0.69 
786739 2.20 4.07 4.77 0.24 0.86 0.57 
786780 2.20 4.07 4.77 0.35 0.75 0.74 
786821 2.20 4.07 4.77 0.26 0.92 0.39 
787187 2.20 4.07 4.77 0.21 0.43 0.98 
787228 2.20 4.07 4.77 -0.02 0.48 0.92 
787269 2.20 4.07 4.77 0.28 0.54 0.98 
787310 2.20 4.07 4.77 0.02 0.55 1.11 
787351 2.20 4.07 4.77 -0.07 0.64 1.07 
787392 2.20 4.07 4.77 0.17 0.47 1.21 
787433 2.20 4.07 4.77 -0.15 0.49 0.94 
787474 2.20 4.07 4.77 -0.23 0.62 1.21 
787516 2.20 4.07 4.77 -0.44 0.22 1.22 
787558 2.20 4.07 4.77 -0.15 0.10 0.67 
787599 2.20 4.07 4.77 -0.11 0.04 0.96 
787641 2.20 4.07 4.77 -0.22 -0.10 1.03 
788019 2.20 4.07 4.77 0.07 0.42 0.53 
788059 2.20 4.07 4.77 -0.03 0.47 1.17 
788100 2.20 4.07 4.77 0.04 0.39 0.76 
788141 2.20 4.07 4.77 -0.20 0.42 1.06 
788182 2.20 4.07 4.77 -0.17 0.37 1.26 
788224 2.20 4.07 4.77 -0.06 0.20 1.19 
788265 2.20 4.07 4.77 -0.24 0.25 1.22 
788307 2.20 4.07 4.77 -0.32 0.18 1.35 
788348 2.20 4.07 4.77 -0.21 0.14 1.23 
788390 2.20 4.07 4.77 -0.05 0.04 1.23 
788432 2.20 4.07 4.77 -0.23 0.48 1.42 
788473 2.20 4.07 4.77 -0.14 0.28 1.14 
788848 2.20 4.07 4.77 0.36 -0.15 0.92 
788889 2.20 4.07 4.77 0.37 -0.14 0.91 
788931 2.20 4.07 4.77 0.46 -0.29 0.80 
788972 2.20 4.07 4.77 0.58 -0.42 0.81 
789014 2.20 4.07 4.77 0.78 -0.58 0.73 
789056 2.20 4.07 4.77 0.88 -0.80 0.64 
789098 2.20 4.07 4.77 0.91 -0.87 0.69 
789139 2.20 4.07 4.77 0.92 -0.97 0.74 
789180 2.20 4.07 4.77 1.05 -1.87 0.86 
789222 2.20 4.07 4.77 1.39 -3.67 0.58 
789264 2.20 4.07 4.77 0.07 -3.29 -0.03 
789307 2.20 4.07 4.77 -0.19 0.58 -0.08 
789680 2.20 4.07 4.77 0.26 1.50 0.85 
789720 2.20 4.07 4.77 0.51 2.42 0.87 
789761 2.20 4.07 4.77 0.26 3.13 -0.25 
789801 2.20 4.07 4.77 -0.19 1.30 -0.76 
789844 2.20 4.07 4.77 0.09 2.22 -0.05 
789886 2.20 4.07 4.77 0.37 2.59 2.05 
789926 2.20 4.07 4.77 0.83 0.34 0.84 
789967 2.20 4.07 4.77 0.91 1.32 0.63 
790007 2.20 4.07 4.77 0.37 1.77 -0.42 
790049 2.20 4.07 4.77 -0.16 1.42 -0.50 
790092 2.20 4.07 4.77 0.31 2.41 1.02 
790132 2.20 4.07 4.77 -0.05 2.69 -0.12 
790501 2.20 4.07 4.77 0.11 1.71 0.64 
790541 2.20 4.07 4.77 0.05 1.30 0.36 
790582 2.20 4.07 4.77 0.14 1.09 0.16 
790623 2.20 4.07 4.77 0.15 0.89 0.05 
790663 2.20 4.07 4.77 0.12 0.77 0.07 
790704 2.20 4.07 4.77 0.12 0.70 0.18 
790744 2.20 4.07 4.77 0.09 0.60 0.29 
790785 2.20 4.07 4.77 0.05 0.55 0.26 
790825 2.20 4.07 4.77 0.01 0.58 0.19 
790865 2.20 4.07 4.77 0.05 0.59 0.08 
790905 2.20 4.07 4.77 0.08 0.49 0.10 
790946 2.20 4.07 4.77 0.08 0.47 0.15 
791318 2.20 4.07 4.77 0.85 2.39 -0.19 
791359 2.20 4.07 4.77 0.37 1.76 -0.06 
791401 2.20 4.07 4.77 0.12 1.77 0.34 
791441 2.20 4.07 4.77 0.31 1.86 0.14 
791483 2.21 4.07 4.77 0.11 1.37 -0.06 
791524 2.21 4.07 4.77 0.16 0.55 0.21 
791565 2.21 4.07 4.77 0.31 0.56 0.43 
791605 2.21 4.07 4.77 0.41 0.73 0.28 
791646 2.21 4.07 4.77 0.03 1.01 0.25 
791687 2.21 4.07 4.77 -0.19 1.07 0.30 
791728 2.21 4.07 4.74 -3.07 6.37 -14.16 
791772 2.21 4.07 4.76 1.46 2.17 -0.62 
792144 2.21 4.07 4.76 0.62 0.32 0.27 
792185 2.21 4.07 4.77 0.06 -4.06 -0.37 
792228 2.21 4.08 4.77 0.11 0.08 -0.10 
792269 2.21 4.08 4.77 -1.25 -0.03 -1.04 
792313 2.21 4.08 4.77 -0.51 -0.29 -1.32 
792357 2.21 4.08 4.77 -0.04 -0.06 -0.27 
792400 2.21 4.08 4.77 0.20 0.23 -0.41 
792442 2.21 4.08 4.77 0.31 0.45 -0.45 
792484 2.21 4.07 4.77 0.55 0.59 -0.59 
792525 2.21 4.07 4.77 1.03 0.11 -0.35 
792567 2.21 4.07 4.77 0.94 0.39 -0.21 
792608 2.21 4.07 4.77 0.96 0.23 -0.06 
792981 2.21 4.07 4.77 1.02 0.06 0.01 
793021 2.21 4.08 4.77 1.02 0.06 0.06 
793062 2.21 4.07 4.77 0.99 0.05 0.13 
793103 2.21 4.07 4.77 1.00 0.03 0.20 
793143 2.21 4.08 4.77 0.98 0.03 0.24 
793184 2.21 4.07 4.77 1.00 0.04 0.19 
793225 2.21 4.08 4.77 1.00 0.05 0.15 
793265 2.21 4.07 4.77 1.00 0.05 0.14 
793305 2.21 4.08 4.77 1.00 0.05 0.14 
793346 2.21 4.07 4.77 1.00 0.05 0.14 
793387 2.21 4.07 4.77 1.00 0.04 0.16 
793426 2.21 4.07 4.77 1.00 0.05 0.17 
793792 2.21 4.07 4.77 1.00 0.05 0.16 
793832 2.21 4.07 4.77 1.00 0.04 0.16 
793873 2.21 4.07 4.77 1.00 0.05 0.16 
793914 2.21 4.07 4.77 1.00 0.05 0.16 
793955 2.21 4.08 4.77 1.00 0.05 0.15 
793995 2.21 4.07 4.77 1.00 0.04 0.15 
794035 2.21 4.07 4.77 1.00 0.05 0.15 
794077 2.21 4.07 4.77 1.00 0.05 0.15 
794117 2.21 4.07 4.77 1.00 0.05 0.16 
794158 2.21 4.07 4.77 1.00 0.05 0.15 
794198 2.21 4.07 4.77 1.00 0.05 0.15 
794238 2.21 4.07 4.77 1.00 0.05 0.16 
794279 2.21 4.08 4.77 1.00 0.05 0.16 
794603 2.21 4.07 4.77 0.99 0.04 0.15 
794644 2.21 4.07 4.77 0.99 0.05 0.15 
794685 2.21 4.07 4.77 1.00 0.04 0.15 
794725 2.21 4.07 4.77 1.00 0.05 0.16 
794766 2.21 4.07 4.77 1.00 0.04 0.15 
794807 2.21 4.07 4.77 1.00 0.04 0.15 
794847 2.21 4.07 4.77 1.00 0.05 0.15 
794888 2.21 4.07 4.77 1.00 0.05 0.15 
794928 2.21 4.07 4.77 1.00 0.05 0.16 
794969 2.21 4.07 4.77 1.00 0.05 0.16 
795010 2.21 4.07 4.77 1.00 0.04 0.16 
795049 2.21 4.07 4.77 1.00 0.05 0.15 
795090 2.21 4.07 4.77 1.00 0.05 0.16 
795455 2.21 4.07 4.77 1.00 0.05 0.16 
795496 2.21 4.08 4.77 1.00 0.04 0.16 
795536 2.21 4.08 4.77 1.00 0.04 0.15 
795577 2.21 4.07 4.77 1.00 0.04 0.16 
795618 2.21 4.07 4.77 1.00 0.05 0.15 
795658 2.21 4.07 4.77 0.99 0.05 0.16 
795699 2.21 4.07 4.77 1.00 0.04 0.16 
795740 2.21 4.07 4.77 0.99 0.04 0.16 
795780 2.21 4.07 4.77 1.00 0.04 0.17 
795821 2.21 4.07 4.77 1.00 0.05 0.15 
795860 2.21 4.07 4.77 1.00 0.04 0.16 
795901 2.21 4.07 4.77 1.00 0.05 0.15 
795942 2.21 4.07 4.77 1.00 0.05 0.15 
796266 2.21 4.07 4.77 0.99 0.05 0.16 
796307 2.21 4.07 4.77 1.00 0.05 0.15 
796348 2.21 4.07 4.77 1.00 0.04 0.15 
796388 2.21 4.07 4.77 1.00 0.05 0.15 
796429 2.21 4.07 4.77 1.00 0.04 0.16 
796469 2.21 4.07 4.77 1.00 0.05 0.16 
796510 2.21 4.07 4.77 1.00 0.04 0.16 
796551 2.21 4.07 4.77 1.00 0.04 0.15 
796591 2.21 4.07 4.77 1.00 0.04 0.16 
796632 2.21 4.07 4.77 1.00 0.04 0.15 
796673 2.21 4.07 4.77 1.00 0.04 0.15 
796712 2.21 4.07 4.77 1.00 0.05 0.15 
796753 2.21 4.07 4.77 1.00 0.04 0.16 
797118 2.21 4.07 4.77 1.00 0.04 0.15 
797159 2.21 4.07 4.77 1.00 0.04 0.15 
797199 2.21 4.07 4.77 1.00 0.04 0.16 
797240 2.21 4.07 4.77 1.00 0.05 0.15 
797281 2.21 4.07 4.77 1.00 0.04 0.15 
797321 2.21 4.07 4.77 1.00 0.04 0.16 
797362 2.21 4.07 4.77 0.99 0.04 0.15 
797403 2.21 4.07 4.77 1.00 0.04 0.15 
797443 2.21 4.07 4.77 1.00 0.04 0.16 
797484 2.21 4.07 4.77 0.99 0.05 0.15 
797523 2.21 4.07 4.77 1.00 0.05 0.15 
797564 2.21 4.07 4.77 1.00 0.04 0.16 
797929 2.21 4.07 4.77 1.00 0.04 0.15 
797970 2.21 4.07 4.77 1.00 0.04 0.15 
798011 2.21 4.07 4.77 0.99 0.04 0.15 
798051 2.21 4.07 4.77 1.00 0.04 0.15 
798092 2.21 4.07 4.77 1.00 0.04 0.15 
798132 2.21 4.08 4.77 1.00 0.04 0.15 
798173 2.21 4.07 4.77 1.00 0.04 0.15 
798214 2.21 4.08 4.77 1.00 0.05 0.15 
798254 2.21 4.08 4.77 1.00 0.04 0.15 
798295 2.21 4.07 4.77 1.00 0.05 0.15 
798336 2.21 4.07 4.77 1.00 0.04 0.16 
798375 2.21 4.07 4.77 1.00 0.04 0.16 
798416 2.21 4.07 4.77 1.00 0.04 0.15 
798741 2.21 4.08 4.77 0.99 0.04 0.15 
798781 2.21 4.07 4.77 1.00 0.04 0.15 
798822 2.21 4.07 4.77 1.00 0.04 0.15 
798862 2.21 4.07 4.77 1.00 0.04 0.15 
798903 2.21 4.07 4.77 1.00 0.04 0.15 
798944 2.21 4.07 4.77 1.00 0.04 0.15 
798984 2.21 4.07 4.77 1.00 0.04 0.15 
799025 2.21 4.07 4.77 1.00 0.04 0.16 
799065 2.21 4.07 4.77 1.00 0.04 0.16 
799106 2.21 4.08 4.77 1.00 0.04 0.16 
799147 2.21 4.07 4.77 1.00 0.04 0.16 
799186 2.21 4.07 4.77 1.00 0.04 0.15 
799227 2.21 4.07 4.77 1.00 0.04 0.16 
799592 2.21 4.07 4.77 1.00 0.04 0.15 
799633 2.21 4.07 4.77 1.00 0.04 0.15 
799674 2.21 4.07 4.77 1.00 0.04 0.16 
799714 2.21 4.07 4.77 1.00 0.04 0.15 
799755 2.21 4.07 4.77 1.00 0.04 0.15 
799795 2.21 4.07 4.77 1.00 0.04 0.16 
799836 2.21 4.07 4.77 1.00 0.04 0.16 
799877 2.21 4.07 4.77 1.00 0.04 0.16 
799917 2.21 4.08 4.77 1.00 0.04 0.15 
799958 2.21 4.07 4.77 1.00 0.04 0.16 
799998 2.21 4.07 4.77 1.00 0.04 0.16 
800038 2.21 4.07 4.77 1.00 0.04 0.15 
800079 2.21 4.07 4.77 0.99 0.04 0.15 
800404 2.21 4.07 4.77 1.00 0.04 0.16 
800444 2.21 4.07 4.77 1.00 0.04 0.15 
800485 2.21 4.07 4.77 1.00 0.04 0.15 
800525 2.21 4.07 4.77 1.00 0.04 0.16 
800566 2.21 4.07 4.77 0.99 0.04 0.15 
800607 2.21 4.07 4.77 1.00 0.04 0.15 
800647 2.21 4.07 4.77 1.00 0.04 0.16 
800688 2.21 4.07 4.77 1.00 0.04 0.16 
800728 2.21 4.07 4.77 1.00 0.04 0.16 
800769 2.21 4.07 4.77 1.00 0.04 0.16 
800809 2.21 4.07 4.77 1.00 0.04 0.15 
800849 2.21 4.07 4.77 1.00 0.04 0.16 
800890 2.21 4.07 4.77 1.00 0.04 0.17 
801215 2.21 4.08 4.77 1.00 0.04 0.15 
801255 2.21 4.07 4.77 1.00 0.04 0.15 
801296 2.21 4.07 4.77 1.00 0.04 0.16 
801337 2.21 4.07 4.77 1.00 0.04 0.15 
801377 2.21 4.07 4.77 1.00 0.04 0.16 
801418 2.21 4.07 4.77 1.00 0.04 0.15 
801458 2.21 4.07 4.77 0.99 0.04 0.15 
801499 2.21 4.07 4.77 1.00 0.04 0.15 
801540 2.21 4.08 4.77 1.00 0.04 0.15 
801580 2.21 4.07 4.77 1.00 0.04 0.15 
801620 2.21 4.07 4.77 1.00 0.04 0.16 
801660 2.21 4.07 4.77 1.00 0.04 0.15 
801701 2.21 4.08 4.77 1.00 0.04 0.16 
802067 2.21 4.07 4.77 1.00 0.04 0.16 
802107 2.21 4.07 4.77 1.00 0.04 0.16 
802148 2.21 4.07 4.77 1.00 0.04 0.15 
802188 2.21 4.07 4.77 1.00 0.04 0.15 
802229 2.21 4.07 4.77 1.00 0.04 0.16 
802270 2.21 4.07 4.77 1.00 0.04 0.15 
802310 2.21 4.07 4.77 1.00 0.05 0.16 
802351 2.21 4.07 4.77 1.00 0.04 0.15 
802391 2.21 4.07 4.77 1.00 0.04 0.15 
802432 2.21 4.07 4.77 1.00 0.04 0.15 
802472 2.21 4.07 4.77 1.00 0.04 0.16 
802512 2.21 4.07 4.77 1.00 0.04 0.16 
802553 2.21 4.07 4.77 1.00 0.04 0.16 
802878 2.21 4.08 4.77 1.00 0.04 0.15 
802918 2.21 4.07 4.77 1.00 0.04 0.15 
802959 2.21 4.07 4.77 0.99 0.04 0.16 
803000 2.21 4.07 4.77 1.00 0.04 0.16 
803040 2.21 4.07 4.77 1.00 0.04 0.16 
803081 2.21 4.07 4.77 1.00 0.04 0.16 
803121 2.21 4.07 4.77 1.00 0.04 0.15 
803162 2.21 4.07 4.77 1.00 0.05 0.16 
803203 2.21 4.07 4.77 1.00 0.05 0.15 
803243 2.21 4.07 4.77 1.00 0.04 0.15 
803283 2.21 4.07 4.77 1.00 0.04 0.16 
803323 2.21 4.07 4.77 1.00 0.04 0.15 
803364 2.21 4.07 4.77 1.00 0.04 0.16 
803730 2.21 4.07 4.77 1.00 0.04 0.15 
803770 2.21 4.07 4.77 1.00 0.04 0.16 
803811 2.21 4.07 4.77 1.00 0.04 0.15 
803851 2.21 4.07 4.77 1.00 0.04 0.16 
803892 2.21 4.07 4.77 1.00 0.04 0.16 
803933 2.21 4.08 4.77 1.00 0.04 0.15 
803973 2.21 4.07 4.77 1.00 0.04 0.15 
804014 2.21 4.07 4.77 1.00 0.04 0.15 
804054 2.21 4.07 4.77 1.00 0.04 0.15 
804094 2.21 4.07 4.77 1.00 0.04 0.15 
804135 2.21 4.08 4.77 1.00 0.04 0.15 
804175 2.21 4.07 4.77 1.00 0.04 0.15 
804541 2.21 4.07 4.77 1.00 0.04 0.16 
804581 2.21 4.07 4.77 1.00 0.04 0.16 
804622 2.21 4.07 4.77 1.00 0.04 0.16 
804663 2.21 4.08 4.77 1.00 0.04 0.16 
804703 2.21 4.07 4.77 1.00 0.04 0.15 
804744 2.21 4.07 4.77 1.00 0.04 0.16 
804784 2.21 4.07 4.77 0.99 0.04 0.15 
804825 2.21 4.07 4.77 1.00 0.04 0.15 
804866 2.21 4.07 4.77 1.00 0.04 0.16 
804905 2.21 4.08 4.77 0.99 0.04 0.16 
804946 2.22 4.07 4.77 0.99 0.04 0.16 
804986 2.21 4.07 4.77 1.00 0.04 0.15 
805027 2.22 4.07 4.77 1.00 0.04 0.15 
805352 2.22 4.07 4.77 1.00 0.04 0.16 
805393 2.21 4.08 4.77 1.00 0.04 0.15 
805433 2.22 4.07 4.77 1.00 0.04 0.15 
805474 2.21 4.07 4.77 1.00 0.04 0.15 
805514 2.22 4.07 4.77 0.99 0.04 0.16 
805555 2.22 4.07 4.77 0.99 0.04 0.16 
805596 2.22 4.07 4.77 1.00 0.04 0.16 
805636 2.22 4.07 4.77 1.00 0.04 0.15 
805677 2.22 4.07 4.77 0.99 0.04 0.16 
805716 2.22 4.07 4.77 1.00 0.04 0.15 
805757 2.22 4.07 4.77 1.00 0.04 0.15 
805798 2.22 4.07 4.77 1.00 0.04 0.15 
805838 2.22 4.07 4.77 1.00 0.04 0.16 
806204 2.22 4.07 4.77 1.00 0.04 0.16 
806244 2.22 4.07 4.77 1.00 0.04 0.15 
806285 2.22 4.07 4.77 1.00 0.04 0.16 
806326 2.22 4.07 4.77 1.00 0.04 0.16 
806366 2.22 4.08 4.77 1.00 0.04 0.15 
806407 2.22 4.07 4.77 1.00 0.04 0.16 
806447 2.22 4.07 4.77 1.00 0.04 0.16 
806488 2.22 4.07 4.77 1.00 0.04 0.16 
806529 2.22 4.07 4.77 1.00 0.04 0.16 
806568 2.22 4.07 4.77 0.99 0.04 0.16 
806609 2.22 4.07 4.77 1.00 0.04 0.16 
806649 2.22 4.07 4.77 1.00 0.04 0.15 
806690 2.22 4.07 4.77 1.00 0.05 0.16 
807015 2.22 4.07 4.77 1.00 0.04 0.16 
807056 2.22 4.07 4.77 1.00 0.04 0.15 
807096 2.22 4.07 4.77 1.00 0.04 0.16 
807137 2.22 4.07 4.77 1.00 0.04 0.16 
807177 2.22 4.07 4.77 1.00 0.04 0.16 
807218 2.22 4.07 4.77 1.00 0.04 0.16 
807259 2.22 4.07 4.77 1.00 0.04 0.16 
807299 2.22 4.07 4.77 1.00 0.04 0.15 
807340 2.22 4.07 4.77 1.00 0.04 0.16 
807379 2.22 4.07 4.77 1.00 0.04 0.16 
807420 2.22 4.07 4.77 1.00 0.04 0.16 
807461 2.22 4.07 4.77 1.00 0.04 0.16 
807501 2.22 4.07 4.77 1.00 0.04 0.16 
807867 2.22 4.07 4.77 1.00 0.04 0.15 
807907 2.22 4.07 4.77 1.00 0.04 0.15 
807948 2.22 4.07 4.77 1.00 0.04 0.15 
807989 2.22 4.07 4.77 1.00 0.04 0.15 
808029 2.22 4.07 4.77 1.00 0.04 0.15 
808070 2.22 4.07 4.77 0.99 0.04 0.15 
808110 2.22 4.07 4.77 1.00 0.04 0.16 
808151 2.22 4.07 4.77 1.00 0.04 0.16 
808192 2.22 4.07 4.77 1.00 0.04 0.16 
808231 2.22 4.07 4.77 1.00 0.04 0.16 
808272 2.22 4.08 4.77 1.00 0.05 0.16 
808312 2.22 4.07 4.77 1.00 0.04 0.16 
808678 2.22 4.07 4.77 1.00 0.04 0.16 
808719 2.22 4.07 4.77 1.00 0.04 0.16 
808759 2.22 4.07 4.77 1.00 0.04 0.15 
808800 2.22 4.07 4.77 1.00 0.04 0.15 
808840 2.22 4.07 4.77 1.00 0.04 0.16 
808881 2.22 4.07 4.77 1.00 0.04 0.16 
808922 2.22 4.07 4.77 1.00 0.04 0.16 
808962 2.22 4.07 4.77 1.00 0.04 0.15 
809003 2.22 4.07 4.77 1.00 0.04 0.16 
809042 2.22 4.07 4.77 1.00 0.04 0.16 
809083 2.22 4.07 4.77 1.00 0.04 0.16 
809124 2.22 4.07 4.77 1.00 0.04 0.16 
809164 2.22 4.07 4.77 1.00 0.04 0.15 
809489 2.22 4.07 4.77 1.00 0.04 0.16 
809530 2.22 4.07 4.77 1.00 0.04 0.16 
809570 2.22 4.07 4.77 1.00 0.04 0.16 
809611 2.22 4.07 4.77 1.00 0.04 0.15 
809652 2.22 4.07 4.77 1.00 0.04 0.16 
809692 2.22 4.07 4.77 1.00 0.04 0.16 
809733 2.22 4.07 4.77 1.00 0.04 0.15 
809773 2.22 4.07 4.77 1.00 0.04 0.17 
809814 2.22 4.07 4.77 1.00 0.04 0.16 
809854 2.22 4.07 4.77 1.00 0.04 0.15 
809894 2.22 4.07 4.77 1.00 0.04 0.16 
809935 2.22 4.07 4.77 1.00 0.04 0.15 
809975 2.22 4.07 4.77 1.00 0.04 0.16 
810341 2.22 4.07 4.77 1.00 0.04 0.16 
810382 2.22 4.08 4.77 1.00 0.04 0.16 
810422 2.22 4.07 4.77 1.00 0.04 0.16 
810463 2.22 4.07 4.77 1.00 0.04 0.15 
810503 2.22 4.07 4.77 1.00 0.04 0.16 
810544 2.22 4.07 4.77 1.00 0.04 0.16 
810585 2.22 4.07 4.77 1.00 0.04 0.16 
810625 2.22 4.07 4.77 1.00 0.04 0.15 
810665 2.22 4.08 4.77 1.00 0.04 0.15 
810705 2.22 4.07 4.77 1.00 0.04 0.16 
810746 2.22 4.08 4.77 1.00 0.04 0.15 
810787 2.22 4.07 4.77 1.00 0.04 0.15 
810827 2.22 4.07 4.77 1.00 0.04 0.15 
811152 2.22 4.07 4.77 1.00 0.04 0.16 
811193 2.22 4.07 4.77 1.00 0.04 0.15 
811233 2.22 4.07 4.77 1.00 0.04 0.16 
811274 2.22 4.07 4.77 1.00 0.04 0.16 
811315 2.22 4.07 4.77 1.00 0.04 0.15 
811355 2.22 4.07 4.77 1.00 0.04 0.15 
811396 2.22 4.07 4.77 1.00 0.04 0.16 
811436 2.22 4.07 4.77 1.00 0.04 0.16 
811476 2.22 4.07 4.77 1.00 0.04 0.16 
811517 2.22 4.07 4.77 1.00 0.04 0.15 
811557 2.22 4.07 4.77 1.00 0.04 0.16 
811598 2.22 4.07 4.77 1.00 0.04 0.15 
811638 2.22 4.07 4.77 1.00 0.05 0.15 
811963 2.22 4.07 4.77 1.00 0.04 0.15 
812004 2.22 4.07 4.77 1.00 0.04 0.16 
812044 2.22 4.07 4.77 1.00 0.04 0.15 
812085 2.22 4.07 4.77 0.99 0.04 0.15 
812126 2.22 4.07 4.77 1.00 0.04 0.15 
812166 2.22 4.07 4.77 1.00 0.04 0.15 
812207 2.22 4.07 4.77 1.00 0.04 0.16 
812248 2.22 4.07 4.77 0.99 0.04 0.16 
812288 2.22 4.07 4.77 1.00 0.04 0.15 
812328 2.22 4.07 4.77 1.00 0.04 0.16 
812368 2.22 4.07 4.77 1.00 0.04 0.16 
812409 2.22 4.07 4.77 1.00 0.04 0.16 
812450 2.22 4.07 4.77 1.00 0.04 0.16 
812815 2.22 4.07 4.77 1.00 0.04 0.15 
812856 2.22 4.07 4.77 1.00 0.04 0.15 
812896 2.22 4.07 4.77 1.00 0.04 0.16 
812937 2.22 4.07 4.77 1.00 0.04 0.16 
812978 2.22 4.07 4.77 0.99 0.04 0.16 
813018 2.22 4.07 4.77 0.99 0.04 0.16 
813059 2.22 4.07 4.77 1.00 0.04 0.16 
813099 2.22 4.08 4.77 1.00 0.04 0.16 
813139 2.22 4.07 4.77 1.00 0.04 0.16 
813180 2.22 4.07 4.77 1.00 0.04 0.16 
813220 2.22 4.07 4.77 1.00 0.05 0.16 
813261 2.22 4.07 4.77 1.00 0.04 0.16 
813301 2.22 4.07 4.77 1.00 0.04 0.16 
813626 2.22 4.07 4.77 1.00 0.04 0.15 
813667 2.22 4.08 4.77 1.00 0.04 0.17 
813707 2.22 4.08 4.77 1.00 0.04 0.16 
813748 2.22 4.07 4.77 1.00 0.04 0.15 
813789 2.22 4.07 4.77 1.00 0.04 0.16 
813829 2.22 4.07 4.77 1.00 0.03 0.15 
813870 2.22 4.07 4.77 1.00 0.04 0.15 
813911 2.22 4.07 4.77 1.00 0.04 0.16 
813950 2.22 4.07 4.77 1.00 0.04 0.16 
813991 2.22 4.07 4.77 1.00 0.04 0.16 
814031 2.22 4.07 4.77 1.00 0.04 0.16 
814072 2.22 4.07 4.77 1.00 0.04 0.16 
814113 2.22 4.07 4.77 1.00 0.04 0.15 
814478 2.22 4.07 4.77 1.00 0.04 0.16 
814519 2.22 4.07 4.77 1.00 0.04 0.16 
814559 2.22 4.07 4.77 1.00 0.04 0.15 
814600 2.22 4.07 4.77 1.00 0.04 0.15 
814640 2.22 4.07 4.77 1.00 0.04 0.15 
814681 2.22 4.07 4.77 1.00 0.04 0.15 
814722 2.22 4.07 4.77 1.00 0.04 0.16 
814761 2.22 4.07 4.77 1.00 0.04 0.16 
814802 2.22 4.07 4.77 1.00 0.04 0.16 
814843 2.22 4.07 4.77 1.00 0.04 0.16 
814883 2.22 4.07 4.77 1.00 0.04 0.16 
814924 2.22 4.07 4.77 1.00 0.04 0.16 
815289 2.22 4.07 4.77 1.00 0.04 0.16 
815330 2.22 4.07 4.77 1.00 0.04 0.16 
815370 2.22 4.07 4.77 1.00 0.04 0.16 
815411 2.22 4.07 4.77 1.00 0.04 0.15 
815452 2.22 4.07 4.77 1.00 0.04 0.16 
815492 2.22 4.07 4.77 1.00 0.04 0.15 
815533 2.22 4.07 4.77 1.00 0.04 0.15 
815574 2.22 4.07 4.77 0.99 0.04 0.16 
815613 2.22 4.07 4.77 1.00 0.04 0.16 
815654 2.22 4.07 4.77 1.00 0.04 0.15 
815694 2.22 4.07 4.77 1.00 0.04 0.16 
815735 2.22 4.07 4.77 1.00 0.04 0.15 
815776 2.22 4.08 4.77 1.00 0.04 0.15 
816100 2.22 4.07 4.77 1.00 0.04 0.15 
816141 2.22 4.07 4.77 1.00 0.04 0.16 
816182 2.22 4.07 4.77 1.00 0.04 0.15 
816222 2.22 4.07 4.77 1.00 0.04 0.15 
816263 2.22 4.07 4.77 1.00 0.04 0.15 
816303 2.22 4.07 4.77 1.00 0.04 0.16 
816344 2.22 4.07 4.77 1.00 0.04 0.15 
816385 2.22 4.07 4.77 1.00 0.04 0.15 
816424 2.22 4.07 4.77 1.00 0.04 0.15 
816465 2.22 4.07 4.77 1.00 0.04 0.15 
816506 2.22 4.07 4.77 1.00 0.04 0.16 
816546 2.22 4.07 4.77 1.00 0.04 0.15 
816587 2.22 4.07 4.77 1.00 0.04 0.16 
816952 2.22 4.07 4.77 1.00 0.04 0.15 
816993 2.22 4.07 4.77 1.00 0.04 0.15 
817033 2.22 4.07 4.77 1.00 0.04 0.16 
817074 2.22 4.07 4.77 1.00 0.04 0.15 
817115 2.22 4.07 4.77 1.00 0.04 0.15 
817155 2.22 4.07 4.77 1.00 0.04 0.15 
817196 2.22 4.07 4.77 1.00 0.04 0.15 
817235 2.22 4.07 4.77 1.00 0.04 0.15 
817276 2.22 4.07 4.77 1.00 0.04 0.16 
817317 2.22 4.07 4.77 1.00 0.04 0.15 
817357 2.22 4.07 4.77 1.00 0.04 0.16 
817398 2.22 4.07 4.77 0.99 0.04 0.16 
817439 2.22 4.07 4.77 1.00 0.04 0.15 
817763 2.22 4.07 4.77 1.00 0.04 0.15 
817804 2.22 4.07 4.77 1.00 0.04 0.16 
817845 2.22 4.07 4.77 1.00 0.04 0.16 
817885 2.22 4.07 4.77 1.00 0.04 0.16 
817926 2.22 4.07 4.77 1.00 0.04 0.15 
817966 2.22 4.07 4.77 1.00 0.04 0.16 
818007 2.22 4.07 4.77 1.00 0.04 0.16 
818048 2.22 4.08 4.77 1.00 0.04 0.14 
818087 2.22 4.07 4.77 1.00 0.04 0.16 
818128 2.22 4.07 4.77 1.00 0.04 0.16 
818169 2.22 4.07 4.77 1.00 0.04 0.15 
818209 2.22 4.07 4.77 1.00 0.04 0.15 
818250 2.22 4.07 4.77 1.00 0.05 0.15 
818615 2.22 4.07 4.77 1.00 0.04 0.15 
818656 2.22 4.07 4.77 1.00 0.04 0.16 
818696 2.22 4.07 4.77 1.00 0.04 0.15 
818737 2.22 4.07 4.77 1.00 0.04 0.16 
818778 2.22 4.07 4.77 1.00 0.04 0.15 
818818 2.22 4.07 4.77 1.00 0.04 0.16 
818859 2.22 4.07 4.77 1.00 0.04 0.15 
818898 2.22 4.07 4.77 1.00 0.04 0.15 
818939 2.22 4.07 4.77 1.00 0.04 0.15 
818980 2.22 4.07 4.77 1.15 0.30 -0.08 
819021 2.22 4.07 4.77 0.50 0.26 -0.68 
819063 2.22 4.07 4.77 0.69 0.41 -0.41 
819439 2.22 4.08 4.77 0.59 0.34 -0.89 
819480 2.22 4.08 4.77 -0.00 0.29 -0.48 
819523 2.22 4.07 4.77 0.25 0.05 -0.60 
819564 2.22 4.07 4.77 0.14 -0.01 -0.55 
819607 2.22 4.07 4.77 0.09 0.08 -0.55 
819649 2.22 4.08 4.77 0.01 0.14 -0.61 
819690 2.22 4.07 4.77 0.05 0.01 -0.74 
819732 2.22 4.07 4.77 0.14 0.04 -0.83 
819774 2.22 4.07 4.77 -0.04 0.35 -0.74 
819816 2.22 4.07 4.77 0.13 0.23 -0.71 
819858 2.23 4.07 4.77 0.15 0.16 -0.77 
819900 2.22 4.07 4.77 0.19 0.42 -0.56 
820233 2.23 4.07 4.77 -0.06 0.58 -0.47 
820276 2.23 4.07 4.77 0.23 0.41 -0.24 
820318 2.23 4.07 4.77 0.31 0.42 -0.54 
820359 2.22 4.07 4.77 0.35 0.77 -0.23 
820401 2.23 4.07 4.77 0.54 1.10 -1.06 
820443 2.22 4.07 4.77 0.47 1.01 -0.74 
820484 2.23 4.07 4.77 0.27 0.51 0.16 
820525 2.23 4.07 4.77 0.66 0.35 -0.14 
820566 2.23 4.07 4.77 0.80 1.01 -0.20 
820608 2.23 4.07 4.77 0.88 0.66 -0.54 
820649 2.23 4.07 4.77 0.60 0.77 -0.59 
820690 2.23 4.07 4.77 0.81 0.46 -0.15 
820732 2.23 4.07 4.77 0.72 0.70 -0.62 
821065 2.23 4.07 4.77 0.35 0.45 -0.46 
821107 2.23 4.07 4.77 0.36 0.52 -0.58 
821148 2.23 4.07 4.77 0.48 0.50 -0.66 
821190 2.22 4.07 4.77 0.47 0.94 -0.66 
821232 2.23 4.07 4.77 0.43 0.77 -0.59 
821273 2.23 4.07 4.77 0.41 0.86 -0.33 
821315 2.23 4.07 4.77 0.39 0.46 -0.23 
821356 2.23 4.07 4.77 0.45 0.80 -0.26 
821398 2.23 4.07 4.77 0.42 0.91 -0.33 
821440 2.23 4.07 4.77 0.48 0.82 -0.18 
821481 2.23 4.07 4.77 0.44 0.82 -0.19 
821523 2.23 4.07 4.77 0.70 0.87 -0.46 
821565 2.23 4.07 4.77 0.62 0.98 -0.28 
821898 2.23 4.07 4.77 0.45 0.54 -0.37 
821939 2.23 4.07 4.77 0.51 0.71 -0.49 
821981 2.23 4.07 4.77 0.43 0.76 -0.42 
822022 2.23 4.07 4.77 0.30 0.76 -0.36 
822064 2.23 4.07 4.77 0.41 0.66 -0.48 
822106 2.23 4.07 4.77 0.48 0.64 -0.61 
822147 2.23 4.07 4.77 0.25 1.02 -0.65 
822189 2.23 4.07 4.77 0.43 0.75 -0.64 
822231 2.23 4.07 4.77 0.32 0.71 -0.67 
822272 2.23 4.07 4.77 0.31 0.66 -0.88 
822313 2.23 4.07 4.77 0.47 0.76 -0.99 
822354 2.23 4.07 4.77 0.37 0.51 -0.62 
822396 2.23 4.07 4.77 0.23 0.46 -0.61 
822729 2.23 4.07 4.77 0.20 0.43 -0.44 
822771 2.23 4.07 4.77 0.38 0.53 -0.15 
822812 2.23 4.07 4.77 0.22 0.84 -0.51 
822854 2.23 4.07 4.77 0.57 0.79 -0.31 
822896 2.23 4.07 4.77 0.48 0.62 -0.24 
822937 2.23 4.07 4.77 0.70 1.15 -0.06 
822979 2.23 4.07 4.77 0.72 0.77 -0.26 
823020 2.23 4.07 4.77 0.65 1.27 -0.09 
823062 2.23 4.07 4.77 0.75 0.73 -0.21 
823104 2.23 4.07 4.77 0.55 0.88 -0.03 
823145 2.23 4.07 4.77 0.55 0.96 -0.29 
823187 2.23 4.07 4.77 0.52 0.91 -0.43 
823229 2.23 4.07 4.77 0.24 0.74 -0.57 
823561 2.23 4.07 4.77 0.19 0.74 -0.61 
823603 2.23 4.07 4.77 0.15 0.76 -0.68 
823645 2.23 4.07 4.77 0.17 0.74 -0.54 
823686 2.23 4.07 4.77 0.11 0.73 -0.60 
823728 2.23 4.07 4.77 0.17 0.79 -0.59 
823770 2.23 4.07 4.77 0.07 0.82 -0.64 
823811 2.23 4.07 4.77 0.06 0.78 -0.53 
823853 2.23 4.07 4.77 0.15 0.75 -0.74 
823894 2.23 4.07 4.77 0.17 0.77 -0.60 
823936 2.23 4.07 4.77 0.28 0.66 -0.57 
823977 2.23 4.07 4.77 0.27 0.71 -0.43 
824018 2.23 4.07 4.77 0.19 0.64 -0.38 
824392 2.23 4.07 4.77 0.77 0.79 -0.33 
824434 2.23 4.07 4.77 0.61 0.77 0.28 
824474 2.23 4.07 4.77 0.71 0.76 0.20 
824515 2.23 4.07 4.77 0.79 0.73 0.00 
824555 2.23 4.07 4.77 0.69 0.70 0.27 
824596 2.23 4.07 4.77 0.82 0.68 0.26 
824637 2.23 4.07 4.77 0.74 0.76 0.37 
824677 2.23 4.07 4.77 0.77 0.83 0.03 
824718 2.23 4.07 4.77 0.62 0.79 0.41 
824759 2.23 4.07 4.77 0.79 0.58 0.41 
824799 2.23 4.07 4.77 0.42 0.69 -0.01 
824841 2.23 4.07 4.77 0.31 0.92 0.01 
824881 2.23 4.07 4.77 0.37 0.98 0.07 
825205 2.23 4.07 4.77 0.44 0.88 0.28 
825246 2.23 4.07 4.77 0.40 0.67 0.36 
825286 2.23 4.07 4.77 0.26 0.85 0.51 
825327 2.23 4.07 4.77 0.35 0.97 0.15 
825368 2.23 4.07 4.77 0.42 0.71 0.29 
825408 2.23 4.07 4.77 0.34 0.68 0.38 
825449 2.23 4.07 4.77 0.36 1.01 0.49 
825489 2.23 4.07 4.77 0.26 1.04 0.30 
825530 2.23 4.07 4.77 0.52 0.93 0.03 
825571 2.23 4.07 4.77 0.30 1.14 -0.08 
825612 2.23 4.07 4.77 0.38 1.08 0.51 
825653 2.23 4.07 4.77 0.45 0.92 0.04 
825694 2.23 4.07 4.77 0.10 1.05 0.10 
826019 2.23 4.07 4.77 -0.02 0.90 0.32 
826061 2.23 4.07 4.77 0.01 0.93 0.41 
826102 2.23 4.07 4.77 0.05 1.00 0.57 
826142 2.23 4.07 4.77 0.04 0.93 0.41 
826183 2.23 4.07 4.77 0.25 0.93 0.52 
826223 2.23 4.07 4.77 -0.04 0.71 0.58 
826265 2.23 4.07 4.77 -0.09 0.84 0.54 
826307 2.23 4.07 4.77 0.05 0.80 0.27 
826347 2.23 4.07 4.77 -0.07 0.91 0.44 
826389 2.23 4.07 4.77 0.11 0.71 0.42 
826430 2.23 4.07 4.77 0.03 0.79 0.52 
826470 2.23 4.07 4.77 -0.10 0.95 0.55 
826512 2.23 4.07 4.77 -0.03 0.86 0.54 
826884 2.23 4.07 4.77 -0.06 0.89 0.55 
826926 2.23 4.07 4.77 0.31 0.92 0.47 
826967 2.23 4.07 4.77 -0.26 1.15 0.22 
827008 2.23 4.07 4.77 -0.04 0.91 0.50 
827049 2.23 4.07 4.77 0.05 0.97 0.57 
827090 2.23 4.07 4.77 0.12 0.92 0.27 
827130 2.23 4.07 4.77 -0.09 0.98 0.50 
827172 2.23 4.07 4.77 -0.10 1.00 0.40 
827213 2.23 4.07 4.77 0.24 0.85 0.40 
827254 2.23 4.07 4.77 0.16 1.12 0.36 
827295 2.23 4.07 4.77 0.09 1.01 0.57 
827335 2.23 4.07 4.77 -0.14 0.86 0.37 
827703 2.23 4.07 4.77 0.15 0.88 0.20 
827743 2.23 4.07 4.77 0.36 1.07 0.34 
827784 2.23 4.07 4.77 0.19 0.90 0.48 
827825 2.23 4.07 4.77 0.13 1.20 0.35 
827865 2.23 4.07 4.77 0.18 0.92 0.20 
827906 2.23 4.07 4.77 0.17 1.07 0.52 
827945 2.23 4.07 4.77 0.36 0.95 0.48 
827986 2.23 4.07 4.77 0.28 1.02 0.68 
828027 2.23 4.07 4.77 0.09 0.91 0.27 
828067 2.23 4.07 4.77 0.23 0.99 0.31 
828108 2.23 4.07 4.77 0.18 0.95 0.26 
828148 2.23 4.07 4.77 0.20 1.03 0.43 
828189 2.23 4.07 4.77 0.19 0.92 0.42 
828514 2.23 4.07 4.77 0.12 1.04 0.26 
828555 2.23 4.07 4.77 0.16 0.90 0.42 
828595 2.23 4.07 4.77 0.09 0.96 0.27 
828636 2.23 4.07 4.77 0.10 0.99 0.27 
828676 2.23 4.07 4.77 0.08 0.95 0.34 
828717 2.23 4.07 4.77 0.13 0.93 0.13 
828758 2.23 4.07 4.77 0.09 0.93 0.39 
828797 2.23 4.07 4.77 -0.01 0.89 0.38 
828839 2.23 4.07 4.77 0.04 0.89 0.46 
828879 2.23 4.07 4.77 0.09 0.80 0.29 
828920 2.23 4.07 4.77 -0.05 1.04 0.52 
828962 2.23 4.07 4.77 0.13 1.07 0.33 
829002 2.23 4.07 4.77 0.09 1.18 0.37 
829330 2.23 4.07 4.77 0.03 0.96 0.49 
829371 2.23 4.07 4.77 0.07 0.94 0.28 
829411 2.23 4.07 4.77 0.02 1.00 0.42 
829452 2.23 4.07 4.77 0.03 0.97 0.41 
829493 2.23 4.07 4.77 -0.04 0.99 0.45 
829534 2.23 4.07 4.77 -0.01 0.99 0.44 
829576 2.23 4.07 4.77 0.01 0.94 0.45 
829616 2.23 4.07 4.77 0.03 0.98 0.33 
829657 2.23 4.07 4.77 -0.03 0.94 0.52 
829699 2.23 4.07 4.77 -0.01 0.88 0.36 
829740 2.23 4.07 4.77 0.05 1.02 0.34 
829780 2.23 4.07 4.77 0.02 1.01 0.32 
829821 2.23 4.07 4.77 0.03 0.98 0.36 
830190 2.23 4.07 4.77 0.01 0.91 0.34 
830231 2.23 4.07 4.77 0.09 0.85 0.22 
830271 2.23 4.07 4.77 -0.00 1.04 0.17 
830313 2.23 4.07 4.77 0.05 1.10 0.34 
830354 2.23 4.07 4.77 0.20 1.00 0.32 
830394 2.23 4.07 4.77 0.19 1.01 0.27 
830435 2.23 4.07 4.77 0.12 1.02 0.20 
830475 2.23 4.07 4.77 0.17 1.01 0.29 
830516 2.23 4.07 4.77 0.18 0.91 0.41 
830557 2.23 4.07 4.77 0.28 0.86 0.32 
830597 2.23 4.07 4.77 0.23 0.91 0.40 
830638 2.23 4.07 4.77 0.32 0.81 0.30 
831002 2.23 4.07 4.77 0.38 0.80 0.73 
831043 2.23 4.07 4.77 0.54 0.58 0.66 
831084 2.23 4.07 4.77 0.28 0.80 0.63 
831124 2.23 4.07 4.77 0.32 0.91 0.44 
831165 2.23 4.07 4.77 0.32 0.77 0.40 
831205 2.23 4.07 4.77 0.22 0.59 0.71 
831246 2.23 4.07 4.77 0.04 0.71 0.58 
831287 2.23 4.07 4.77 0.12 0.85 0.52 
831327 2.23 4.07 4.77 0.28 1.08 0.64 
831368 2.23 4.07 4.77 0.36 0.91 0.46 
831408 2.23 4.07 4.77 0.12 0.84 0.62 
831449 2.23 4.07 4.77 0.20 0.99 0.06 
831490 2.23 4.07 4.77 0.33 0.82 0.42 
831814 2.23 4.07 4.77 0.27 0.81 0.53 
831854 2.23 4.07 4.77 0.11 1.11 0.13 
831895 2.23 4.07 4.77 0.14 1.07 -0.05 
831936 2.23 4.07 4.77 0.14 0.98 0.30 
831977 2.23 4.07 4.77 0.18 0.72 0.21 
832018 2.23 4.07 4.77 -0.07 0.94 0.04 
832059 2.23 4.07 4.77 -0.01 1.12 0.07 
832101 2.23 4.07 4.77 0.12 1.16 0.05 
832141 2.23 4.07 4.77 0.19 1.02 0.12 
832182 2.23 4.07 4.77 0.08 1.23 0.09 
832223 2.23 4.07 4.77 0.16 1.01 0.10 
832263 2.23 4.07 4.77 -0.05 0.97 -0.03 
832306 2.23 4.07 4.77 -0.08 0.97 0.11 
832634 2.23 4.07 4.77 0.35 0.94 0.23 
832674 2.23 4.07 4.77 0.06 0.90 0.50 
832715 2.23 4.07 4.77 0.23 1.16 0.45 
832756 2.23 4.07 4.77 -0.19 0.56 0.54 
832797 2.23 4.07 4.77 -0.19 0.81 0.15 
832839 2.23 4.07 4.77 -0.19 1.14 0.51 
832881 2.23 4.07 4.77 -0.13 0.90 0.41 
832922 2.23 4.07 4.77 -0.09 0.77 0.31 
832964 2.23 4.07 4.77 -0.18 0.98 0.36 
833005 2.23 4.07 4.77 -0.22 0.98 0.39 
833047 2.23 4.07 4.77 -0.13 0.90 0.46 
833089 2.23 4.07 4.77 -0.14 0.90 0.43 
833130 2.23 4.07 4.77 -0.13 0.87 0.43 
833463 2.23 4.07 4.77 0.05 1.01 0.48 
833504 2.23 4.07 4.77 0.02 0.89 0.48 
833545 2.23 4.07 4.77 -0.13 0.94 0.46 
833586 2.23 4.07 4.77 -0.23 0.96 0.48 
833628 2.23 4.07 4.77 -0.16 0.90 0.44 
833669 2.23 4.07 4.77 -0.15 0.88 0.41 
833711 2.23 4.07 4.77 -0.19 0.90 0.44 
833753 2.23 4.07 4.77 -0.25 0.82 0.60 
833794 2.23 4.07 4.77 -0.34 1.04 0.64 
833836 2.23 4.07 4.77 -0.22 0.86 0.42 
833878 2.23 4.07 4.77 -0.12 0.92 0.46 
833918 2.23 4.07 4.77 -0.15 0.88 0.46 
833960 2.23 4.07 4.77 -0.10 0.79 0.49 
834294 2.23 4.07 4.77 -0.17 0.91 0.50 
834335 2.23 4.08 4.77 -0.14 0.93 0.42 
834377 2.23 4.07 4.77 -0.16 0.94 0.45 
834419 2.23 4.07 4.77 -0.12 0.95 0.48 
834460 2.23 4.07 4.77 -0.11 0.88 0.49 
834502 2.23 4.07 4.77 -0.16 0.84 0.38 
834543 2.23 4.07 4.77 -0.20 0.95 0.35 
834585 2.23 4.07 4.77 -0.15 0.97 0.27 
834627 2.23 4.07 4.77 -0.09 0.96 0.08 
834668 2.23 4.07 4.77 -0.24 0.99 0.42 
834710 2.23 4.07 4.77 -0.03 0.80 0.23 
834752 2.23 4.07 4.77 -0.00 0.30 0.42 
834793 2.23 4.07 4.77 -0.18 0.93 -0.02 
835128 2.23 4.07 4.77 0.55 0.96 0.32 
835169 2.24 4.07 4.77 0.84 0.95 0.26 
835209 2.23 4.08 4.77 0.78 0.89 0.37 
835250 2.23 4.08 4.77 0.77 0.77 0.06 
835291 2.24 4.07 4.77 0.63 0.76 0.17 
835331 2.23 4.07 4.77 0.66 0.80 0.25 
835372 2.23 4.07 4.77 0.84 0.99 -0.10 
835414 2.24 4.07 4.77 0.86 1.18 0.29 
835453 2.24 4.07 4.77 0.94 0.72 0.36 
835494 2.24 4.07 4.77 0.93 0.38 0.28 
835534 2.24 4.07 4.77 0.35 0.97 0.21 
835575 2.24 4.07 4.77 0.41 0.73 -0.35 
835617 2.23 4.07 4.77 0.67 0.98 -0.43 
835951 2.24 4.07 4.77 -0.12 0.65 -0.11 
835993 2.24 4.07 4.77 -0.16 0.85 -0.24 
836036 2.24 4.07 4.77 -0.11 1.03 -0.55 
836079 2.24 4.07 4.77 -0.32 0.92 -0.00 
836121 2.24 4.07 4.77 -0.43 0.98 0.06 
836163 2.24 4.07 4.77 -0.55 0.94 0.01 
836204 2.24 4.08 4.77 -0.75 1.08 0.06 
836246 2.24 4.08 4.77 -0.68 0.88 0.10 
836288 2.24 4.08 4.77 -0.44 0.74 0.26 
836329 2.24 4.08 4.77 -0.40 0.81 -0.09 
836372 2.24 4.08 4.77 -0.60 0.93 0.02 
836414 2.24 4.08 4.77 -0.55 0.72 0.28 
836455 2.24 4.08 4.77 -0.46 0.46 0.16 
836788 2.24 4.07 4.77 -0.42 0.90 0.77 
836830 2.24 4.07 4.77 -0.57 1.18 0.67 
836871 2.24 4.08 4.77 -0.47 0.88 0.01 
836913 2.24 4.07 4.77 -0.31 1.00 0.14 
836955 2.24 4.07 4.77 -0.03 1.32 0.21 
836996 2.24 4.07 4.77 0.31 1.19 0.24 
837037 2.24 4.07 4.77 0.47 0.86 0.45 
837078 2.24 4.07 4.77 0.60 0.71 0.68 
837117 2.24 4.08 4.77 0.54 0.86 0.61 
837158 2.24 4.07 4.77 0.22 0.78 0.58 
837198 2.24 4.07 4.77 0.28 0.40 0.43 
837239 2.24 4.07 4.77 0.37 0.19 0.66 
837280 2.24 4.07 4.77 0.55 0.19 0.78 
837610 2.24 4.07 4.77 0.53 0.33 0.50 
837650 2.24 4.07 4.77 0.53 0.43 0.50 
837691 2.24 4.07 4.77 0.22 0.59 0.33 
837731 2.24 4.08 4.77 0.31 0.79 0.65 
837772 2.24 4.08 4.77 0.73 0.57 1.22 
837813 2.24 4.07 4.77 0.89 0.87 1.06 
837853 2.24 4.07 4.77 0.89 0.90 0.97 
837894 2.24 4.07 4.77 0.95 0.58 1.05 
837934 2.24 4.07 4.77 0.67 0.46 1.05 
837975 2.24 4.07 4.77 0.88 0.69 0.62 
838016 2.24 4.07 4.77 0.86 1.13 0.42 
838055 2.24 4.07 4.77 0.76 1.00 0.39 
838096 2.24 4.07 4.77 0.62 0.84 0.43 
838421 2.24 4.07 4.77 0.49 0.78 0.40 
838461 2.24 4.07 4.77 0.53 0.93 0.43 
838502 2.24 4.07 4.77 0.74 0.88 0.54 
838543 2.24 4.08 4.77 0.82 0.85 0.32 
838583 2.24 4.07 4.77 0.80 1.10 0.06 
838624 2.24 4.08 4.77 0.75 1.07 0.28 
838664 2.24 4.07 4.77 0.72 0.79 0.23 
838705 2.24 4.07 4.77 0.52 0.81 0.25 
838746 2.24 4.07 4.77 0.49 0.59 0.29 
838786 2.24 4.07 4.77 0.33 0.51 0.35 
838827 2.24 4.07 4.77 0.27 0.59 0.35 
838867 2.24 4.07 4.77 0.34 0.65 0.49 
838907 2.24 4.07 4.77 0.39 0.77 0.53 
839274 2.24 4.07 4.77 0.53 0.87 0.37 
839314 2.24 4.07 4.77 0.39 0.70 0.12 
839355 2.24 4.07 4.77 0.19 0.60 0.04 
839395 2.24 4.07 4.77 -0.33 0.64 0.08 
839437 2.24 4.07 4.77 -0.18 0.69 -0.63 
839480 2.24 4.07 4.77 0.49 1.15 -0.26 
839521 2.24 4.07 4.77 1.01 0.83 0.84 
839562 2.24 4.07 4.77 0.69 1.06 0.42 
839602 2.24 4.07 4.77 0.57 1.32 0.12 
839643 2.24 4.07 4.77 0.76 0.99 -0.11 
839685 2.24 4.07 4.77 0.57 1.29 -0.30 
839726 2.24 4.07 4.77 0.63 1.12 -0.41 
840095 2.24 4.07 4.77 0.34 1.21 -0.25 
840137 2.24 4.07 4.77 0.31 1.14 -0.14 
840178 2.24 4.07 4.77 0.26 1.01 -0.17 
840220 2.24 4.07 4.77 0.22 1.32 -0.53 
840261 2.24 4.07 4.77 0.01 0.90 -0.25 
840303 2.24 4.07 4.77 -0.01 0.61 -0.20 
840346 2.24 4.07 4.77 0.05 0.90 0.00 
840386 2.24 4.07 4.77 0.19 0.79 -0.01 
840428 2.24 4.07 4.77 0.21 0.76 0.14 
840469 2.24 4.07 4.77 0.21 0.80 0.12 
840509 2.24 4.07 4.77 0.26 0.80 0.20 
840550 2.24 4.07 4.77 0.22 0.98 0.17 
840590 2.24 4.07 4.77 0.32 0.91 0.05 
840922 2.24 4.07 4.77 -0.07 0.71 -0.42 
840965 2.24 4.07 4.77 0.02 0.54 -0.26 
841007 2.24 4.07 4.77 -0.06 0.62 -0.40 
841049 2.24 4.07 4.77 -0.14 0.87 -0.60 
841092 2.24 4.07 4.77 -0.18 0.79 -0.66 
841135 2.24 4.07 4.77 -0.24 0.72 -0.73 
841177 2.24 4.07 4.77 -0.34 0.74 -0.55 
841220 2.24 4.07 4.77 -0.48 0.63 -0.34 
841262 2.24 4.07 4.77 -0.41 0.96 -1.01 
841305 2.24 4.07 4.77 -0.19 0.71 -0.63 
841348 2.24 4.07 4.77 -0.22 0.90 -0.61 
841390 2.24 4.07 4.77 -0.18 0.80 -0.70 
841767 2.24 4.07 4.77 -0.03 1.15 0.39 
841809 2.24 4.07 4.77 0.13 1.11 0.22 
841849 2.24 4.07 4.77 -0.01 1.15 0.20 
841891 2.24 4.07 4.77 -0.30 0.46 1.42 
841933 2.24 4.07 4.77 -0.18 1.00 -0.05 
841975 2.24 4.07 4.77 0.08 0.89 0.18 
842016 2.24 4.07 4.77 -0.11 0.65 0.70 
842057 2.24 4.07 4.77 -0.09 0.32 0.68 
842099 2.24 4.07 4.77 -0.10 0.83 0.42 
842141 2.24 4.07 4.77 -0.11 0.88 0.89 
842182 2.24 4.07 4.77 -0.01 0.88 0.78 
842224 2.24 4.07 4.77 -0.06 0.97 0.63 
842556 2.24 4.07 4.77 0.06 0.69 0.44 
842597 2.24 4.07 4.77 -0.04 0.46 0.42 
842638 2.24 4.07 4.77 -0.09 0.75 0.55 
842680 2.24 4.07 4.77 -0.26 0.79 0.71 
842721 2.24 4.07 4.77 -0.12 0.85 0.63 
842763 2.24 4.07 4.77 -0.20 1.08 1.12 
842805 2.24 4.07 4.77 0.00 0.90 0.63 
842845 2.24 4.07 4.77 0.11 1.22 0.36 
842886 2.24 4.07 4.77 -0.01 1.23 0.52 
842928 2.24 4.07 4.77 -0.07 1.13 0.38 
842969 2.24 4.07 4.77 -0.19 1.08 0.15 
843011 2.24 4.07 4.77 -0.23 0.83 0.18 
843052 2.24 4.07 4.77 -0.19 0.81 0.21 
843380 2.24 4.07 4.77 0.02 0.81 0.74 
843421 2.24 4.07 4.77 -0.11 0.89 0.43 
843463 2.24 4.07 4.77 -0.19 1.00 0.36 
843504 2.24 4.07 4.77 -0.22 1.08 0.51 
843546 2.24 4.07 4.77 -0.25 1.05 0.35 
843587 2.24 4.07 4.77 -0.20 1.24 0.14 
843629 2.24 4.07 4.77 -0.10 0.82 0.09 
843671 2.24 4.07 4.77 -0.02 0.70 0.23 
843712 2.24 4.07 4.77 0.12 0.69 0.81 
843753 2.24 4.07 4.77 0.15 0.55 1.18 
843793 2.24 4.07 4.77 0.00 0.69 1.00 
843834 2.24 4.07 4.77 -0.03 1.01 0.81 
843876 2.24 4.07 4.77 -0.02 1.00 0.76 
844242 2.24 4.07 4.77 -0.02 0.60 0.96 
844284 2.24 4.07 4.77 -0.04 0.66 0.73 
844325 2.24 4.07 4.77 -0.05 0.64 0.86 
844367 2.24 4.07 4.77 -0.12 0.79 0.50 
844409 2.24 4.07 4.77 -0.09 0.92 0.56 
844450 2.24 4.07 4.77 -0.08 1.14 0.62 
844492 2.24 4.07 4.77 0.01 0.97 0.67 
844533 2.24 4.07 4.77 0.09 0.83 0.64 
844573 2.24 4.07 4.77 0.35 1.02 0.88 
844614 2.24 4.07 4.77 0.37 1.31 1.01 
844654 2.24 4.07 4.77 0.30 1.04 0.39 
844695 2.24 4.07 4.77 0.26 1.09 0.25 
845061 2.24 4.07 4.77 0.38 0.93 0.60 
845101 2.24 4.07 4.77 0.22 0.80 0.65 
845142 2.24 4.07 4.77 0.33 0.98 0.73 
845181 2.24 4.07 4.77 0.24 0.81 0.64 
845222 2.24 4.07 4.77 0.09 0.73 0.62 
845263 2.24 4.07 4.77 0.06 0.81 0.80 
845303 2.24 4.07 4.77 0.03 0.71 0.55 
845344 22.24 4.07 4.77 0.12 0.95 0.40 
845466 2.24 4.07 4.77 0.11 0.79 0.47 
845506 2.24 4.07 4.77 0.08 0.97 0.30 
845547 2.24 4.07 4.77 0.05 1.00 0.24 
845872 2.24 4.07 4.77 0.51 0.44 0.53 
845912 2.24 4.07 4.77 0.33 0.42 0.34 
845953 2.24 4.07 4.77 0.31 0.59 0.36 
845993 2.24 4.07 4.77 0.26 0.51 0.47 
846033 2.24 4.07 4.77 0.27 0.15 0.51 
846074 2.24 4.07 4.77 0.25 1.35 0.12 
846114 2.24 4.07 4.77 0.31 1.53 0.48 
846155 2.24 4.07 4.77 0.36 1.47 0.66 
846196 2.24 4.07 4.77 0.29 1.52 0.48 
846236 2.24 4.07 4.77 0.20 0.90 0.51 
846277 2.24 4.07 4.77 -0.12 0.36 0.24 
846318 2.24 4.07 4.77 -0.04 -0.04 0.21 
846361 2.24 4.07 4.77 0.12 1.59 0.20 
846727 2.24 4.07 4.77 0.75 0.30 0.24 
846767 2.24 4.07 4.77 0.72 1.01 0.06 
846808 2.24 4.07 4.77 0.71 1.09 0.47 
846848 2.24 4.07 4.77 0.33 0.84 0.53 
846888 2.24 4.07 4.77 0.38 1.05 0.48 
846929 2.24 4.07 4.77 0.34 1.13 0.57 
846969 2.24 4.07 4.77 0.25 1.04 0.61 
847010 2.24 4.07 4.77 0.16 0.90 0.71 
847050 2.24 4.07 4.77 0.10 0.86 0.63 
847091 2.24 4.07 4.77 0.08 0.81 0.64 
847132 2.24 4.07 4.77 0.13 0.67 0.59 
847172 2.24 4.07 4.77 0.15 0.59 0.36 
847538 2.24 4.07 4.77 0.12 0.55 0.49 
847578 2.24 4.07 4.77 0.25 0.27 0.06 
847619 2.24 4.07 4.77 -0.13 0.70 0.51 
847661 2.24 4.07 4.77 -0.07 0.67 0.68 
847702 2.24 4.07 4.77 -0.05 0.65 0.73 
847744 2.24 4.07 4.77 0.11 0.89 0.92 
847783 2.24 4.07 4.77 0.16 1.00 1.07 
847824 2.24 4.07 4.77 0.21 0.82 0.87 
847865 2.24 4.07 4.77 0.36 0.70 0.62 
847905 2.24 4.07 4.77 0.53 0.66 0.51 
847946 2.24 4.07 4.77 0.51 0.80 0.50 
847986 2.24 4.07 4.77 0.42 0.96 0.48 
848027 2.24 4.07 4.77 0.40 0.87 0.74 
848352 2.24 4.07 4.77 0.08 1.04 0.50 
848393 2.24 4.07 4.77 0.13 1.09 0.41 
848433 2.24 4.07 4.77 0.17 0.92 0.45 
848474 2.24 4.07 4.77 0.16 0.96 0.32 
848514 2.24 4.07 4.77 0.24 0.81 0.33 
848555 2.24 4.07 4.77 0.34 1.03 0.49 
848595 2.24 4.07 4.77 0.38 1.06 0.40 
848635 2.24 4.07 4.77 0.35 0.97 0.46 
848676 2.24 4.07 4.77 0.29 0.86 0.52 
848716 2.24 4.07 4.77 0.31 0.79 0.51 
848757 2.24 4.07 4.77 0.27 0.74 0.64 
848798 2.24 4.07 4.77 0.31 0.81 0.80 
848838 2.24 4.07 4.77 0.39 0.96 0.74 
849204 2.24 4.07 4.77 0.33 0.69 0.54 
849244 2.24 4.07 4.77 0.28 0.63 0.61 
849285 2.24 4.07 4.77 0.30 0.76 0.68 
849326 2.24 4.07 4.77 0.30 0.97 0.76 
849366 2.24 4.07 4.77 0.30 1.00 0.74 
849406 2.24 4.07 4.77 0.28 0.96 0.68 
849446 2.24 4.07 4.77 0.25 0.95 0.69 
849487 2.24 4.07 4.77 0.23 0.97 0.58 
849528 2.24 4.07 4.77 0.22 0.96 0.47 
849568 2.24 4.07 4.77 0.19 0.99 0.40 
849609 2.24 4.07 4.77 0.18 0.94 0.41 
849649 2.24 4.07 4.77 0.33 1.17 0.48 
850015 2.24 4.07 4.77 0.52 0.82 0.51 
850056 2.24 4.07 4.77 0.60 0.70 0.51 
850096 2.24 4.07 4.77 0.66 0.61 0.49 
850137 2.24 4.07 4.77 0.63 0.69 0.83 
850177 2.24 4.07 4.77 0.53 0.65 0.43 
850217 2.24 4.07 4.77 0.52 0.96 0.44 
850258 2.24 4.07 4.77 0.44 0.82 0.58 
850298 2.24 4.07 4.77 0.31 0.70 0.63 
850339 2.24 4.07 4.77 0.29 0.71 0.68 
850379 2.25 4.07 4.77 0.26 0.69 0.68 
850420 2.24 4.07 4.77 0.25 0.71 0.68 
850461 2.24 4.07 4.77 0.27 0.83 0.76 
850501 2.24 4.07 4.77 0.31 0.89 0.71 
850826 2.24 4.07 4.77 0.40 0.94 0.42 
850867 2.25 4.07 4.77 0.36 0.84 0.49 
850907 2.24 4.07 4.77 0.35 0.75 0.50 
850948 2.25 4.07 4.77 0.30 0.71 0.57 
850989 2.25 4.07 4.77 0.32 0.67 0.53 
851028 2.25 4.07 4.77 0.36 0.69 0.52 
851069 2.24 4.07 4.77 0.34 0.81 0.56 
851109 2.25 4.07 4.77 0.35 0.73 0.55 
851150 2.25 4.07 4.77 0.48 0.77 0.67 
851191 2.25 4.07 4.77 0.62 0.72 0.53 
851231 2.25 4.07 4.77 0.69 0.92 0.57 
851272 2.25 4.07 4.77 0.44 0.80 0.50 
851312 2.25 4.07 4.77 0.32 0.72 0.43 
851678 2.25 4.07 4.77 0.16 1.02 0.89 
851719 2.25 4.07 4.77 0.26 1.08 0.82 
851759 2.25 4.07 4.77 0.26 0.94 0.51 
851800 2.25 4.07 4.77 0.16 0.83 0.59 
851840 2.25 4.07 4.77 0.31 0.81 0.61 
851880 2.25 4.07 4.77 0.30 0.92 0.46 
851921 2.25 4.07 4.77 0.21 0.76 0.27 
851961 2.25 4.07 4.77 0.18 0.70 0.49 
852002 2.25 4.07 4.77 0.22 0.76 0.57 
852042 2.25 4.07 4.77 0.32 0.70 0.52 
852083 2.25 4.07 4.77 0.19 0.79 0.57 
852124 2.25 4.07 4.77 0.23 0.81 0.71 
852164 2.25 4.07 4.77 0.26 0.75 0.69 
852489 2.25 4.07 4.77 0.35 0.72 0.68 
852530 2.25 4.07 4.77 0.31 0.82 0.74 
852570 2.25 4.07 4.77 0.29 0.79 0.74 
852611 2.25 4.07 4.77 0.23 0.72 0.71 
852652 2.25 4.07 4.77 0.21 0.78 0.75 
852691 2.25 4.07 4.77 0.25 0.88 0.68 
852732 2.25 4.07 4.77 0.34 0.89 0.52 
852772 2.25 4.07 4.77 0.31 1.07 0.57 
852813 2.25 4.07 4.77 0.19 0.94 0.80 
852854 2.25 4.07 4.77 0.43 0.87 0.76 
852894 2.25 4.07 4.77 0.41 1.01 0.63 
852935 2.25 4.07 4.77 0.23 0.84 0.58 
852975 2.25 4.07 4.77 0.36 0.66 0.63 
853341 2.25 4.07 4.77 0.39 0.79 0.68 
853382 2.25 4.07 4.77 0.49 0.80 0.60 
853422 2.25 4.07 4.77 0.57 0.71 0.50 
853463 2.25 4.07 4.77 0.57 0.76 0.60 
853502 2.25 4.07 4.77 0.53 0.68 0.47 
853543 2.25 4.07 4.77 0.44 0.75 0.47 
853584 2.25 4.07 4.77 0.44 0.96 0.57 
853624 2.25 4.07 4.77 0.37 0.90 0.48 
853665 2.25 4.07 4.77 0.33 0.80 0.61 
853705 2.25 4.07 4.77 0.28 0.68 0.72 
853746 2.25 4.07 4.77 0.27 0.75 0.54 
853787 2.25 4.07 4.77 0.21 0.75 0.59 
854152 2.25 4.07 4.77 0.19 0.87 0.34 
854193 2.25 4.07 4.77 0.23 0.78 0.38 
854233 2.25 4.07 4.77 0.18 0.80 0.43 
854274 2.25 4.07 4.77 0.15 0.73 0.48 
854315 2.25 4.07 4.77 0.06 0.68 0.49 
854354 2.25 4.07 4.77 0.05 0.95 0.47 
854395 2.25 4.07 4.77 0.09 1.09 0.60 
854435 2.25 4.07 4.77 0.05 1.27 0.48 
854476 2.25 4.07 4.77 0.32 1.10 0.68 
854517 2.25 4.07 4.77 0.35 1.10 0.41 
854557 2.25 4.07 4.77 0.43 1.09 0.38 
854598 2.25 4.07 4.77 0.37 0.95 0.60 
854638 2.25 4.07 4.77 0.30 0.86 0.23 
854967 2.25 4.07 4.77 -0.22 1.16 0.42 
855009 2.25 4.07 4.77 -0.10 1.39 0.10 
855051 2.25 4.07 4.77 -0.11 1.51 0.14 
855092 2.25 4.07 4.77 -0.02 1.14 0.26 
855134 2.25 4.07 4.77 -0.23 0.83 0.13 
855175 2.25 4.07 4.77 -0.06 0.72 -0.09 
855218 2.25 4.07 4.77 -0.05 0.71 0.33 
855260 2.25 4.07 4.77 -0.06 0.94 0.29 
855301 2.25 4.07 4.77 -0.01 0.86 0.12 
855343 2.25 4.07 4.77 0.03 0.95 0.37 
855384 2.25 4.07 4.77 0.06 1.00 0.38 
855424 2.25 4.07 4.77 0.03 1.10 0.53 
855464 2.25 4.07 4.77 0.07 0.92 0.57 
855792 2.25 4.07 4.77 -0.02 0.80 0.19 
855833 2.25 4.07 4.77 0.13 0.69 0.32 
855874 2.25 4.07 4.77 0.24 1.24 0.47 
855915 2.25 4.07 4.77 0.18 1.58 0.19 
855955 2.25 4.07 4.77 0.32 1.36 0.31 
855996 2.25 4.07 4.77 0.28 1.21 0.48 
856036 2.25 4.07 4.77 0.27 1.02 0.46 
856077 2.25 4.07 4.77 0.18 1.03 0.59 
856118 2.25 4.07 4.77 0.23 1.19 0.39 
856158 2.25 4.07 4.77 0.12 1.16 0.32 
856199 2.25 4.07 4.77 0.07 1.03 0.36 
856239 2.25 4.07 4.77 -0.03 0.88 0.12 
856281 2.25 4.07 4.77 -0.09 0.86 0.06 
856610 2.25 4.07 4.77 0.10 0.77 0.25 
856651 2.25 4.07 4.77 0.16 0.90 0.27 
856691 2.25 4.07 4.77 0.18 1.01 0.30 
856732 2.25 4.07 4.77 0.25 0.98 0.25 
856772 2.25 4.07 4.77 0.30 1.00 0.32 
856813 2.25 4.07 4.77 0.22 1.06 0.27 
856854 2.25 4.07 4.77 0.33 1.06 0.30 
856894 2.25 4.07 4.77 0.16 1.18 0.34 
856935 2.25 4.07 4.77 0.07 1.17 0.24 
856976 2.25 4.07 4.77 0.17 0.97 0.24 
857016 2.25 4.07 4.77 0.26 0.74 0.20 
857057 2.25 4.07 4.77 0.16 0.69 0.27 
857097 2.25 4.07 4.77 -0.07 0.80 0.77 
857465 2.25 4.07 4.77 0.04 1.12 0.23 
857506 2.25 4.07 4.77 0.13 1.16 0.21 
857546 2.25 4.07 4.77 0.19 1.40 -0.08 
857588 2.25 4.07 4.77 0.12 1.49 -0.10 
857629 2.25 4.07 4.77 0.11 1.08 0.21 
857670 2.25 4.07 4.77 0.12 0.97 0.30 
857711 2.25 4.07 4.77 0.05 0.86 0.23 
857751 2.25 4.07 4.77 -0.04 0.90 0.51 
857793 2.25 4.07 4.77 -0.13 0.97 0.48 
857834 2.25 4.07 4.77 0.16 0.37 0.48 
857875 2.25 4.07 4.77 0.01 0.34 0.83 
857916 2.25 4.07 4.77 0.13 0.57 0.81 
858288 2.25 4.07 4.77 -0.13 0.89 0.26 
858330 2.25 4.07 4.77 -0.26 1.15 0.36 
858372 2.25 4.07 4.77 -0.30 1.11 0.73 
858413 2.25 4.07 4.77 -0.15 0.83 0.26 
858455 2.25 4.07 4.77 -0.16 0.93 0.54 
858496 2.25 4.07 4.77 -0.39 0.87 0.51 
858537 2.25 4.07 4.77 0.01 0.67 0.09 
858578 2.25 4.07 4.77 -0.13 0.49 0.24 
858619 2.25 4.07 4.77 -0.15 0.92 0.30 
858661 2.25 4.07 4.77 -0.38 0.92 0.20 
858702 2.25 4.07 4.77 -0.23 0.98 0.35 
858744 2.25 4.07 4.77 -0.25 1.01 0.27 
859119 2.25 4.07 4.77 -0.20 1.01 0.29 
859160 2.25 4.07 4.77 -0.54 0.82 0.42 
859202 2.25 4.07 4.77 -0.34 1.15 0.54 
859244 2.25 4.07 4.77 -0.49 0.88 0.47 
859285 2.25 4.07 4.77 -0.40 0.68 0.41 
859327 2.25 4.07 4.77 -0.52 0.74 0.19 
859368 2.25 4.07 4.77 -0.47 0.73 0.40 
859410 2.25 4.07 4.77 -0.47 0.72 0.36 
859452 2.25 4.07 4.77 -0.70 0.63 0.60 
859493 2.25 4.07 4.77 -0.68 0.80 0.17 
859535 2.25 4.07 4.77 -0.42 0.83 0.33 
859577 2.25 4.07 4.77 -0.47 0.64 0.04 
859954 2.25 4.07 4.77 -0.77 0.96 -0.13 
859997 2.25 4.07 4.77 -0.79 0.90 0.28 
860039 2.25 4.07 4.77 -0.60 0.97 0.35 
860080 2.25 4.07 4.77 -0.63 0.84 0.10 
860122 2.25 4.07 4.77 -0.59 0.73 0.06 
860163 2.25 4.07 4.77 -0.55 0.75 -0.10 
860206 2.25 4.07 4.77 -0.87 0.80 0.10 
860248 2.25 4.07 4.77 -0.42 0.72 1.21 
860289 2.25 4.07 4.77 -0.36 0.69 0.29 
860331 2.25 4.07 4.77 -0.62 0.89 0.13 
860372 2.25 4.07 4.77 -0.78 1.16 0.22 
860413 2.25 4.07 4.77 0.01 1.02 0.57 
860745 2.25 4.07 4.76 -0.66 0.26 0.52 
860787 2.25 4.07 4.77 -0.64 0.31 0.54 
860828 2.25 4.07 4.77 -0.69 0.52 0.50 
860870 2.25 4.07 4.77 -0.59 0.43 0.49 
860912 2.25 4.07 4.77 -0.44 0.31 0.69 
860953 2.25 4.07 4.77 -0.63 0.21 0.59 
860995 2.25 4.07 4.77 -0.55 0.17 0.72 
861037 2.25 4.07 4.77 -0.26 0.01 0.82 
861078 2.25 4.07 4.77 -0.34 -0.15 0.59 
861121 2.25 4.07 4.77 -0.30 -0.05 0.68 
861163 2.25 4.07 4.77 -1.00 0.06 0.28 
861205 2.25 4.07 4.77 -0.66 0.38 0.28 
861247 2.25 4.07 4.77 -0.50 0.78 -0.17 
861584 2.25 4.07 4.77 -0.40 -0.19 0.52 
861626 2.25 4.07 4.77 -0.99 0.81 0.41 
861668 2.25 4.07 4.77 -1.05 0.46 0.20 
861710 2.25 4.07 4.77 -0.87 0.31 0.40 
861751 2.25 4.07 4.77 -1.34 0.76 0.06 
861793 2.25 4.07 4.77 -1.01 0.52 0.26 
861835 2.25 4.07 4.77 -0.97 0.67 0.31 
861876 2.25 4.07 4.77 -1.02 0.70 0.24 
861918 2.25 4.07 4.77 -1.04 0.59 0.37 
861959 2.25 4.07 4.77 -1.02 0.34 0.34 
862001 2.25 4.07 4.77 -0.59 -0.02 0.75 
862044 2.25 4.07 4.77 -0.51 -0.18 0.81 
862086 2.25 4.07 4.77 -0.27 -0.20 0.96 
862423 2.25 4.07 4.77 -0.96 0.50 0.24 
862465 2.25 4.07 4.77 -1.18 0.70 0.17 
862507 2.25 4.07 4.77 -0.88 0.52 0.38 
862547 2.25 4.07 4.77 -0.94 0.67 0.18 
862589 2.25 4.07 4.77 -0.56 0.97 -0.11 
862631 2.25 4.07 4.77 -0.29 0.75 -0.12 
862674 2.25 4.07 4.77 -0.43 1.16 -0.59 
862717 2.25 4.07 4.77 -0.13 1.24 -0.26 
862759 2.25 4.07 4.77 -0.36 1.29 -0.48 
862802 2.25 4.07 4.77 0.08 0.75 -0.19 
862844 2.25 4.07 4.77 -0.04 1.05 -0.29 
862886 2.25 4.08 4.77 -0.05 0.94 -0.10 
863224 2.25 4.07 4.77 0.20 0.85 -0.40 
863265 2.25 4.07 4.77 0.32 0.61 -0.43 
863308 2.25 4.08 4.77 0.42 0.49 -0.29 
863349 2.25 4.07 4.77 0.41 0.50 -0.21 
863391 2.25 4.07 4.77 0.28 0.69 -0.20 
863432 2.25 4.07 4.77 0.28 0.71 -0.33 
863474 2.25 4.07 4.77 -0.10 1.04 -0.52 
863517 2.25 4.07 4.77 0.14 0.79 -0.60 
863558 2.25 4.07 4.77 -0.01 0.87 -0.60 
863601 2.25 4.07 4.77 -0.24 1.26 -0.29 
863644 2.25 4.07 4.77 -0.21 1.04 -0.19 
863686 2.25 4.08 4.77 0.07 0.79 -0.45 
863728 2.25 4.07 4.77 -0.44 1.38 0.06 
864063 2.25 4.08 4.77 -0.35 0.92 -0.10 
864106 2.25 4.08 4.77 -0.59 0.60 -0.19 
864148 2.25 4.08 4.77 -0.55 0.65 -0.14 
864191 2.25 4.08 4.77 -0.25 1.00 -0.29 
864234 2.25 4.08 4.77 -0.33 1.06 -0.44 
864276 2.25 4.08 4.77 -0.03 0.76 -0.24 
864319 2.25 4.08 4.77 0.13 1.09 -0.35 
864361 2.25 4.08 4.77 0.10 1.04 -0.29 
864402 2.25 4.08 4.77 0.10 0.96 -0.15 
864444 2.25 4.08 4.77 -0.10 1.03 -0.26 
864486 2.25 4.08 4.77 -0.18 0.92 -0.36 
864529 2.25 4.08 4.77 -0.34 1.04 -0.48 
864909 2.25 4.07 4.77 -0.38 1.09 -0.13 
864951 2.25 4.07 4.77 -0.56 0.76 -0.01 
864994 2.25 4.07 4.77 -0.77 1.08 -0.10 
865037 2.25 4.07 4.77 -0.62 0.80 0.18 
865078 2.25 4.07 4.77 -0.48 0.98 0.20 
865120 2.25 4.07 4.77 -0.43 0.89 0.23 
865162 2.25 4.07 4.77 -0.37 0.81 0.15 
865203 2.25 4.07 4.77 -0.45 0.86 0.03 
865245 2.25 4.07 4.77 -0.38 0.78 0.20 
865286 2.25 4.07 4.77 -0.32 0.98 0.13 
865328 2.25 4.07 4.77 -0.53 0.93 0.20 
865370 2.25 4.07 4.77 -0.32 1.00 0.19 
865743 2.26 4.07 4.77 -0.60 0.94 0.31 
865785 2.25 4.07 4.77 -0.61 0.92 0.29 
865827 2.25 4.07 4.77 -0.26 0.85 0.20 
865868 2.25 4.07 4.77 -0.36 0.81 0.01 
865910 2.25 4.07 4.77 -0.29 0.70 -0.30 
865952 2.25 4.07 4.77 -0.37 0.60 -0.35 
865995 2.26 4.07 4.77 -0.37 0.69 -0.10 
866038 2.25 4.07 4.77 -0.23 0.88 0.20 
866079 2.26 4.07 4.77 -0.52 0.75 0.18 
866121 2.25 4.07 4.77 -0.67 0.92 0.17 
866163 2.26 4.07 4.77 -0.65 1.03 -0.06 
866205 2.25 4.07 4.77 -0.94 1.17 0.18 
866540 2.26 4.07 4.77 -0.40 0.88 0.04 
866582 2.26 4.07 4.77 -0.26 0.92 0.13 
866624 2.26 4.07 4.77 -0.38 0.93 0.12 
866665 2.26 4.07 4.77 -0.16 0.76 0.16 
866707 2.26 4.07 4.77 -0.37 0.89 0.01 
866748 2.26 4.07 4.77 -0.40 0.99 -0.02 
866791 2.26 4.07 4.77 -0.12 0.95 0.08 
866833 2.26 4.07 4.77 -0.03 1.23 -0.06 
866875 2.26 4.07 4.77 -0.16 0.75 0.24 
866917 2.26 4.07 4.77 -0.51 0.60 0.25 
866959 2.26 4.07 4.77 -0.09 1.33 -0.17 
867001 2.26 4.07 4.77 0.03 1.03 -0.23 
867043 2.26 4.07 4.77 -0.04 1.07 0.12 
867372 2.26 4.07 4.77 0.04 1.03 0.06 
867411 2.26 4.07 4.77 0.12 1.14 -0.06 
867453 2.26 4.07 4.77 0.06 1.03 0.05 
867494 2.26 4.07 4.77 -0.27 0.84 0.24 
867535 2.26 4.07 4.77 -0.50 0.91 0.28 
867577 2.26 4.07 4.77 -0.64 1.09 0.16 
867618 2.26 4.07 4.77 -0.44 1.15 0.01 
867660 2.26 4.07 4.77 -0.05 0.98 0.18 
867702 2.26 4.07 4.77 0.26 0.82 0.37 
867742 2.26 4.07 4.77 -0.17 0.98 0.17 
867784 2.26 4.07 4.77 0.04 0.81 0.55 
867825 2.26 4.07 4.77 -0.51 0.90 0.17 
867866 2.26 4.07 4.77 -0.01 0.99 0.28 
868197 2.26 4.07 4.77 -0.06 0.91 0.32 
868239 2.26 4.07 4.77 -0.33 0.90 0.33 
868280 2.26 4.07 4.77 -0.48 0.83 0.23 
868322 2.26 4.07 4.77 -0.11 1.09 0.09 
868364 2.26 4.07 4.77 -0.06 1.33 -0.07 
868406 2.26 4.07 4.77 0.04 1.06 -0.03 
868448 2.26 4.07 4.77 -0.53 0.77 -0.08 
868491 2.26 4.07 4.77 -0.68 0.83 0.07 
868532 2.26 4.07 4.77 -0.78 1.04 -0.30 
868575 2.26 4.07 4.77 -0.39 1.04 -0.36 
868617 2.26 4.07 4.77 0.02 0.90 -0.32 
868659 2.26 4.07 4.77 -0.08 1.00 -0.44 
868702 2.26 4.07 4.77 -0.19 0.74 -0.02 
869041 2.26 4.07 4.77 -0.02 1.04 -0.64 
869083 2.26 4.07 4.77 -0.38 1.23 -0.06 
869126 2.26 4.07 4.77 -0.09 0.99 -0.35 
869169 2.26 4.07 4.77 0.13 0.70 -0.32 
869210 2.26 4.08 4.77 0.06 1.12 -0.10 
869252 2.26 4.07 4.77 0.02 0.93 -0.25 
869294 2.26 4.07 4.77 0.20 1.10 -0.31 
869335 2.26 4.07 4.77 0.11 0.99 -0.26 
869377 2.26 4.07 4.77 0.25 1.04 -0.28 
869417 2.26 4.07 4.77 0.01 1.14 -0.05 
869459 2.26 4.07 4.77 -0.21 1.23 -0.45 
869502 2.26 4.07 4.77 0.16 1.34 -0.11 
869873 2.26 4.06 4.77 -0.06 0.91 0.30 
869915 2.26 4.06 4.77 -0.22 0.95 0.17 
869957 2.26 4.07 4.77 -0.17 0.90 0.34 
869998 2.26 4.06 4.77 -0.22 0.83 0.47 
870040 2.26 4.06 4.77 -0.21 1.04 0.53 
870081 2.26 4.07 4.77 -0.23 0.92 0.53 
870123 2.26 4.07 4.77 -0.15 0.88 0.63 
870165 2.26 4.06 4.77 -0.24 0.81 0.55 
870206 2.26 4.06 4.77 -0.23 0.62 0.75 
870248 2.26 4.06 4.77 -0.28 0.61 0.68 
870290 2.26 4.06 4.77 -0.36 0.63 0.58 
870331 2.26 4.06 4.77 -0.46 0.37 0.71 
870665 2.26 4.06 4.77 -1.29 -0.42 -0.04 
870709 2.26 4.06 4.77 -1.71 -0.68 -0.42 
870753 2.26 4.06 4.77 -2.10 -0.93 -0.91 
870796 2.26 4.06 4.77 -2.89 -1.06 -1.61 
870840 2.26 4.06 4.77 -3.30 -1.41 -1.97 
870884 2.26 4.06 4.77 -3.90 -2.22 -3.51 
870927 2.26 4.07 4.77 -6.64 -2.41 -6.34 
870971 2.26 4.07 4.77 -0.22 0.65 0.25 
871012 2.26 4.07 4.77 -0.06 0.75 0.20 
871054 2.26 4.07 4.77 0.07 0.44 -0.10 
871096 2.26 4.07 4.77 0.02 0.46 0.27 
871136 2.26 4.07 4.77 -0.21 0.66 0.25 
871178 2.26 4.07 4.77 0.37 1.00 1.32 
871507 2.26 4.07 4.77 -0.42 2.73 0.36 
871549 2.26 4.07 4.77 1.16 2.21 0.71 
871589 2.26 4.07 4.77 0.61 2.22 0.24 
871630 2.26 4.07 4.77 0.14 2.40 0.76 
871670 2.26 4.07 4.77 0.64 1.86 0.74 
871711 2.26 4.07 4.77 0.28 2.25 0.26 
871752 2.26 4.07 4.77 0.38 2.19 0.10 
871792 2.26 4.07 4.77 0.58 2.16 0.49 
871833 2.26 4.07 4.77 0.36 2.71 0.40 
871873 2.26 4.07 4.77 0.67 1.95 0.25 
871914 2.26 4.07 4.77 0.25 2.27 0.43 
871955 2.26 4.07 4.77 0.06 1.85 0.20 
871995 2.26 4.07 4.77 0.23 1.47 0.26 
872320 2.26 4.07 4.77 0.05 0.48 0.17 
872360 2.26 4.07 4.77 0.17 0.45 0.29 
872400 2.26 4.07 4.77 0.11 0.43 0.11 
872441 2.26 4.07 4.77 0.10 0.46 0.10 
872482 2.26 4.07 4.77 0.10 0.49 0.12 
872522 2.26 4.07 4.77 0.12 0.54 0.17 
872563 2.26 4.07 4.77 0.13 0.57 0.20 
872603 2.26 4.07 4.77 0.16 0.63 0.20 
872644 2.26 4.07 4.77 0.19 0.75 0.21 
872685 2.26 4.07 4.77 0.21 0.93 0.20 
872725 2.26 4.07 4.77 0.23 1.12 0.21 
872766 2.26 4.07 4.77 0.30 1.38 0.27 
872806 2.26 4.07 4.77 0.39 1.63 0.30 
873171 2.26 4.07 4.77 0.62 1.63 0.40 
873211 2.26 4.07 4.77 0.32 1.81 0.46 
873252 2.26 4.07 4.77 0.08 1.63 0.14 
873293 2.26 4.07 4.77 0.26 1.20 0.13 
873333 2.26 4.07 4.77 0.38 1.04 0.23 
873374 2.26 4.07 4.77 0.23 1.01 0.23 
873415 2.26 4.07 4.77 0.11 1.01 0.19 
873455 2.26 4.07 4.77 0.10 0.88 0.15 
873496 2.26 4.07 4.77 0.16 0.78 0.16 
873536 2.26 4.07 4.77 0.16 0.76 0.17 
873577 2.26 4.07 4.77 0.15 0.72 0.16 
873618 2.26 4.07 4.77 0.14 0.77 0.17 
873658 2.26 4.07 4.77 0.15 0.73 0.20 
873984 2.26 4.07 4.77 0.11 1.74 0.38 
874024 2.26 4.07 4.77 8.04 7.46 -6.20 
874065 2.26 4.07 4.77 1.26 0.64 -0.99 
874107 2.26 4.08 4.77 1.09 0.41 -0.92 
874148 2.26 4.08 4.77 0.29 0.25 -0.75 
874190 2.26 4.08 4.77 0.18 0.65 -0.26 
874232 2.26 4.07 4.77 1.03 0.56 -1.38 
874273 2.26 4.06 4.77 -1.99 -2.22 8.83 
874316 2.26 4.07 4.77 3.60 0.60 -6.18 
874358 2.26 4.07 4.77 0.52 -0.13 0.42 
874399 2.26 4.07 4.77 0.50 0.98 1.28 
874440 2.26 4.07 4.77 0.28 -0.84 -3.63 
874483 2.26 4.07 4.77 0.10 0.69 -1.23 
874819 2.26 4.07 4.77 0.75 0.33 -0.69 
874860 2.26 4.07 4.77 0.21 0.68 -0.87 
874902 2.26 4.07 4.77 0.53 0.12 -0.77 
874943 2.26 4.07 4.77 0.29 0.15 -0.90 
874985 2.26 4.07 4.77 0.40 0.20 -0.90 
875027 2.26 4.07 4.77 0.63 0.26 -0.76 
875068 2.26 4.07 4.77 0.70 0.29 -0.48 
875110 2.26 4.07 4.77 0.87 0.25 -0.54 
875152 2.26 4.07 4.77 1.89 -0.52 -1.68 
875194 2.27 4.07 4.77 1.42 -0.43 -0.12 
875237 2.27 4.07 4.77 0.78 -0.07 -0.35 
875279 2.26 4.08 4.77 1.67 -0.54 0.38 
875655 2.27 4.07 4.77 0.81 -0.06 -0.23 
875698 2.27 4.07 4.76 1.02 -0.02 -0.15 
875740 2.27 4.07 4.77 1.21 -0.03 0.19 
875782 2.27 4.07 4.77 0.91 -0.08 0.09 
875824 2.27 4.07 4.77 1.00 -0.09 0.12 
875865 2.27 4.07 4.76 1.05 -0.06 0.08 
875907 2.27 4.08 4.77 0.92 -0.05 -0.04 
875950 2.27 4.07 4.77 0.99 -0.05 -0.04 
875992 2.27 4.07 4.77 1.05 -0.06 0.05 
876034 2.27 4.07 4.77 1.03 -0.07 0.05 
876075 2.27 4.07 4.77 1.01 -0.06 -0.01 
876118 2.27 4.07 4.77 1.00 -0.06 -0.01 
876452 2.27 4.08 4.77 1.00 -0.06 0.01 
876494 2.27 4.07 4.77 1.00 -0.07 0.01 
876535 2.27 4.08 4.77 1.00 -0.07 0.01 
876577 2.27 4.08 4.77 1.00 -0.06 0.01 
876619 2.27 4.07 4.77 1.00 -0.07 0.01 
876660 2.27 4.08 4.77 1.00 -0.06 0.01 
876702 2.27 4.07 4.77 1.00 -0.06 0.01 
876743 2.27 4.07 4.77 1.00 -0.06 0.00 
876785 2.27 4.07 4.77 1.00 -0.06 0.00 
876827 2.27 4.08 4.77 1.00 -0.06 0.01 
876868 2.27 4.08 4.77 1.00 -0.07 0.00 
876910 2.27 4.07 4.77 1.00 -0.07 0.01 
876952 2.27 4.07 4.77 1.00 -0.06 0.01 
877285 2.27 4.08 4.77 1.00 -0.07 0.01 
877326 2.27 4.07 4.77 1.00 -0.06 0.01 
877368 2.27 4.07 4.77 1.00 -0.06 0.01 
877410 2.27 4.07 4.77 1.00 -0.07 -0.00 
877452 2.27 4.07 4.77 1.00 -0.06 0.01 
877494 2.27 4.07 4.77 1.00 -0.06 0.01 
877535 2.27 4.07 4.77 1.00 -0.06 0.00 
877577 2.27 4.07 4.77 1.00 -0.06 0.01 
877619 2.27 4.07 4.77 1.00 -0.06 0.01 
877660 2.27 4.07 4.77 1.00 -0.06 0.01 
877702 2.27 4.07 4.77 1.00 -0.06 0.01 
877744 2.27 4.07 4.77 1.00 -0.06 0.01 
877785 2.27 4.08 4.77 1.00 -0.06 0.01 
878117 2.27 4.07 4.77 1.00 -0.06 0.01 
878159 2.27 4.07 4.77 1.00 -0.06 0.00 
878200 2.27 4.07 4.77 1.00 -0.06 0.00 
878242 2.27 4.08 4.77 1.00 -0.07 0.01 
878284 2.27 4.07 4.77 1.00 -0.06 0.00 
878325 2.27 4.07 4.77 1.00 -0.06 0.00 
878367 2.27 4.07 4.77 1.00 -0.07 0.00 
878409 2.27 4.07 4.77 1.00 -0.06 0.02 
878450 2.27 4.08 4.77 1.00 -0.06 0.00 
878492 2.27 4.07 4.77 1.00 -0.06 0.00 
878533 2.27 4.08 4.77 1.00 -0.06 0.01 
878575 2.27 4.07 4.77 1.00 -0.06 0.00 
878617 2.27 4.07 4.77 1.00 -0.06 0.00 
878950 2.27 4.07 4.77 1.00 -0.06 0.01 
878991 2.27 4.07 4.77 1.00 -0.06 0.01 
879033 2.27 4.08 4.77 1.00 -0.06 0.00 
879075 2.27 4.07 4.77 1.00 -0.06 0.01 
879116 2.27 4.08 4.77 1.00 -0.07 0.01 
879158 2.27 4.07 4.77 1.00 -0.07 0.00 
879199 2.27 4.07 4.77 1.00 -0.06 0.01 
879241 2.27 4.07 4.77 1.00 -0.06 0.01 
879283 2.27 4.07 4.77 1.00 -0.07 0.00 
879324 2.27 4.08 4.77 1.00 -0.06 0.01 
879366 2.27 4.08 4.77 1.00 -0.06 0.01 
879408 2.27 4.07 4.77 1.00 -0.06 0.00 
879449 2.27 4.08 4.77 1.00 -0.06 0.01 
879781 2.27 4.07 4.77 1.00 -0.06 0.01 
879823 2.27 4.08 4.77 1.00 -0.07 0.00 
879864 2.27 4.07 4.77 1.00 -0.06 0.00 
879906 2.27 4.07 4.77 1.00 -0.07 0.00 
879948 2.27 4.07 4.77 1.00 -0.06 0.00 
879989 2.27 4.07 4.77 1.00 -0.06 0.01 
880031 2.27 4.07 4.77 1.00 -0.06 0.01 
880073 2.27 4.07 4.77 1.00 -0.06 0.00 
880114 2.27 4.07 4.77 1.00 -0.06 0.01 
880156 2.27 4.07 4.77 1.00 -0.07 0.01 
880197 2.27 4.08 4.77 1.00 -0.06 0.01 
880239 2.27 4.07 4.77 1.00 -0.06 0.01 
880614 2.27 4.07 4.77 1.00 -0.06 0.01 
880655 2.27 4.08 4.77 1.00 -0.06 0.00 
880697 2.27 4.08 4.77 1.00 -0.06 0.01 
880739 2.27 4.07 4.77 1.00 -0.07 0.01 
880780 2.27 4.07 4.77 1.00 -0.06 0.01 
880822 2.27 4.07 4.77 1.00 -0.07 0.01 
880863 2.27 4.08 4.77 1.00 -0.06 0.00 
880905 2.27 4.08 4.77 1.00 -0.06 0.01 
880947 2.27 4.08 4.77 1.00 -0.06 0.00 
880988 2.27 4.07 4.77 1.00 -0.06 0.01 
881030 2.27 4.07 4.77 1.00 -0.06 0.01 
881072 2.27 4.08 4.77 1.00 -0.07 0.00 
881445 2.27 4.07 4.77 1.00 -0.06 0.01 
881487 2.27 4.07 4.77 1.00 -0.06 0.01 
881528 2.27 4.08 4.77 1.00 -0.06 0.01 
881570 2.27 4.07 4.77 1.00 -0.06 0.01 
881612 2.27 4.07 4.77 1.00 -0.06 0.00 
881653 2.27 4.08 4.77 1.00 -0.07 0.01 
881695 2.27 4.07 4.77 1.00 -0.06 0.01 
881737 2.27 4.08 4.77 1.00 -0.06 0.01 
881778 2.27 4.07 4.77 1.00 -0.07 0.01 
881820 2.27 4.07 4.77 1.00 -0.06 0.00 
881861 2.27 4.07 4.77 1.00 -0.07 0.01 
881903 2.27 4.08 4.77 1.00 -0.06 0.01 
882278 2.27 4.07 4.77 1.00 -0.07 0.00 
882319 2.27 4.07 4.77 1.00 -0.06 0.00 
882361 2.27 4.07 4.77 1.00 -0.06 0.01 
882403 2.27 4.07 4.77 1.00 -0.07 0.01 
882444 2.27 4.07 4.77 1.00 -0.06 0.01 
882486 2.27 4.07 4.77 1.00 -0.07 0.01 
882527 2.27 4.07 4.77 1.00 -0.07 0.01 
882569 2.27 4.07 4.77 1.00 -0.06 0.00 
882611 2.27 4.07 4.77 1.00 -0.06 0.01 
882652 2.27 4.07 4.77 1.00 -0.06 0.01 
882694 2.27 4.07 4.77 1.00 -0.06 0.00 
882736 2.27 4.07 4.77 1.00 -0.07 0.00 
883069 2.27 4.07 4.77 1.00 -0.06 0.01 
883110 2.27 4.07 4.77 1.00 -0.06 0.00 
883152 2.27 4.07 4.77 1.00 -0.06 0.01 
883193 2.27 4.07 4.77 1.00 -0.06 0.01 
883235 2.27 4.08 4.77 1.00 -0.07 0.01 
883277 2.27 4.07 4.77 1.00 -0.06 0.01 
883318 2.27 4.07 4.77 1.00 -0.06 0.00 
883360 2.27 4.08 4.77 1.00 -0.07 0.00 
883402 2.27 4.07 4.77 1.00 -0.06 0.00 
883443 2.27 4.08 4.77 1.00 -0.06 0.01 
883485 2.27 4.07 4.77 1.00 -0.06 0.00 
883526 2.27 4.08 4.77 1.00 -0.06 0.00 
883568 2.27 4.07 4.77 1.00 -0.06 0.00 
883901 2.27 4.07 4.77 1.00 -0.07 0.01 
883943 2.27 4.07 4.77 1.00 -0.06 0.01 
883984 2.27 4.07 4.77 1.00 -0.06 0.01 
884026 2.27 4.08 4.77 1.00 -0.06 0.00 
884068 2.27 4.07 4.77 1.00 -0.06 0.00 
884109 2.27 4.08 4.77 1.00 -0.06 0.01 
884151 2.27 4.07 4.77 1.00 -0.06 0.01 
884192 2.27 4.07 4.77 1.00 -0.06 0.01 
884234 2.27 4.07 4.77 1.00 -0.06 0.01 
884276 2.27 4.07 4.77 1.00 -0.06 0.01 
884317 2.27 4.07 4.77 1.00 -0.06 0.01 
884359 2.27 4.07 4.77 1.00 -0.06 0.01 
884401 2.27 4.08 4.77 1.00 -0.06 0.01 
884733 2.27 4.07 4.77 1.00 -0.06 0.01 
884774 2.27 4.08 4.77 1.00 -0.07 0.01 
884816 2.27 4.07 4.77 1.00 -0.06 0.00 
884857 2.27 4.07 4.77 1.00 -0.06 0.01 
884899 2.27 4.07 4.77 1.00 -0.06 0.01 
884941 2.27 4.07 4.77 1.00 -0.06 0.00 