662318 2.11 4.07 4.77 -0.54 0.11 0.99 
662360 2.11 4.07 4.77 -0.57 0.15 0.90 
662401 2.11 4.07 4.77 -0.70 0.08 0.95 
662443 2.11 4.07 4.77 -0.70 0.14 0.97 
662484 2.11 4.07 4.77 -0.71 0.11 1.21 
662525 2.11 4.07 4.77 -0.69 0.15 0.83 
662567 2.11 4.07 4.77 -0.73 0.06 0.94 
662608 2.11 4.07 4.77 -0.73 0.10 0.81 
662650 2.11 4.07 4.77 -0.67 0.28 0.80 
662692 2.11 4.07 4.77 -0.54 0.13 1.06 
662733 2.11 4.07 4.77 -0.65 0.14 0.92 
662775 2.11 4.07 4.77 -0.66 0.11 0.61 
662817 2.11 4.07 4.77 -0.60 0.24 0.71 
663150 2.11 4.07 4.77 -0.62 0.27 0.51 
663191 2.11 4.07 4.77 -0.62 0.47 0.34 
663233 2.11 4.07 4.77 -0.61 0.62 0.63 
663274 2.11 4.07 4.77 -0.58 0.41 0.50 
663316 2.11 4.07 4.77 -0.65 0.67 0.58 
663358 2.11 4.07 4.77 -0.58 0.54 0.60 
663399 2.11 4.07 4.77 -0.49 0.41 0.51 
663441 2.11 4.07 4.77 -0.50 0.56 0.52 
663482 2.11 4.07 4.77 -0.53 0.51 0.48 
663524 2.11 4.07 4.77 -0.51 0.32 0.56 
663566 2.11 4.07 4.77 -0.59 0.55 0.53 
663607 2.11 4.07 4.77 -0.59 0.56 0.53 
663649 2.11 4.07 4.77 -0.42 0.54 0.75 
663980 2.11 4.07 4.77 -0.07 0.86 0.80 
664022 2.11 4.07 4.77 0.08 0.80 0.91 
664061 2.11 4.07 4.77 0.19 0.82 0.55 
664102 2.11 4.07 4.77 0.17 1.01 0.61 
664142 2.11 4.07 4.77 0.13 0.94 0.76 
664183 2.11 4.07 4.77 0.19 0.86 0.63 
664224 2.11 4.07 4.77 0.28 0.97 0.74 
664264 2.11 4.07 4.77 0.18 0.95 0.71 
664305 2.11 4.07 4.77 0.22 1.04 0.55 
664345 2.11 4.07 4.77 0.23 1.04 0.56 
664386 2.11 4.07 4.77 0.28 0.34 1.28 
664427 2.11 4.07 4.77 0.23 0.88 0.44 
664467 2.11 4.07 4.77 0.29 1.00 0.46 
664792 2.11 4.07 4.77 0.13 0.86 0.15 
664833 2.11 4.07 4.77 -0.03 0.98 0.14 
664873 2.11 4.07 4.77 0.04 0.90 0.10 
664914 2.11 4.07 4.77 0.01 0.99 0.16 
664955 2.11 4.07 4.77 0.05 0.94 0.16 
664995 2.11 4.07 4.77 0.06 0.90 0.21 
665036 2.11 4.07 4.77 0.04 0.94 0.22 
665076 2.11 4.07 4.77 0.10 0.91 0.24 
665117 2.11 4.07 4.77 0.10 0.95 0.28 
665158 2.11 4.07 4.77 0.08 1.05 0.40 
665198 2.11 4.07 4.77 0.15 0.97 0.41 
665239 2.11 4.07 4.77 0.11 1.06 0.35 
665279 2.11 4.07 4.77 0.10 1.11 0.36 
665645 2.11 4.07 4.77 0.01 0.73 0.16 
665686 2.11 4.07 4.77 0.01 0.86 0.37 
665725 2.11 4.07 4.77 0.14 0.93 0.38 
665766 2.11 4.07 4.77 0.19 1.05 0.47 
665806 2.11 4.07 4.77 0.16 1.12 0.58 
665847 2.11 4.07 4.77 0.18 1.05 0.65 
665888 2.11 4.07 4.77 0.15 1.03 0.51 
665928 2.11 4.07 4.77 0.08 0.87 0.37 
665969 2.11 4.07 4.77 0.07 0.74 0.39 
666009 2.11 4.07 4.77 0.08 0.75 0.33 
666050 2.11 4.07 4.77 0.22 0.73 0.34 
666091 2.11 4.07 4.77 0.17 0.83 0.35 
666131 2.11 4.07 4.77 0.16 0.90 0.30 
666456 2.11 4.07 4.77 0.27 0.95 0.28 
666497 2.11 4.07 4.77 0.22 1.18 0.37 
666536 2.11 4.07 4.77 0.37 1.34 0.25 
666577 2.11 4.07 4.77 0.39 1.42 0.21 
666618 2.11 4.07 4.77 0.36 1.42 0.35 
666658 2.11 4.07 4.77 0.26 1.44 0.22 
666699 2.11 4.07 4.77 0.31 1.09 0.09 
666739 2.11 4.07 4.77 0.28 0.85 0.01 
666780 2.11 4.07 4.77 0.10 0.89 0.14 
666821 2.11 4.07 4.77 0.02 0.68 0.17 
666861 2.11 4.07 4.77 0.10 0.34 0.01 
666902 2.11 4.07 4.77 0.08 0.20 -0.08 
666943 2.11 4.07 4.77 0.08 0.42 0.04 
667312 2.11 4.07 4.77 0.10 0.88 0.15 
667353 2.11 4.07 4.77 0.10 0.82 0.11 
667393 2.11 4.07 4.77 0.09 0.86 0.12 
667433 2.11 4.07 4.77 0.10 0.92 0.04 
667473 2.11 4.07 4.77 0.13 0.92 0.10 
667514 2.11 4.07 4.77 0.20 1.06 0.24 
667555 2.11 4.07 4.77 0.24 1.20 -0.00 
667596 2.11 4.07 4.77 0.07 1.30 -0.04 
667638 2.11 4.07 4.77 0.16 1.08 0.09 
667679 2.11 4.07 4.77 0.20 1.05 0.02 
667719 2.11 4.07 4.77 0.09 1.09 -0.06 
667761 2.11 4.07 4.77 0.11 1.05 -0.01 
668135 2.11 4.07 4.77 -0.10 0.52 0.07 
668177 2.11 4.07 4.77 -0.07 0.73 0.14 
668219 2.11 4.07 4.77 0.68 0.41 0.14 
668259 2.11 4.07 4.77 0.04 1.08 -0.90 
668301 2.11 4.07 4.77 0.13 0.98 -0.93 
668343 2.11 4.07 4.77 0.48 0.92 -0.85 
668384 2.11 4.07 4.77 0.31 1.45 -1.19 
668426 2.11 4.07 4.77 0.56 1.29 -1.59 
668467 2.11 4.07 4.77 0.30 1.44 -1.74 
668509 2.11 4.07 4.77 0.06 1.26 -1.74 
668551 2.11 4.07 4.77 -0.14 0.99 -1.95 
668593 2.11 4.07 4.77 -0.78 1.50 -2.43 
668930 2.11 4.07 4.77 -0.05 0.21 0.17 
668972 2.11 4.07 4.77 -0.07 0.13 0.25 
669014 2.11 4.07 4.77 1.49 -0.57 2.86 
669054 2.11 4.07 4.77 0.44 6.11 1.24 
669095 2.11 4.07 4.77 0.40 1.77 -2.02 
669136 2.11 4.07 4.77 0.37 0.81 -0.05 
669178 2.11 4.07 4.77 -0.15 1.19 1.46 
669220 2.11 4.07 4.77 0.25 0.77 0.94 
669260 2.11 4.07 4.77 0.61 1.43 0.67 
669301 2.11 4.07 4.77 0.78 1.49 -0.34 
669343 2.11 4.07 4.77 0.35 1.61 -0.07 
669384 2.11 4.07 4.77 -0.39 2.36 0.83 
669426 2.11 4.07 4.77 0.10 2.07 0.35 
669753 2.11 4.07 4.77 -0.06 1.63 0.58 
669794 2.11 4.07 4.77 0.08 1.61 0.39 
669835 2.11 4.07 4.77 0.21 1.34 0.17 
669876 2.11 4.07 4.77 0.29 1.19 0.22 
669916 2.11 4.08 4.77 13.14 -1.23 -5.50 
669960 2.11 4.07 4.77 2.70 1.92 -2.00 
670001 2.11 4.07 4.77 0.82 2.00 -1.88 
670043 2.11 4.07 4.77 -0.72 1.83 -0.29 
670086 2.11 4.07 4.77 -0.05 0.98 0.51 
670127 2.11 4.07 4.77 0.53 1.13 0.95 
670168 2.11 4.07 4.77 0.94 1.16 0.05 
670209 2.11 4.07 4.77 0.26 1.72 0.21 
670248 2.11 4.07 4.77 -0.01 1.16 -0.66 
670579 2.11 4.07 4.77 0.36 0.86 -0.17 
670621 2.11 4.07 4.77 0.33 0.96 -0.26 
670662 2.11 4.07 4.77 0.15 0.93 0.05 
670703 2.11 4.07 4.77 0.25 0.99 -0.17 
670745 2.11 4.07 4.77 0.31 0.66 -0.20 
670786 2.11 4.07 4.77 0.24 0.57 -0.11 
670828 2.11 4.07 4.77 0.27 0.23 0.08 
670868 2.11 4.07 4.77 1.02 3.34 0.20 
670909 2.11 4.07 4.77 0.42 0.60 -0.61 
670951 2.11 4.08 4.77 0.83 1.12 0.42 
670991 2.11 4.07 4.77 0.17 0.96 0.11 
671032 2.11 4.07 4.77 0.28 1.07 0.25 
671073 2.11 4.07 4.77 0.15 0.96 0.37 
671438 2.11 4.07 4.77 0.42 0.98 0.17 
671479 2.11 4.07 4.77 0.26 1.00 0.21 
671519 2.11 4.07 4.77 0.26 1.03 0.19 
671560 2.11 4.07 4.77 0.28 1.06 0.23 
671600 2.11 4.07 4.77 0.25 1.03 0.15 
671641 2.11 4.07 4.77 0.73 1.22 0.42 
671682 2.11 4.07 4.77 0.26 0.93 0.26 
671722 2.11 4.07 4.77 0.34 1.13 0.37 
671763 2.11 4.07 4.77 0.37 0.86 0.35 
671804 2.11 4.07 4.77 0.27 0.85 0.35 
671844 2.11 4.07 4.77 0.43 0.89 0.44 
671885 2.11 4.07 4.77 0.51 0.95 0.25 
671925 2.11 4.07 4.77 0.25 0.99 0.08 
672249 2.11 4.07 4.77 0.17 0.85 -0.03 
672291 2.11 4.07 4.77 0.52 0.99 -0.21 
672332 2.11 4.07 4.77 0.92 1.06 0.27 
672373 2.11 4.07 4.77 0.18 0.89 0.33 
672414 2.11 4.07 4.77 0.29 1.07 0.14 
672454 2.11 4.07 4.77 0.29 0.90 0.35 
672495 2.11 4.07 4.77 0.32 0.89 0.33 
672536 2.11 4.07 4.77 0.33 0.93 0.21 
672576 2.11 4.07 4.77 0.37 0.91 0.30 
672617 2.11 4.07 4.77 0.56 0.92 0.33 
672657 2.11 4.07 4.77 0.54 0.71 0.05 
672698 2.11 4.07 4.77 0.35 0.93 0.31 
672738 2.11 4.07 4.77 0.19 0.95 0.19 
673064 2.11 4.07 4.77 0.39 0.82 0.97 
673105 2.12 4.07 4.77 0.18 1.21 -1.03 
673147 2.12 4.07 4.77 0.02 1.07 0.35 
673187 2.11 4.07 4.77 0.18 0.94 0.74 
673228 2.11 4.07 4.77 0.14 1.12 1.24 
673269 2.12 4.07 4.77 -0.47 1.67 0.68 
673310 2.11 4.07 4.77 0.08 1.35 -0.16 
673352 2.12 4.07 4.77 0.21 0.80 0.05 
673392 2.12 4.07 4.77 0.75 0.79 0.65 
673433 2.12 4.07 4.77 0.81 0.60 0.59 
673474 2.12 4.07 4.77 0.19 0.83 0.33 
673514 2.12 4.07 4.77 -0.25 1.17 0.42 
673556 2.12 4.07 4.77 -0.13 1.17 1.12 
673885 2.12 4.07 4.77 0.21 0.92 0.48 
673925 2.12 4.07 4.77 0.23 0.96 0.28 
673966 2.12 4.07 4.77 0.18 1.00 0.31 
674007 2.12 4.07 4.77 0.10 1.04 0.46 
674046 2.12 4.07 4.77 0.13 1.02 0.29 
674087 2.12 4.07 4.77 0.15 0.99 0.29 
674127 2.12 4.07 4.77 0.27 0.94 0.33 
674168 2.12 4.07 4.77 0.01 0.91 0.20 
674209 2.12 4.07 4.77 0.11 1.03 0.29 
674249 2.12 4.07 4.77 0.16 1.17 0.44 
674290 2.12 4.07 4.77 0.13 1.23 0.20 
674330 2.12 4.07 4.77 0.22 1.44 0.21 
674371 2.12 4.07 4.77 0.07 1.19 0.09 
674739 2.12 4.07 4.77 0.14 1.19 0.27 
674779 2.12 4.07 4.77 0.43 0.90 -0.16 
674821 2.12 4.07 4.77 0.34 0.94 0.34 
674861 2.12 4.07 4.77 0.40 1.15 0.35 
674902 2.12 4.07 4.77 0.12 1.11 0.18 
674942 2.12 4.07 4.77 0.36 1.03 0.13 
674982 2.12 4.07 4.77 0.07 1.43 0.05 
675023 2.12 4.07 4.77 0.30 0.76 0.05 
675064 2.12 4.07 4.77 0.41 1.28 -0.02 
675105 2.12 4.07 4.77 0.56 1.21 0.18 
675146 2.12 4.07 4.77 0.60 1.22 -0.58 
675187 2.12 4.07 4.77 0.78 1.33 -0.17 
675229 2.12 4.07 4.77 0.75 1.39 -0.31 
675555 2.12 4.07 4.77 0.21 0.86 0.24 
675595 2.12 4.07 4.77 0.19 0.94 0.19 
675636 2.12 4.07 4.77 0.07 1.15 0.16 
675677 2.12 4.07 4.77 0.07 0.68 0.03 
675717 2.12 4.07 4.77 0.02 0.60 0.01 
675758 2.12 4.07 4.77 -0.01 0.74 -0.05 
675801 2.12 4.07 4.77 -0.18 0.69 0.05 
675842 2.12 4.07 4.77 -0.37 0.48 -0.18 
675885 2.12 4.07 4.77 -0.25 0.72 -0.32 
675927 2.12 4.07 4.77 0.20 1.24 -0.05 
675969 2.12 4.07 4.77 0.17 1.12 -0.02 
676011 2.12 4.07 4.77 -0.15 0.76 -0.67 
676052 2.12 4.07 4.77 -0.43 0.98 -0.07 
676397 2.12 4.07 4.77 -0.73 -0.31 -0.21 
676440 2.12 4.07 4.77 -0.86 -0.56 -0.28 
676484 2.12 4.07 4.77 -1.01 -0.78 0.23 
676526 2.12 4.07 4.77 -0.71 -0.81 -0.20 
676570 2.12 4.07 4.77 -0.71 -1.07 -0.09 
676614 2.12 4.06 4.77 -0.47 -0.74 -0.07 
676657 2.12 4.07 4.77 -0.48 -0.78 -0.07 
676701 2.12 4.07 4.77 -0.41 -1.00 0.09 
676744 2.12 4.07 4.77 -0.46 -0.90 -0.06 
676787 2.12 4.07 4.77 -0.37 -0.83 -0.08 
676831 2.12 4.07 4.77 -0.13 -1.07 -0.33 
676875 2.12 4.06 4.77 -0.08 -0.76 -0.27 
677217 2.12 4.07 4.77 0.39 -0.76 0.32 
677259 2.12 4.07 4.77 -0.30 -0.43 0.50 
677301 2.12 4.07 4.77 0.66 -0.85 0.28 
677343 2.12 4.07 4.77 0.30 -0.53 0.90 
677384 2.12 4.07 4.77 0.05 -0.23 0.58 
677426 2.12 4.07 4.77 0.84 -0.66 0.68 
677468 2.12 4.07 4.77 0.78 -0.54 0.77 
677509 2.12 4.07 4.77 0.55 -0.63 0.37 
677551 2.12 4.07 4.77 0.64 -0.67 0.46 
677592 2.12 4.07 4.77 0.34 -0.71 0.52 
677634 2.12 4.07 4.77 0.94 -0.58 0.20 
677676 2.12 4.07 4.77 1.65 -0.66 0.60 
678051 2.12 4.07 4.77 1.26 0.39 -0.00 
678093 2.12 4.07 4.77 -0.26 0.67 -0.17 
678136 2.12 4.07 4.77 0.35 0.17 -0.01 
678177 2.12 4.07 4.77 -0.42 2.20 0.11 
678219 2.12 4.07 4.77 1.50 1.81 0.26 
678260 2.12 4.07 4.77 0.99 0.14 0.22 
678300 2.12 4.07 4.77 0.24 0.42 0.42 
678341 2.12 4.07 4.77 -0.42 0.66 0.71 
678382 2.12 4.07 4.77 -0.33 0.66 0.18 
678424 2.12 4.07 4.77 -0.14 0.78 -0.18 
678467 2.12 4.07 4.77 0.55 0.49 -0.31 
678508 2.12 4.07 4.77 0.69 0.68 0.11 
678878 2.12 4.07 4.77 0.09 1.91 0.00 
678918 2.12 4.07 4.77 0.25 1.88 -0.06 
678960 2.12 4.07 4.77 0.59 2.18 0.27 
679001 2.12 4.07 4.77 0.57 2.06 0.58 
679041 2.12 4.07 4.77 0.02 2.26 0.62 
679081 2.12 4.07 4.77 0.12 1.80 0.08 
679121 2.12 4.07 4.77 0.26 1.64 0.13 
679162 2.12 4.07 4.77 0.35 1.63 0.27 
679203 2.12 4.07 4.77 0.30 1.51 0.43 
679243 2.12 4.07 4.77 0.24 1.29 0.33 
679284 2.12 4.07 4.77 0.21 1.20 0.22 
679325 2.12 4.07 4.77 0.12 1.14 0.21 
679365 2.12 4.07 4.77 0.19 0.89 0.14 
679690 2.12 4.07 4.77 0.17 0.58 0.17 
679731 2.12 4.07 4.77 0.17 0.60 0.23 
679771 2.12 4.07 4.77 0.16 0.60 0.22 
679812 2.12 4.07 4.77 0.12 0.70 0.20 
679852 2.12 4.07 4.77 0.09 0.84 0.18 
679892 2.12 4.07 4.77 0.14 0.94 0.16 
679933 2.12 4.07 4.77 0.24 1.03 0.14 
679973 2.12 4.07 4.77 0.22 1.13 0.16 
680014 2.12 4.07 4.77 0.20 1.26 0.19 
680054 2.12 4.07 4.77 0.23 1.37 0.26 
680095 2.12 4.07 4.77 0.32 1.55 0.23 
680136 2.12 4.07 4.77 0.14 1.74 0.20 
680176 2.12 4.07 4.77 0.21 1.81 0.20 
680502 2.12 4.07 4.77 -0.02 1.35 0.09 
680544 2.12 4.07 4.77 0.06 1.44 0.12 
680584 2.12 4.07 4.77 0.34 1.21 0.38 
680625 2.12 4.07 4.77 0.32 0.91 0.30 
680666 2.12 4.07 4.77 0.08 0.94 0.20 
680706 2.12 4.07 4.77 -0.01 0.85 0.08 
680748 2.12 4.07 4.77 0.01 0.61 0.09 
680787 2.12 4.07 4.77 0.07 0.53 0.14 
680828 2.12 4.07 4.77 0.07 0.57 0.15 
680869 2.12 4.07 4.77 0.10 0.54 0.16 
680909 2.12 4.07 4.77 0.11 0.53 0.18 
680950 2.12 4.07 4.77 0.07 0.67 0.21 
680991 2.12 4.07 4.77 0.10 0.84 0.21 
681356 2.12 4.07 4.77 0.15 1.61 0.37 
681397 2.12 4.07 4.77 0.13 1.77 0.36 
681437 2.12 4.07 4.77 0.19 1.96 0.37 
681478 2.12 4.07 4.77 0.49 1.64 0.11 
681518 2.12 4.07 4.77 -10.15 -16.00 3.78 
681563 2.12 4.07 4.77 0.94 0.04 -0.63 
681605 2.12 4.07 4.77 0.21 -0.09 -0.20 
681647 2.12 4.08 4.77 0.27 0.07 -0.26 
681689 2.12 4.07 4.77 -4.41 3.72 6.67 
681731 2.12 4.07 4.77 -2.01 -0.05 1.34 
681773 2.12 4.07 4.77 -0.02 -0.14 -0.31 
681817 2.12 4.07 4.77 0.22 0.33 -0.06 
682188 2.12 4.07 4.77 1.07 -0.13 0.49 
682229 2.12 4.07 4.77 0.26 0.40 -0.02 
682271 2.12 4.07 4.77 0.40 0.02 0.06 
682311 2.12 4.07 4.77 0.51 0.03 0.76 
682352 2.12 4.07 4.77 0.30 -0.78 1.83 
682394 2.12 4.07 4.77 -0.15 -0.22 1.11 
682436 2.12 4.07 4.77 -1.06 -1.32 2.51 
682479 2.12 4.07 4.77 -0.46 -0.20 0.91 
682522 2.12 4.07 4.77 -0.59 -0.25 0.79 
682564 2.12 4.07 4.77 -0.63 -0.21 0.82 
682607 2.12 4.07 4.77 -0.56 -0.23 0.88 
682649 2.12 4.07 4.77 -0.48 -0.24 0.94 
682991 2.12 4.08 4.77 0.08 0.03 1.17 
683031 2.12 4.07 4.77 0.31 -0.29 1.04 
683073 2.12 4.07 4.77 0.49 -0.17 1.11 
683114 2.12 4.07 4.77 0.62 -0.27 0.84 
683156 2.12 4.07 4.77 0.70 -0.19 0.92 
683198 2.12 4.07 4.77 0.73 -0.27 0.74 
683239 2.12 4.07 4.77 0.62 -0.25 0.90 
683281 2.12 4.07 4.77 0.50 -0.26 0.84 
683323 2.12 4.07 4.77 0.49 -0.22 0.94 
683364 2.12 4.07 4.77 0.46 -0.22 0.94 
683406 2.12 4.07 4.77 0.44 -0.23 0.94 