528689 2.12 4.07 4.77 -0.05 0.97 0.35 
528731 2.12 4.07 4.77 -0.05 0.97 0.34 
528772 2.12 4.07 4.77 -0.04 0.96 0.34 
528814 2.12 4.07 4.77 -0.02 0.97 0.33 
528856 2.12 4.07 4.77 0.05 1.00 0.34 
528896 2.12 4.07 4.77 0.10 0.9907 4.77 
529220 2.12 4.07 4.77 0.10 0.99 0.31 
529261 2.12 4.07 4.77 0.14 0.99 0.26 
529301 2.12 4.07 4.77 0.18 0.96 0.29 
529342 2.12 4.07 4.77 0.21 0.91 0.30 
529383 2.12 4.07 4.77 0.15 0.90 0.24 
529423 2.12 4.07 4.77 0.14 0.90 0.26 
529464 2.12 4.07 4.77 0.08 0.88 0.30 
529505 2.12 4.07 4.77 0.07 0.77 0.35 
529545 2.12 4.07 4.77 0.10 0.76 0.38 
529586 2.12 4.07 4.77 0.03 0.86 0.40 
529626 2.12 4.07 4.77 -0.01 1.02 0.39 
529668 2.12 4.07 4.77 0.02 1.08 0.47 
529709 2.12 4.07 4.77 0.11 1.08 0.60 
530032 2.12 4.07 4.77 0.25 0.61 0.80 
530073 2.12 4.07 4.77 0.17 0.74 0.75 
530114 2.12 4.07 4.77 0.14 0.76 0.63 
530154 2.12 4.07 4.77 0.08 0.79 0.59 
530195 2.12 4.07 4.77 0.24 0.84 0.69 
530235 2.12 4.07 4.77 0.17 0.84 0.61 
530276 2.12 4.07 4.77 0.16 0.87 0.58 
530317 2.12 4.07 4.77 0.13 0.94 0.57 
530357 2.12 4.07 4.77 0.10 0.97 0.55 
530398 2.12 4.07 4.77 0.11 0.97 0.52 
530439 2.12 4.07 4.77 0.11 0.93 0.53 
530479 2.12 4.07 4.77 0.16 0.91 0.56 
530520 2.12 4.07 4.77 0.19 0.92 0.60  
530887 2.12 4.07 4.77 -0.21 0.86 0.63 
530929 2.12 4.07 4.77 -0.10 0.88 0.73 
530970 2.12 4.07 4.77 -0.01 0.79 0.78 
531012 2.12 4.07 4.77 -0.04 0.59 0.76 
531054 2.12 4.07 4.77 0.06 0.34 0.76 
531094 2.12 4.07 4.77 -0.19 0.35 0.29 
531136 2.12 4.07 4.77 -0.29 0.35 0.08 
531178 2.12 4.07 4.77 -0.32 0.58 -0.19 
531220 2.12 4.07 4.77 -0.19 0.65 -0.19 
531263 2.12 4.07 4.77 -0.12 0.82 -0.14 
531306 2.12 4.07 4.77 -0.15 1.12 -0.12 
531348 2.12 4.07 4.77 -0.07 1.12 -0.02 
531682 2.12 4.07 4.77 -0.20 1.05 0.08 
531724 2.12 4.07 4.77 -0.17 0.99 0.08 
531765 2.12 4.07 4.77 -0.18 0.95 0.10 
531807 2.12 4.07 4.77 -0.14 0.93 0.15 
531849 2.12 4.07 4.77 -0.15 0.97 0.16 
531890 2.12 4.07 4.77 -0.16 0.97 0.13 
531932 2.12 4.07 4.77 -0.11 0.94 0.16 
531974 2.12 4.07 4.77 -0.12 0.99 0.18 
532015 2.12 4.07 4.77 -0.13 1.02 0.20 
532057 2.12 4.07 4.77 -0.14 0.98 0.20 
532098 2.12 4.07 4.77 -0.11 0.98 0.18 
532140 2.12 4.07 4.77 -0.17 1.06 0.16 
532182 2.12 4.07 4.77 -0.21 1.03 0.13 
532514 2.12 4.07 4.77 -0.13 1.00 0.07 
532555 2.12 4.07 4.77 -0.20 1.04 0.00 
532597 2.12 4.07 4.77 -0.23 1.02 -0.04 
532640 2.12 4.07 4.77 -0.24 1.02 -0.05 
532682 2.12 4.07 4.77 -0.24 0.98 -0.06 
532725 2.12 4.07 4.77 -0.23 0.96 -0.04 
532767 2.12 4.07 4.77 -0.25 0.96 -0.04 
532810 2.12 4.07 4.77 -0.27 0.96 -0.07 
532853 2.12 4.07 4.77 -0.29 0.92 -0.11 
532895 2.12 4.07 4.77 -0.30 0.92 -0.06 
532938 2.12 4.07 4.77 -0.30 0.94 -0.08 
532981 2.12 4.07 4.77 -0.31 0.94 -0.10 
533364 2.12 4.07 4.77 -0.44 0.88 -0.09 
533407 2.12 4.07 4.77 -0.45 0.89 -0.10 
533450 2.12 4.07 4.77 -0.54 0.96 -0.13 
533492 2.12 4.07 4.77 -0.46 0.95 -0.04 
533535 2.12 4.07 4.77 -0.39 0.86 0.04 
533577 2.12 4.07 4.77 -0.43 0.89 0.05 
533618 2.12 4.07 4.77 -0.43 0.88 0.04 
533660 2.12 4.07 4.77 -0.34 0.88 0.05 
533702 2.12 4.07 4.77 -0.32 0.89 0.08 
533743 2.12 4.07 4.77 -0.30 1.00 0.00 
533785 2.12 4.07 4.77 -0.29 1.05 -0.02 
533827 2.12 4.07 4.77 -0.16 0.95 -0.05 
534161 2.12 4.07 4.77 0.09 0.94 -0.01 
534203 2.12 4.07 4.77 0.06 0.97 -0.08 
534245 2.12 4.07 4.77 0.05 0.97 -0.10 
534286 2.12 4.07 4.77 0.12 0.93 -0.04 
534328 2.12 4.07 4.77 0.18 0.95 -0.07 
534370 2.12 4.07 4.77 0.21 1.05 -0.02 
534411 2.12 4.07 4.77 0.14 1.10 0.05 
534452 2.12 4.07 4.77 0.16 1.02 0.04 
534492 2.12 4.07 4.77 0.17 1.05 0.03 
534533 2.12 4.07 4.77 0.27 1.04 0.06 
534574 2.12 4.07 4.77 0.40 0.90 0.08 
534614 2.12 4.07 4.77 0.37 0.98 0.08 
534654 2.12 4.07 4.77 0.42 0.82 0.06 
534986 2.12 4.07 4.77 -0.20 1.10 0.12 
535027 2.12 4.07 4.77 -0.04 1.12 0.12 
535069 2.12 4.07 4.77 -0.09 1.05 0.13 
535111 2.12 4.07 4.77 0.02 1.11 0.12 
535151 2.12 4.07 4.77 -0.02 1.14 0.01 
535193 2.12 4.07 4.77 -0.02 1.14 -0.04 
535236 2.12 4.07 4.77 0.04 1.09 -0.04 
535277 2.12 4.07 4.77 0.08 1.04 0.01 
535318 2.12 4.07 4.77 0.04 1.03 0.04 
535358 2.12 4.07 4.77 0.01 1.05 0.10 
535399 2.12 4.07 4.77 -0.14 1.08 0.16 
535441 2.12 4.07 4.77 -0.29 1.11 0.04 
535482 2.12 4.07 4.77 -0.23 1.06 0.13 
535812 2.12 4.07 4.77 0.11 0.96 0.36 
535853 2.12 4.07 4.77 -0.04 1.04 0.21 
535894 2.12 4.07 4.77 -0.10 1.03 0.20 
535936 2.12 4.07 4.77 -0.08 0.92 0.23 
535977 2.12 4.07 4.77 0.04 0.90 0.33 
536017 2.12 4.07 4.77 0.10 0.94 0.36 
536058 2.12 4.07 4.77 0.09 1.02 0.34 
536099 2.12 4.07 4.77 0.16 1.12 0.28 
536139 2.12 4.07 4.77 0.29 1.15 0.40 
536180 2.12 4.07 4.77 0.19 1.16 0.39 
536220 2.12 4.07 4.77 0.15 1.18 0.31 
536261 2.12 4.07 4.77 0.01 1.19 0.27 
536302 2.12 4.07 4.77 -0.09 1.13 0.28 
536674 2.12 4.07 4.77 -0.02 0.77 0.19 
536716 2.12 4.07 4.77 -0.06 1.01 0.19 
536757 2.12 4.07 4.77 -0.03 0.93 0.21 
536799 2.12 4.07 4.77 -0.02 0.88 0.21 
536841 2.12 4.07 4.77 -0.03 0.96 0.21 
536882 2.12 4.07 4.77 -0.03 0.93 0.17 
536924 2.12 4.07 4.77 -0.00 0.95 0.24 
536966 2.12 4.07 4.77 -0.05 0.93 0.19 
537007 2.12 4.07 4.77 -0.03 0.90 0.25 
537049 2.12 4.07 4.77 -0.01 0.91 0.26 
537090 2.12 4.07 4.77 -0.01 0.96 0.26 
537132 2.12 4.07 4.77 0.02 0.94 0.28 
537503 2.12 4.07 4.77 -0.03 0.97 0.19 
537544 2.12 4.07 4.77 -0.08 0.98 0.17 
537586 2.12 4.07 4.77 -0.15 1.03 0.18 
537628 2.12 4.07 4.77 -0.23 1.02 0.14 
537669 2.12 4.07 4.77 -0.18 0.99 0.12 
537711 2.12 4.07 4.77 -0.27 1.04 0.13 
537752 2.12 4.07 4.77 -0.36 1.05 0.00 
537794 2.12 4.07 4.77 -0.33 1.13 0.02 
537836 2.12 4.07 4.77 -0.23 1.16 0.06 
537877 2.12 4.07 4.77 -0.10 1.14 0.09 
537919 2.12 4.07 4.77 -0.00 1.15 0.17 
537961 2.12 4.07 4.77 -0.05 1.21 0.18 
538294 2.12 4.07 4.77 -0.22 0.86 0.19 
538335 2.12 4.07 4.77 -0.22 0.86 0.20 
538377 2.12 4.07 4.77 -0.22 0.87 0.19 
538418 2.12 4.07 4.77 -0.21 0.90 0.23 
538460 2.12 4.07 4.77 -0.18 0.92 0.25 
538502 2.12 4.07 4.77 -0.18 0.94 0.24 
538543 2.12 4.07 4.77 -0.19 0.96 0.22 
538585 2.12 4.07 4.77 -0.20 0.96 0.24 
538627 2.12 4.07 4.77 -0.17 0.95 0.25 
538668 2.12 4.07 4.77 -0.16 0.95 0.27 
538710 2.12 4.07 4.77 -0.19 0.96 0.21 
538750 2.12 4.07 4.77 -0.21 0.97 0.20 
538792 2.12 4.07 4.77 -0.24 0.98 0.16 
539126 2.12 4.07 4.77 -0.25 1.04 -0.05 
539169 2.12 4.07 4.77 -0.23 0.95 -0.09 
539211 2.12 4.07 4.77 -0.24 0.93 -0.05 
539254 2.12 4.07 4.77 -0.21 0.88 0.04 
539296 2.12 4.07 4.77 -0.14 0.89 0.12 
539337 2.12 4.07 4.77 -0.12 0.90 0.12 
539379 2.12 4.07 4.77 -0.16 0.94 0.09 
539420 2.12 4.07 4.77 -0.21 0.96 0.12 
539462 2.12 4.07 4.77 -0.13 0.94 0.15 
539504 2.12 4.07 4.77 -0.09 1.00 0.19 
539545 2.12 4.07 4.77 -0.15 1.00 0.23 
539587 2.12 4.07 4.77 -0.14 1.00 0.24 
539629 2.12 4.07 4.77 -0.13 1.02 0.25 
539962 2.12 4.07 4.77 -0.44 0.95 0.01 
540003 2.12 4.07 4.77 -0.41 0.88 0.06 
540045 2.12 4.07 4.77 -0.42 0.82 0.08 
540086 2.12 4.07 4.77 -0.42 0.86 0.06 
540128 2.12 4.07 4.77 -0.42 0.93 0.04 
540170 2.12 4.07 4.77 -0.48 0.93 -0.05 
540212 2.12 4.07 4.77 -0.41 0.86 0.01 
540254 2.12 4.07 4.77 -0.36 0.81 0.11 
540296 2.12 4.07 4.77 -0.38 0.82 0.12 
540337 2.12 4.07 4.77 -0.40 0.87 0.13 
540379 2.12 4.07 4.77 -0.39 1.01 0.19 
540420 2.12 4.07 4.77 -0.47 1.05 0.11 
540462 2.12 4.07 4.77 -0.48 1.03 0.08 
540798 2.12 4.07 4.77 -0.23 0.72 0.15 
540840 2.12 4.07 4.77 -0.19 0.83 0.18 
540881 2.12 4.07 4.77 -0.23 0.90 0.19 
540923 2.12 4.07 4.77 -0.24 0.92 0.15 
540965 2.12 4.07 4.77 -0.29 0.99 0.18 
541006 2.12 4.07 4.77 -0.28 0.96 0.18 
541048 2.12 4.07 4.77 -0.25 0.90 0.22 
541090 2.12 4.07 4.77 -0.28 0.89 0.21 
541131 2.12 4.07 4.77 -0.31 0.96 0.22 
541173 2.12 4.07 4.77 -0.34 0.96 0.19 
541214 2.12 4.07 4.77 -0.38 0.98 0.14 
541256 2.12 4.07 4.77 -0.36 0.94 0.15 
541632 2.12 4.07 4.77 -0.44 0.89 -0.23 
541674 2.12 4.07 4.77 -0.27 0.80 -0.10 
541717 2.12 4.07 4.77 -0.31 0.92 -0.12 
541760 2.12 4.07 4.77 -0.30 1.00 -0.12 
541802 2.12 4.07 4.77 -0.28 0.94 0.88 0.06 
541929 2.12 4.07 4.77 -0.25 0.92 0.13 
541971 2.12 4.07 4.77 -0.34 0.96 0.11 
542012 2.12 4.07 4.77 -0.33 0.99 0.16 
542054 2.12 4.07 4.77 -0.30 0.99 0.20 
542096 2.12 4.07 4.77 -0.30 0.96 0.23 
542431 2.12 4.07 4.77 -0.16 0.79 0.06 
542472 2.12 4.07 4.77 -0.06 0.79 0.04 
542514 2.12 4.07 4.77 -0.04 0.90 0.09 
542556 2.12 4.07 4.77 -0.22 0.99 0.12 
542597 2.12 4.07 4.77 -0.22 0.92 0.12 
542639 2.12 4.07 4.77 -0.08 0.99 0.21 
542680 2.12 4.07 4.77 -0.10 1.04 0.19 
542722 2.12 4.07 4.77 -0.17 1.03 0.18 
542764 2.12 4.07 4.77 -0.22 1.02 0.15 
542804 2.12 4.07 4.77 -0.28 1.04 0.07 
542846 2.12 4.07 4.77 -0.32 0.99 0.00 
542888 2.12 4.07 4.77 -0.17 0.95 0.23 
542929 2.12 4.07 4.77 -0.16 1.03 0.17 
543267 2.12 4.07 4.77 -0.18 0.84 0.05 
543309 2.12 4.07 4.77 -0.25 0.90 0.06 
543351 2.12 4.07 4.77 -0.22 0.94 0.08 
543392 2.12 4.07 4.77 -0.20 0.96 0.05 
543434 2.12 4.07 4.77 -0.19 1.00 0.06 
543475 2.12 4.07 4.77 -0.24 1.05 -0.01 
543518 2.12 4.07 4.77 -0.31 1.09 -0.10 
543561 2.12 4.07 4.77 -0.30 1.08 -0.05 
543603 2.12 4.07 4.77 -0.27 1.08 -0.01 
543646 2.12 4.07 4.77 -0.37 1.14 -0.06 
543689 2.12 4.07 4.77 -0.28 1.11 -0.03 
543731 2.12 4.07 4.77 -0.38 1.03 -0.13 
544112 2.12 4.07 4.77 -0.25 1.10 0.18 
544154 2.12 4.07 4.77 -0.23 1.04 0.17 
544195 2.12 4.07 4.77 -0.21 1.05 0.16 
544237 2.12 4.07 4.77 -0.21 1.06 0.11 
544278 2.12 4.07 4.77 -0.16 1.00 0.11 
544320 2.11 4.07 4.77 -0.05 0.96 0.24 
544362 2.11 4.07 4.77 -0.20 1.06 0.06 
544403 2.12 4.07 4.77 -0.19 0.96 0.00 
544445 2.12 4.07 4.77 -0.00 0.83 0.13 
544487 2.11 4.07 4.77 -0.07 0.95 0.11 
544528 2.12 4.07 4.77 -0.17 0.98 -0.12 
544571 2.12 4.07 4.77 -0.12 0.99 -0.08 
544944 2.11 4.07 4.77 0.55 0.89 0.11 
544985 2.11 4.07 4.77 0.54 0.80 0.11 
545026 2.11 4.07 4.77 0.53 0.73 0.23 
545065 2.11 4.07 4.77 0.59 0.77 0.25 
545106 2.12 4.07 4.77 0.68 0.69 0.26 
545146 2.12 4.07 4.77 0.67 0.68 0.30 
545187 2.11 4.07 4.77 0.54 0.68 0.26 
545228 2.11 4.07 4.77 0.62 0.62 0.27 
545268 2.11 4.07 4.77 0.67 0.71 0.24 
545309 2.11 4.07 4.77 0.86 0.61 0.23 
545350 2.11 4.07 4.77 0.75 0.64 0.19 
545390 2.11 4.07 4.77 0.58 0.59 0.27 
545756 2.11 4.07 4.77 0.45 0.84 0.08 
545796 2.11 4.07 4.77 0.48 0.82 0.08 
545837 2.11 4.07 4.77 0.50 0.79 0.08 
545876 2.11 4.07 4.77 0.56 0.66 0.15 
545917 2.11 4.07 4.77 0.39 0.75 0.19 
545958 2.11 4.07 4.77 0.35 0.84 0.15 
545998 2.11 4.07 4.77 0.51 0.90 0.22 
546039 2.11 4.07 4.77 0.75 0.96 0.29 
546080 2.11 4.07 4.77 0.84 1.13 0.18 
546120 2.11 4.07 4.77 0.61 1.17 0.10 
546161 2.11 4.07 4.77 0.37 1.01 0.10 
546201 2.11 4.07 4.77 0.35 0.92 0.23 
546242 2.11 4.07 4.77 0.24 0.88 0.30 
546567 2.11 4.07 4.77 -0.00 0.80 0.46 
546608 2.11 4.07 4.77 0.02 0.76 0.48 
546649 2.11 4.07 4.77 0.05 0.82 0.54 
546690 2.11 4.07 4.77 0.05 0.93 0.42 
546729 2.11 4.07 4.77 -0.21 1.17 0.40 
546771 2.11 4.07 4.77 -0.09 0.88 0.26 
546813 2.11 4.07 4.77 -0.03 1.17 0.37 
546854 2.11 4.07 4.77 -0.13 1.40 0.20 
546896 2.11 4.07 4.77 -0.38 1.33 -0.19 
546938 2.11 4.07 4.77 -0.20 1.13 -0.34 
546981 2.11 4.07 4.77 -0.10 1.05 -0.00 
547024 2.11 4.07 4.77 -0.00 1.08 -0.05 
547066 2.11 4.07 4.77 -0.16 1.09 -0.16 
547403 2.11 4.07 4.77 -0.09 1.07 0.06 
547445 2.11 4.07 4.77 -0.08 1.16 -0.03 
547488 2.11 4.07 4.77 -0.09 1.23 -0.16 
547530 2.11 4.07 4.77 -0.10 1.07 -0.32 
547573 2.11 4.07 4.77 -0.04 0.92 -0.05 
547616 2.11 4.07 4.77 0.05 0.90 -0.02 
547657 2.11 4.07 4.77 -0.08 0.96 -0.13 
547700 2.11 4.07 4.77 -0.08 0.93 -0.09 
547742 2.11 4.07 4.77 0.06 0.85 0.06 
547783 2.11 4.07 4.77 0.10 0.89 0.12 
547824 2.11 4.07 4.77 0.03 0.96 0.18 
547864 2.11 4.07 4.77 -0.05 1.00 0.13 
548239 2.11 4.07 4.77 0.12 0.90 0.10 
548280 2.11 4.07 4.77 -0.01 0.83 -0.01 
548322 2.11 4.07 4.77 0.08 0.73 -0.10 
548364 2.11 4.07 4.77 0.23 0.81 -0.01 
548405 2.11 4.07 4.77 0.10 0.87 0.05 
548446 2.11 4.07 4.77 0.09 0.84 0.02 
548487 2.11 4.07 4.77 0.13 0.91 0.06 
548527 2.11 4.07 4.77 0.14 0.98 -0.00 
548569 2.11 4.07 4.77 -0.06 1.21 -0.09 
548612 2.11 4.07 4.77 0.22 1.36 -0.11 
548653 2.11 4.07 4.77 0.24 1.40 -0.35 
548695 2.11 4.07 4.77 0.23 1.35 -0.33 
549068 2.11 4.07 4.77 -0.10 0.80 0.14 
549110 2.11 4.07 4.77 -0.25 0.81 0.27 
549152 2.11 4.07 4.77 -0.21 0.77 0.41 
549193 2.11 4.07 4.77 -0.29 0.78 0.50 
549235 2.11 4.07 4.77 -0.41 0.79 0.35 
549277 2.11 4.07 4.77 -0.31 0.90 0.40 
549318 2.11 4.07 4.77 -0.22 0.96 0.43 
549360 2.11 4.07 4.77 -0.22 0.95 0.25 
549401 2.11 4.07 4.77 -0.15 1.03 0.16 
549443 2.11 4.07 4.77 -0.08 1.06 0.17 
549485 2.11 4.07 4.77 -0.10 1.06 0.18 
549526 2.11 4.07 4.77 -0.05 1.04 0.18 
549901 2.11 4.07 4.77 -0.14 1.02 0.09 
549943 2.11 4.07 4.77 -0.12 1.11 0.10 
549984 2.11 4.07 4.77 -0.24 1.15 0.06 
550026 2.11 4.07 4.77 -0.16 1.06 0.06 
550067 2.11 4.07 4.77 -0.26 1.13 0.04 
550109 2.11 4.07 4.77 -0.31 1.27 -0.06 
550152 2.11 4.07 4.77 -0.31 1.17 -0.04 
550194 2.11 4.07 4.77 -0.25 1.03 -0.04 
550237 2.11 4.07 4.77 -0.17 0.93 -0.18 
550280 2.11 4.07 4.77 -0.40 0.83 0.11 
550321 2.11 4.07 4.77 -0.16 0.63 0.00 
550363 2.11 4.07 4.77 -0.28 1.02 -0.18 
550699 2.11 4.07 4.77 0.38 1.01 -0.44 
550740 2.11 4.07 4.77 0.27 0.88 -0.06 
550781 2.11 4.07 4.77 0.56 0.90 -0.24 
550823 2.11 4.07 4.77 0.33 0.98 -0.34 
550864 2.11 4.07 4.77 0.40 0.83 -0.15 
550906 2.11 4.07 4.77 0.55 0.79 -0.11 
550948 2.11 4.07 4.77 0.58 0.79 -0.23 
550989 2.11 4.07 4.77 0.78 0.61 -0.18 
551031 2.11 4.07 4.77 0.92 0.61 -0.17 
551073 2.11 4.07 4.77 0.46 0.79 -0.44 
551114 2.11 4.07 4.77 0.56 0.51 -0.26 
551156 2.11 4.07 4.77 0.49 0.60 -0.29 
551197 2.11 4.07 4.77 0.57 0.48 -0.32 
551530 2.11 4.07 4.77 -0.02 0.77 -0.44 
551573 2.11 4.07 4.77 0.19 0.37 -0.81 
551615 2.11 4.07 4.77 0.02 0.38 -0.83 
551656 2.11 4.07 4.77 -0.06 0.42 -0.72 
551699 2.11 4.07 4.77 -0.17 0.26 -1.03 
551742 2.11 4.07 4.77 -0.22 0.11 -1.19 
551784 2.11 4.07 4.77 -0.26 0.14 -1.09 
551827 2.11 4.07 4.77 -0.30 0.01 -0.93 
551870 2.11 4.07 4.77 -0.43 0.21 -1.02 
551912 2.11 4.07 4.77 -0.43 0.48 -0.88 
551955 2.11 4.07 4.77 -0.48 0.43 -0.92 
551997 2.11 4.07 4.77 -0.48 0.44 -0.87 
552381 2.11 4.07 4.77 -0.01 0.37 -0.98 
552424 2.11 4.07 4.77 0.12 0.55 -1.01 
552465 2.11 4.07 4.77 0.04 0.81 -0.96 
552507 2.11 4.07 4.77 0.05 0.86 -0.69 
552549 2.11 4.07 4.77 0.07 0.94 -0.43 
552590 2.11 4.07 4.77 0.10 0.89 -0.30 
552632 2.11 4.07 4.77 0.04 0.75 -0.46 
552674 2.11 4.07 4.77 0.05 0.69 -0.42 
552715 2.11 4.07 4.77 0.02 0.73 -0.31 
552757 2.11 4.07 4.77 0.22 0.64 -0.33 
552798 2.11 4.07 4.77 0.15 0.68 -0.36 
552840 2.11 4.07 4.77 -0.01 0.74 -0.50 
553178 2.11 4.07 4.77 0.09 0.71 -0.60 
553220 2.11 4.07 4.77 0.18 0.69 -0.54 
553261 2.11 4.07 4.77 0.13 0.60 -0.69 
553303 2.11 4.07 4.77 0.08 0.57 -0.82 
553345 2.11 4.07 4.77 0.30 0.50 -0.60 
553385 2.11 4.07 4.77 0.27 0.60 -0.76 
553427 2.11 4.07 4.77 0.12 0.55 -0.83 
553469 2.11 4.07 4.77 77 -0.07 0.58 -0.76 
553594 2.11 4.07 4.77 -0.34 0.30 -0.78 
553637 2.11 4.07 4.77 -0.24 0.88 -1.00 
553680 2.11 4.07 4.77 -0.67 0.56 -0.68 
554021 2.11 4.07 4.77 -1.16 0.45 -0.86 
554063 2.11 4.07 4.77 -1.00 0.34 -0.67 
554106 2.11 4.07 4.77 -0.94 0.26 -0.49 
554149 2.11 4.07 4.77 -0.98 0.21 -0.68 
554191 2.11 4.07 4.77 -0.52 0.36 -0.11 
554234 2.11 4.07 4.77 -0.47 0.29 -0.13 
554277 2.11 4.07 4.77 -0.46 0.59 -0.04 
554319 2.11 4.07 4.77 -0.47 0.50 -0.23 
554362 2.11 4.07 4.77 -0.47 0.49 -0.20 
554405 2.11 4.07 4.77 -0.24 0.53 -0.15 
554447 2.11 4.07 4.77 -0.26 0.64 -0.28 
554490 2.11 4.07 4.77 -0.24 0.70 -0.38 
554828 2.11 4.07 4.77 0.07 1.11 -0.67 
554870 2.11 4.07 4.77 0.33 1.02 -0.45 
554911 2.11 4.07 4.77 0.17 0.97 -0.61 
554953 2.11 4.07 4.77 0.05 1.04 -0.61 
554994 2.11 4.07 4.77 0.04 0.91 -0.48 
555036 2.11 4.07 4.77 0.12 0.89 -0.54 
555078 2.11 4.07 4.77 0.18 0.87 -0.49 
555119 2.11 4.07 4.77 0.21 0.77 -0.48 
555161 2.11 4.07 4.77 0.11 0.84 -0.43 
555203 2.11 4.07 4.77 0.12 0.80 -0.42 
555244 2.11 4.07 4.77 0.18 0.75 -0.40 
555286 2.11 4.07 4.77 0.19 0.72 -0.38 
555327 2.11 4.07 4.77 0.21 0.69 -0.44 
555660 2.11 4.07 4.77 0.06 0.71 -0.52 
555702 2.11 4.07 4.77 0.08 0.68 -0.74 
555744 2.11 4.07 4.77 0.05 0.83 -0.91 
555785 2.11 4.07 4.77 -0.11 1.02 -1.04 
555828 2.11 4.07 4.77 0.13 0.95 -0.82 
555870 2.11 4.07 4.77 -0.04 1.05 -0.98 
555912 2.11 4.07 4.77 -0.23 1.01 -1.00 
555955 2.11 4.07 4.77 -0.37 1.00 -0.80 
555998 2.11 4.07 4.77 0.04 0.90 -0.52 
556039 2.11 4.07 4.77 -0.47 1.04 -0.48 
556082 2.11 4.07 4.77 -0.62 0.85 -0.61 
556124 2.11 4.07 4.77 -0.56 0.80 -0.30 
556167 2.11 4.07 4.77 -0.51 0.67 -0.27 
556508 2.11 4.07 4.77 -0.43 0.37 -0.13 
556551 2.11 4.07 4.77 -0.60 0.47 -0.42 
556593 2.11 4.07 4.77 -0.74 0.67 -0.30 
556636 2.11 4.07 4.77 -0.60 0.42 -0.25 
556679 2.11 4.07 4.77 -0.71 0.54 -0.26 
556721 2.11 4.07 4.77 -0.65 0.65 -0.26 
556764 2.11 4.07 4.77 -0.54 0.51 -0.07 
556807 2.11 4.07 4.77 -0.59 0.64 -0.17 
556849 2.11 4.07 4.77 -0.54 0.64 -0.20 
556892 2.11 4.07 4.77 -0.52 0.73 -0.00 
556935 2.11 4.07 4.77 -0.63 0.77 -0.22 
556977 2.11 4.07 4.77 -0.66 0.87 -0.06 
557318 2.11 4.07 4.77 -0.90 0.40 -0.14 
557361 2.11 4.07 4.77 -0.90 0.50 -0.08 
557404 2.11 4.07 4.77 -0.88 0.46 -0.11 
557446 2.11 4.07 4.77 -1.04 0.67 -0.30 
557489 2.11 4.07 4.77 -0.87 0.35 -0.08 
557532 2.11 4.07 4.77 -0.74 0.18 -0.31 
557574 2.11 4.07 4.77 -0.81 0.59 -0.22 
557617 2.11 4.07 4.77 -0.87 0.78 -0.20 
557659 2.11 4.07 4.77 -0.80 0.74 -0.08 
557702 2.11 4.07 4.77 -0.82 0.81 -0.02 
557745 2.11 4.07 4.77 -0.85 0.75 0.03 
557786 2.11 4.07 4.77 -0.85 0.56 -0.01 
558164 2.11 4.07 4.77 -0.49 0.43 0.05 
558206 2.11 4.07 4.77 -0.67 0.51 0.02 
558247 2.11 4.07 4.77 -0.83 0.64 0.15 
558289 2.11 4.07 4.77 -0.64 0.62 0.24 
558331 2.11 4.07 4.77 -0.72 0.62 -0.25 
558373 2.11 4.07 4.77 -0.79 0.65 -0.28 
558416 2.11 4.07 4.77 -0.73 0.85 -0.05 
558458 2.11 4.07 4.77 -0.84 0.85 -0.16 
558501 2.11 4.07 4.77 -1.03 0.73 -0.38 
558544 2.11 4.07 4.77 -0.85 0.51 -0.47 
558586 2.11 4.07 4.77 -0.71 0.70 -0.23 
558629 2.11 4.07 4.77 -0.66 0.66 -0.07 
558970 2.11 4.07 4.77 -0.49 0.67 -0.37 
559013 2.11 4.07 4.77 -0.59 0.69 -0.28 
559055 2.11 4.06 4.77 -0.57 0.54 -0.22 
559098 2.11 4.07 4.77 -0.61 0.43 -0.11 
559141 2.11 4.07 4.77 -0.92 0.28 -0.03 
559183 2.11 4.07 4.77 -1.17 0.58 -0.30 
559226 2.11 4.07 4.77 -1.06 0.68 -0.43 
559269 2.11 4.07 4.77 -0.73 0.59 -0.54 
559311 2.11 4.07 4.77 -0.68 0.72 -0.40 
559354 2.11 4.07 4.77 -0.64 0.75 -0.37 
559397 2.11 4.07 4.77 -0.75 0.85 -0.33 
559439 2.11 4.07 4.77 -0.73 0.66 -0.26 
559823 2.11 4.07 4.77 -0.66 0.70 -0.15 
559866 2.11 4.07 4.77 -0.64 0.66 -0.18 
559908 2.11 4.07 4.77 -0.66 0.63 -0.24 
559951 2.11 4.07 4.77 -0.64 0.65 -0.28 
559994 2.11 4.07 4.77 -0.57 0.77 -0.25 
560036 2.11 4.07 4.77 -0.46 0.87 -0.27 
560079 2.11 4.07 4.77 -0.44 0.84 -0.28 
560121 2.11 4.07 4.77 -0.41 0.79 -0.33 
560164 2.11 4.07 4.77 -0.44 0.75 -0.27 
560207 2.11 4.07 4.77 -0.46 0.69 -0.34 
560249 2.11 4.07 4.77 -0.40 0.62 -0.35 
560292 2.11 4.07 4.77 -0.36 0.67 -0.28 
560633 2.11 4.07 4.77 -0.43 0.86 -0.30 
560676 2.11 4.07 4.77 -0.52 0.89 -0.40 
560718 2.11 4.07 4.77 -0.38 0.81 -0.31 
560761 2.11 4.07 4.77 -0.35 0.80 -0.18 
560804 2.11 4.07 4.77 -0.45 0.80 -0.19 
560846 2.11 4.07 4.77 -0.50 0.71 -0.24 
560889 2.11 4.07 4.77 -0.43 0.68 -0.18 
560932 2.11 4.07 4.77 -0.48 0.81 -0.27 
560974 2.11 4.07 4.77 -0.55 0.87 -0.36 
561017 2.11 4.07 4.77 -0.64 0.86 -0.40 
561060 2.11 4.07 4.77 -0.56 0.67 -0.40 
561102 2.11 4.07 4.77 -0.42 0.59 -0.28 
561443 2.11 4.07 4.77 -0.40 0.80 -0.57 
561486 2.11 4.07 4.77 -0.54 1.00 -0.58 
561529 2.11 4.07 4.77 -0.49 0.81 -0.70 
561571 2.11 4.07 4.77 -0.29 0.65 -0.39 
561614 2.11 4.07 4.77 -0.31 0.65 -0.27 
561657 2.11 4.07 4.77 -0.33 0.68 -0.33 
561699 2.11 4.07 4.77 -0.25 0.71 -0.34 
561742 2.11 4.07 4.77 -0.27 0.78 -0.37 
561784 2.11 4.07 4.77 -0.32 0.78 -0.50 
561827 2.11 4.07 4.77 -0.29 0.81 -0.53 
561870 2.11 4.07 4.77 -0.27 0.81 -0.44 
561912 2.11 4.07 4.77 -0.27 0.77 -0.40 
561955 2.11 4.07 4.77 -0.33 0.76 -0.42 
562296 2.11 4.07 4.77 -0.32 0.85 -0.38 
562339 2.11 4.07 4.77 -0.30 0.86 -0.37 
562381 2.11 4.07 4.77 -0.24 0.85 -0.35 
562424 2.11 4.07 4.77 -0.22 0.87 -0.29 
562467 2.11 4.07 4.77 -0.25 0.88 -0.34 
562509 2.11 4.07 4.77 -0.23 0.88 -0.30 
562552 2.11 4.07 4.77 -0.25 0.89 -0.31 
562595 2.11 4.07 4.77 -0.25 0.88 -0.31 
562637 2.11 4.07 4.77 -0.24 0.88 -0.30 
562680 2.11 4.07 4.77 -0.22 0.86 -0.29 
562723 2.11 4.07 4.77 -0.23 0.88 -0.29 
562765 2.11 4.07 4.77 -0.26 0.87 -0.33 
563106 2.11 4.07 4.77 -0.16 0.81 -0.34 
563149 2.11 4.07 4.77 -0.14 0.77 -0.40 
563192 2.11 4.07 4.77 -0.14 0.79 -0.41 
563234 2.11 4.07 4.77 -0.13 0.81 -0.38 
563277 2.11 4.07 4.77 -0.21 0.89 -0.41 
563320 2.11 4.07 4.77 -0.28 0.94 -0.45 
563362 2.11 4.07 4.77 -0.28 0.97 -0.42 
563405 2.11 4.07 4.77 -0.22 0.92 -0.36 
563447 2.11 4.07 4.77 -0.18 0.90 -0.31 
563490 2.11 4.07 4.77 -0.20 0.90 -0.30 
563533 2.11 4.07 4.77 -0.22 0.88 -0.34 
563575 2.11 4.07 4.77 -0.23 0.88 -0.35 
563959 2.11 4.07 4.77 -0.21 0.90 -0.04 
564002 2.11 4.07 4.77 -0.20 0.93 -0.03 
564044 2.11 4.07 4.77 -0.27 0.97 -0.12 
564087 2.11 4.07 4.77 -0.30 0.94 -0.17 
564130 2.11 4.07 4.77 -0.28 0.96 -0.12 
564172 2.11 4.07 4.77 -0.29 0.99 -0.06 
564215 2.11 4.07 4.77 -0.32 0.97 -0.07 
564258 2.11 4.07 4.77 -0.28 0.91 -0.02 
564300 2.11 4.07 4.77 -0.30 0.87 -0.01 
564343 2.11 4.07 4.77 -0.32 0.88 -0.00 
564386 2.11 4.07 4.77 -0.44 0.91 -0.05 
564428 2.11 4.07 4.77 -0.65 0.92 -0.21 
564768 2.11 4.07 4.77 -0.52 0.90 0.01 
564810 2.11 4.07 4.77 -0.50 0.92 -0.13 
564853 2.11 4.07 4.77 -0.43 0.95 -0.12 
564895 2.11 4.07 4.77 -0.34 0.87 -0.14 
564938 2.11 4.07 4.77 -0.30 0.87 -0.11 
564980 2.11 4.07 4.77 -0.27 0.88 -0.16 
565023 2.11 4.07 4.77 -0.51 1.00 -0.29 
565066 2.11 4.07 4.77 -0.47 0.89 -0.53 
565108 2.11 4.07 4.77 -0.39 0.94 -0.70 
565151 2.11 4.07 4.77 -0.43 1.06 -0.59 
565194 2.11 4.07 4.77 -0.33 0.88 -0.61 
565236 2.11 4.07 4.77 -0.24 0.75 -0.51 
565575 2.11 4.07 4.77 -0.24 1.24 0.09 
565617 2.11 4.07 4.77 -0.25 1.13 0.07 
565659 2.11 4.07 4.77 -0.35 0.85 0.08 
565700 2.11 4.07 4.77 -0.74 1.09 0.17 
565742 2.11 4.07 4.77 -0.59 1.21 -0.04 
565785 2.11 4.07 4.77 -0.68 1.30 -0.39 
565827 2.11 4.07 4.77 -0.73 1.38 -0.55 
565870 2.11 4.07 4.77 -0.59 1.11 -0.46 
565912 2.11 4.07 4.77 -0.42 0.82 -0.43 
565955 2.11 4.07 4.77 -0.27 0.69 -0.27 
565998 2.11 4.07 4.77 -0.26 0.60 -0.23 
566040 2.11 4.07 4.77 -0.17 0.33 -0.17 
566083 2.11 4.07 4.77 -0.25 0.53 0.01 
566418 2.11 4.07 4.77 -0.32 0.98 -0.51 
566461 2.11 4.07 4.77 -0.40 1.01 -0.59 
566503 2.11 4.07 4.77 -0.36 1.03 -0.57 
566546 2.11 4.07 4.77 -0.39 0.94 -0.38 
566589 2.11 4.07 4.77 -0.23 0.63 -0.13 
566631 2.11 4.07 4.77 -0.14 0.48 0.01 
566673 2.11 4.07 4.77 -0.30 0.57 -0.08 
566716 2.11 4.07 4.77 -0.27 0.61 0.04 
566757 2.11 4.07 4.77 -0.19 0.64 0.08 
566799 2.11 4.07 4.77 -0.26 0.93 0.09 
566840 2.11 4.07 4.77 -0.37 1.11 -0.13 
566883 2.11 4.07 4.77 -0.44 1.24 -0.31 
567267 2.11 4.07 4.77 -0.41 0.66 -0.31 
567309 2.11 4.07 4.77 -0.11 0.55 -0.10 
567352 2.11 4.07 4.77 -0.14 0.70 -0.06 
567395 2.11 4.07 4.77 -0.13 0.64 -0.07 
567437 2.11 4.07 4.77 -0.20 0.75 -0.09 
567480 2.11 4.07 4.77 -0.10 0.70 0.08 
567522 2.11 4.07 4.77 -0.15 0.87 0.03 
567563 2.11 4.07 4.77 -0.29 1.25 -0.07 
567606 2.11 4.07 4.77 -0.09 1.18 -0.12 
567649 2.11 4.07 4.77 -0.05 1.17 -0.07 
567691 2.11 4.07 4.77 -0.13 1.19 0.01 
567733 2.11 4.07 4.77 -0.35 1.01 -0.53 
568074 2.11 4.07 4.77 -0.01 0.85 -0.17 
568117 2.11 4.07 4.77 0.04 1.00 -0.19 
568158 2.11 4.07 4.77 -0.05 1.14 -0.06 
568201 2.11 4.07 4.77 -0.20 1.17 -0.05 
568243 2.11 4.07 4.77 -0.19 1.10 -0.07 
568286 2.11 4.07 4.77 -0.35 1.16 -0.02 
568329 2.11 4.07 4.77 -0.28 1.17 -0.13 
568371 2.11 4.07 4.77 -0.44 1.33 -0.29 
568414 2.11 4.07 4.77 -0.52 1.33 -0.36 
568457 2.11 4.07 4.77 -0.53 1.25 -0.45 
568499 2.11 4.07 4.77 -0.38 1.06 -0.31 
568542 2.11 4.07 4.77 -0.23 0.88 -0.19 
568919 2.11 4.07 4.77 -0.12 0.99 0.13 
568960 2.11 4.07 4.77 -0.06 0.96 0.07 
569001 2.11 4.07 4.77 0.01 0.96 0.22 
569041 2.11 4.07 4.77 -0.02 0.93 0.16 
569083 2.11 4.07 4.77 -0.13 0.80 0.17 
569125 2.11 4.07 4.77 -0.08 0.64 0.33 
569166 2.11 4.07 4.77 0.01 0.62 0.32 
569207 2.11 4.07 4.77 -0.12 0.85 0.32 
569249 2.11 4.07 4.77 -0.32 0.96 0.39 
569290 2.11 4.07 4.77 0.01 0.74 0.42 
569331 2.11 4.07 4.77 0.04 1.00 0.32 
569371 2.11 4.07 4.77 0.04 1.10 0.12 
569745 2.11 4.07 4.77 -0.34 0.91 -0.03 
569788 2.10 4.07 4.77 -0.39 0.76 -0.05 
569830 2.11 4.07 4.77 -0.42 0.75 -0.09 
569873 2.11 4.07 4.77 -0.27 0.70 0.06 
569915 2.11 4.07 4.77 -0.36 0.81 -0.10 
569957 2.11 4.07 4.77 -0.40 1.02 -0.20 
570000 2.11 4.07 4.77 -0.23 1.04 -0.03 
570042 2.11 4.07 4.77 -0.09 0.91 0.02 
570084 2.11 4.07 4.77 -0.12 0.94 -0.01 
570127 2.11 4.07 4.77 -0.13 1.04 0.04 
570168 2.11 4.07 4.77 -0.11 1.06 0.05 
570210 2.11 4.07 4.77 -0.01 1.10 -0.04 
570548 2.11 4.07 4.77 -0.20 0.90 -0.27 
570591 2.10 4.07 4.77 -0.25 0.90 -0.13 
570633 2.11 4.07 4.77 -0.09 0.72 0.04 
570675 2.11 4.07 4.77 -0.08 0.77 0.14 
570717 2.11 4.07 4.77 -0.14 0.80 0.10 
570758 2.10 4.07 4.77 -0.22 0.89 0.23 
570800 2.11 4.07 4.77 -0.17 0.88 0.23 
570842 2.10 4.07 4.77 -0.21 0.76 0.31 
570883 2.11 4.07 4.77 -0.34 0.83 0.28 
570925 2.11 4.07 4.77 -0.40 0.89 0.25 
570966 2.10 4.07 4.77 -0.37 0.98 0.26 
571008 2.11 4.07 4.77 -0.38 1.00 0.33 
571049 2.11 4.07 4.77 -0.31 1.00 0.35 
571384 2.10 4.07 4.77 -0.27 1.13 -0.13 
571635 2.10 4.07 4.77 -0.56 0.89 -0.08 
571678 2.10 4.07 4.77 -0.50 0.78 0.16 
571720 2.10 4.07 4.77 -0.68 0.78 0.15 
571761 2.10 4.07 4.77 -0.58 0.82 0.18 
571803 2.10 4.07 4.77 -0.41 0.89 0.40 
571845 2.10 4.07 4.77 -0.39 0.81 0.46 
572219 2.10 4.07 4.77 -0.60 0.92 0.30 
572261 2.10 4.07 4.77 -0.47 0.83 0.33 
572302 2.10 4.07 4.77 -0.37 0.82 0.46 
572344 2.10 4.07 4.77 -0.74 0.79 0.19 
572386 2.11 4.07 4.77 -0.80 0.97 -0.03 
572428 2.10 4.07 4.77 -0.27 0.83 0.63 
572470 2.10 4.07 4.77 -0.59 0.51 0.36 
572512 2.10 4.07 4.77 -1.07 0.69 -0.04 
572554 2.10 4.07 4.77 -0.93 0.63 0.08 
572596 2.10 4.07 4.77 -0.75 0.49 0.14 
572638 2.10 4.07 4.77 -0.72 0.47 0.08 
572679 2.10 4.07 4.77 -0.64 0.45 0.21 
573017 2.10 4.07 4.77 -1.01 -0.00 -0.10 
573061 2.10 4.07 4.77 -1.00 0.01 -0.04 
573103 2.10 4.07 4.77 -0.98 0.10 -0.22 
573146 2.10 4.07 4.77 -0.92 -0.15 -0.31 
573190 2.10 4.07 4.77 -1.26 -0.17 -0.35 
573233 2.10 4.07 4.77 -1.07 -0.12 -0.21 
573277 2.10 4.07 4.77 -0.85 -0.35 -0.25 
573321 2.10 4.07 4.77 -0.90 -0.17 -0.16 
573364 2.10 4.07 4.77 -0.94 0.02 -0.01 
573407 2.10 4.07 4.77 -1.30 0.22 -0.17 
573450 2.10 4.07 4.77 -1.20 0.26 -0.01 
573874 2.10 4.07 4.77 -0.93 0.46 0.17 
573916 2.10 4.07 4.77 -0.89 0.46 0.27 
573957 2.10 4.07 4.77 -0.94 0.47 0.27 
573999 2.10 4.07 4.77 -0.95 0.47 0.16 
574041 2.10 4.07 4.77 -0.88 0.53 0.30 
574082 2.10 4.07 4.77 -0.65 0.48 0.48 
574124 2.10 4.07 4.77 -0.63 0.55 0.48 
574164 2.10 4.07 4.77 -0.69 0.63 0.45 
574206 2.10 4.07 4.77 -0.56 0.55 0.48 
574248 2.10 4.07 4.77 -0.60 0.57 0.33 
574289 2.10 4.07 4.77 -0.65 0.63 0.40 
574331 2.10 4.07 4.77 -0.61 0.70 0.43 
574706 2.10 4.07 4.77 -0.66 0.54 0.35 
574747 2.10 4.07 4.77 -0.82 0.64 0.24 
574789 2.10 4.07 4.77 -0.87 0.73 0.12 
574830 2.10 4.07 4.77 -0.65 0.71 0.33 
574872 2.10 4.06 4.77 -0.80 0.84 0.00 
574914 2.10 4.07 4.77 -0.70 0.93 0.18 
574955 2.10 4.07 4.77 -0.55 0.82 0.21 
574997 2.10 4.07 4.77 -0.58 0.84 0.30 
575039 2.10 4.07 4.77 -0.63 0.79 0.34 
575080 2.10 4.07 4.77 -0.71 0.76 0.27 
575122 2.10 4.07 4.77 -0.67 0.71 0.33 
575163 2.10 4.07 4.77 -0.64 0.64 0.38 
575538 2.10 4.07 4.77 -0.58 0.75 0.38 
575580 2.10 4.07 4.77 -0.65 0.87 0.35 
575621 2.10 4.07 4.77 -0.70 0.89 0.15 
575663 2.10 4.07 4.77 -0.59 0.91 0.15 
575705 2.10 4.07 4.77 -0.46 0.92 0.13 
575746 2.10 4.07 4.77 -0.48 0.94 0.19 
575788 2.10 4.07 4.77 -0.47 0.90 0.23 
575828 2.10 4.07 4.77 -0.49 0.85 0.15 
575870 2.10 4.07 4.77 -0.52 0.88 0.04 
575912 2.10 4.07 4.77 -0.56 0.98 0.05 
575953 2.10 4.07 4.77 -0.34 0.82 0.24 
575995 2.10 4.07 4.77 -0.30 0.79 0.35 
576328 2.10 4.07 4.77 -0.84 0.67 0.36 
576370 2.10 4.07 4.77 -0.87 0.79 0.51 
576411 2.10 4.07 4.77 -0.87 0.71 0.47 
576453 2.10 4.07 4.77 -0.94 0.68 0.10 
576494 2.10 4.07 4.77 -0.82 0.74 0.16 
576536 2.10 4.07 4.77 -0.67 0.76 0.17 
576578 2.10 4.07 4.77 -0.60 0.74 0.26 
576619 2.10 4.07 4.77 -0.47 0.75 0.40 
576661 2.10 4.07 4.77 -0.47 0.72 0.41 
576703 2.10 4.07 4.77 -0.55 0.73 0.27 
576744 2.10 4.07 4.77 -0.49 0.67 0.40 
576786 2.10 4.07 4.77 -0.46 0.69 0.47 
576827 2.10 4.07 4.77 -0.56 0.71 0.39 
577160 2.10 4.07 4.77 -0.60 1.04 0.25 
577202 2.10 4.07 4.77 -0.63 1.11 0.18 
577244 2.10 4.07 4.77 -0.69 1.05 0.17 
577285 2.10 4.07 4.77 -0.57 0.86 0.05 
577327 2.10 4.07 4.77 -0.54 0.87 0.10 
577369 2.10 4.07 4.77 -0.49 0.84 0.05 
577410 2.10 4.07 4.77 -0.41 0.87 0.20 
577452 2.10 4.07 4.77 -0.36 0.91 0.21 
577492 2.10 4.07 4.77 -0.30 0.84 0.27 
577534 2.10 4.07 4.77 -0.27 0.77 0.32 
577576 2.10 4.07 4.77 -0.27 0.74 0.37 
577617 2.10 4.07 4.77 -0.32 0.88 0.39 
577659 2.10 4.07 4.77 -0.49 0.93 0.28 
577992 2.10 4.07 4.77 -0.54 0.87 0.32 
578034 2.10 4.07 4.77 -0.40 0.73 0.34 
578075 2.10 4.07 4.77 -0.45 0.78 0.29 
578117 2.10 4.07 4.77 -0.46 0.82 0.28 
578158 2.10 4.07 4.77 -0.41 0.77 0.26 
578200 2.10 4.07 4.77 -0.47 0.85 0.21 
578242 2.10 4.07 4.77 -0.48 0.87 0.25 
578283 2.10 4.07 4.77 -0.34 0.77 0.26 
578325 2.10 4.07 4.77 -0.34 0.87 0.26 
578367 2.10 4.07 4.77 -0.37 0.88 0.12 
578408 2.10 4.07 4.77 -0.47 1.02 0.07 
578450 2.10 4.07 4.77 -0.28 0.89 0.14 
578491 2.10 4.07 4.77 -0.38 1.10 0.01 
578825 2.10 4.07 4.77 -0.31 1.09 -0.36 
578868 2.10 4.07 4.77 -0.11 0.96 -0.13 
578911 2.10 4.07 4.77 -0.16 1.01 0.02 
578952 2.10 4.07 4.77 -0.19 0.97 -0.03 
578995 2.10 4.07 4.77 -0.27 1.01 -0.29 
579038 2.10 4.07 4.77 -0.27 0.93 0.06 
579079 2.10 4.07 4.77 -0.29 1.14 -0.04 
579122 2.10 4.07 4.77 -0.20 1.05 -0.19 
579165 2.10 4.07 4.77 -0.07 1.00 0.07 
579206 2.10 4.07 4.77 -0.10 0.99 0.04 
579248 2.10 4.07 4.77 0.09 0.98 0.03 
579288 2.10 4.07 4.77 0.13 1.02 0.36 
579659 2.10 4.07 4.77 0.06 0.95 0.42 
579700 2.10 4.07 4.77 0.04 0.89 0.39 
579740 2.10 4.07 4.77 0.09 0.75 0.40 
579781 2.10 4.07 4.77 -0.01 0.62 0.35 
579822 2.10 4.07 4.77 -0.06 0.87 0.44 
579864 2.10 4.07 4.77 0.18 1.20 0.73 
579905 2.10 4.07 4.77 0.25 1.26 0.64 
579945 2.10 4.07 4.77 0.25 1.00 0.42 
579986 2.10 4.07 4.77 0.15 0.82 0.26 
580027 2.10 4.07 4.77 0.19 0.76 0.31 
580067 2.10 4.07 4.77 0.22 0.75 0.22 
580108 2.10 4.07 4.77 0.27 0.86 0.33 
580148 2.10 4.07 4.77 0.41 0.96 0.38 
580472 2.10 4.07 4.77 0.20 1.01 0.47 
580513 2.10 4.07 4.77 0.16 1.03 0.46 
580553 2.10 4.07 4.77 0.22 0.92 0.39 
580594 2.10 4.07 4.77 0.23 0.84 0.48 
580635 2.10 4.07 4.77 0.10 0.96 0.42 
580675 2.10 4.07 4.77 0.27 0.93 0.44 
580716 2.10 4.07 4.77 0.33 0.97 0.46 
580757 2.10 4.07 4.77 0.27 1.00 0.49 
580797 2.10 4.07 4.77 0.20 0.91 0.48 
580838 2.10 4.07 4.77 0.20 0.86 0.65 
580878 2.10 4.07 4.77 0.34 0.82 0.39 
580919 2.10 4.07 4.77 0.35 0.85 0.37 
580960 2.10 4.07 4.77 0.33 0.80 0.43 
581324 2.10 4.07 4.77 0.48 0.86 0.43 
581365 2.10 4.07 4.77 0.52 0.84 0.45 
581405 2.10 4.07 4.77 0.45 0.83 0.42 
581446 2.10 4.07 4.77 0.48 0.84 0.43 
581486 2.10 4.07 4.77 0.45 0.84 0.44 
581527 2.10 4.07 4.77 0.46 0.86 0.43 
581568 2.10 4.07 4.77 0.41 0.86 0.39 
581608 2.10 4.07 4.77 0.41 0.85 0.39 
581649 2.10 4.07 4.77 0.35 0.83 0.38 
581689 2.10 4.07 4.77 0.38 0.81 0.39 
581730 2.10 4.07 4.77 0.31 0.81 0.35 
581771 2.10 4.07 4.77 0.37 0.83 0.40 
582135 2.10 4.07 4.77 0.34 0.89 0.46 
582176 2.10 4.07 4.77 0.31 0.90 0.46 
582216 2.10 4.07 4.77 0.34 0.91 0.47 
582257 2.10 4.07 4.77 0.34 0.90 0.45 
582298 2.10 4.07 4.77 0.29 0.88 0.41 
582338 2.10 4.07 4.77 0.33 0.89 0.39 
582379 2.10 4.07 4.77 0.31 0.89 0.38 
582419 2.10 4.07 4.77 0.29 0.89 0.37 
582460 2.10 4.07 4.77 0.31 0.90 0.37 
582501 2.10 4.07 4.77 0.28 0.90 0.36 
582541 2.10 4.07 4.77 0.28 0.93 0.38 
582582 2.10 4.07 4.77 0.32 0.94 0.36 
582623 2.10 4.07 4.77 0.31 0.91 0.33 
582946 2.10 4.07 4.77 0.33 0.89 0.40 
582987 2.10 4.07 4.77 0.30 0.88 0.40 
583028 2.10 4.07 4.77 0.28 0.90 0.41 
583068 2.10 4.07 4.77 0.26 0.92 0.42 
583109 2.10 4.07 4.77 0.26 0.96 0.46 
583149 2.10 4.07 4.77 0.28 0.96 0.47 
583190 2.10 4.07 4.77 0.29 0.95 0.44 
583231 2.10 4.07 4.77 0.26 0.94 0.42 
583271 2.10 4.07 4.77 0.23 0.90 0.40 
583312 2.10 4.07 4.77 0.25 0.90 0.40 
583352 2.10 4.07 4.77 0.32 0.88 0.35 
583393 2.10 4.07 4.77 0.26 0.85 0.32 
583434 2.10 4.07 4.77 0.26 0.89 0.31 
583798 2.10 4.07 4.77 0.18 0.90 0.46 
583839 2.10 4.07 4.77 0.22 0.88 0.49 
583879 2.10 4.07 4.77 0.20 0.86 0.48 
583920 2.10 4.07 4.77 0.23 0.87 0.46 
583961 2.10 4.07 4.77 0.28 0.86 0.45 
584001 2.10 4.07 4.77 0.30 0.85 0.45 
584042 2.10 4.07 4.77 0.23 0.85 0.48 
584082 2.10 4.07 4.77 0.15 0.83 0.48 
584123 2.10 4.07 4.77 0.13 0.83 0.48 
584164 2.10 4.07 4.77 0.27 0.92 0.53 
584204 2.10 4.07 4.77 0.37 1.03 0.63 
584245 2.10 4.07 4.77 0.33 1.01 0.63 
584610 2.10 4.07 4.77 0.25 0.86 0.54 
584651 2.10 4.07 4.77 0.28 0.86 0.58 
584692 2.10 4.07 4.77 0.30 0.87 0.59 
584732 2.10 4.07 4.77 0.28 0.85 0.60 
584773 2.10 4.07 4.77 0.26 0.83 0.56 
584813 2.10 4.07 4.77 0.28 0.86 0.55 
584854 2.10 4.07 4.77 0.29 0.85 0.54 
584895 2.10 4.07 4.77 0.28 0.85 0.54 
584935 2.10 4.07 4.77 0.26 0.86 0.56 
584976 2.10 4.07 4.77 0.26 0.87 0.55 
585016 2.10 4.07 4.77 0.28 0.87 0.53 
585057 2.10 4.07 4.77 0.29 0.86 0.55 
585098 2.10 4.07 4.77 0.26 0.85 0.54 
585422 2.10 4.07 4.77 0.27 0.93 0.54 
585462 2.10 4.07 4.77 0.25 0.91 0.53 
585503 2.10 4.07 4.77 0.21 0.89 0.52 
585543 2.10 4.07 4.77 0.25 0.92 0.52 
585584 2.10 4.07 4.77 0.22 0.85 0.48 
585625 2.10 4.07 4.77 0.23 0.85 0.44 
585665 2.10 4.07 4.77 0.24 0.85 0.42 
585706 2.10 4.07 4.77 0.26 0.84 0.37 
585746 2.10 4.07 4.77 0.26 0.89 0.46 
585787 2.10 4.07 4.77 0.18 0.91 0.54 
585828 2.10 4.07 4.77 0.21 0.93 0.55 
585868 2.10 4.07 4.77 0.18 0.90 0.51 
585909 2.10 4.07 4.77 0.20 0.90 0.51 
586273 2.10 4.07 4.77 0.27 0.94 0.52 
586314 2.10 4.07 4.77 0.24 0.94 0.50 
586355 2.10 4.07 4.77 0.24 0.89 0.50 
586395 2.10 4.07 4.77 0.21 0.88 0.49 
586436 2.10 4.07 4.77 0.22 0.90 0.47 
586476 2.10 4.07 4.77 0.25 0.86 0.44 
586517 2.10 4.07 4.77 0.24 0.89 0.49 
586558 2.10 4.07 4.77 0.22 0.89 0.48 
586598 2.10 4.07 4.77 0.20 0.87 0.45 
586639 2.10 4.07 4.77 0.23 0.88 0.46 
586679 2.10 4.07 4.77 0.23 0.88 0.44 
586720 2.10 4.07 4.77 0.24 0.89 0.45 
586761 2.10 4.07 4.77 0.20 0.89 0.45 
587085 2.10 4.07 4.77 0.26 0.87 0.56 
587125 2.10 4.07 4.77 0.29 0.86 0.56 
587166 2.10 4.07 4.77 0.33 0.87 0.54 
587206 2.10 4.07 4.77 0.46 0.86 0.49 
587247 2.10 4.07 4.77 0.42 0.91 0.48 
587288 2.10 4.07 4.77 0.45 0.94 0.53 
587328 2.10 4.07 4.77 0.41 0.94 0.55 
587369 2.10 4.07 4.77 0.37 0.93 0.60 
587409 2.10 4.07 4.77 0.38 0.92 0.57 
587450 2.10 4.07 4.77 0.36 0.87 0.51 
587491 2.10 4.07 4.77 0.42 0.84 0.48 
587531 2.10 4.07 4.77 0.41 0.79 0.37 
587572 2.10 4.07 4.77 0.33 0.75 0.31 
587936 2.10 4.07 4.77 0.30 0.92 0.36 
587977 2.10 4.07 4.77 0.26 0.90 0.36 
588018 2.10 4.07 4.77 0.31 0.89 0.33 
588058 2.10 4.07 4.77 0.26 0.88 0.37 
588099 2.10 4.07 4.77 0.25 0.88 0.36 
588139 2.10 4.07 4.77 0.23 0.88 0.40 
588180 2.10 4.07 4.77 0.14 0.86 0.41 
588221 2.10 4.07 4.77 0.08 0.83 0.41 
588261 2.10 4.07 4.77 0.15 0.91 0.45 
588302 2.10 4.07 4.77 0.24 0.89 0.44 
588342 2.10 4.07 4.77 0.24 0.94 0.45 
588383 2.10 4.07 4.77 0.21 0.91 0.41 
588748 2.10 4.07 4.77 0.27 0.90 0.42 
588788 2.10 4.07 4.77 0.18 0.87 0.35 
588829 2.10 4.07 4.77 0.16 0.88 0.32 
588869 2.10 4.07 4.77 0.22 0.94 0.37 
588910 2.10 4.07 4.77 0.22 0.92 0.32 
588951 2.10 4.07 4.77 0.24 0.91 0.30 
588991 2.10 4.07 4.77 0.20 0.91 0.32 
589032 2.10 4.07 4.77 0.26 0.99 0.40 
589072 2.10 4.07 4.77 0.26 1.05 0.42 
589113 2.10 4.07 4.77 0.18 1.08 0.40 
589154 2.10 4.07 4.77 0.16 1.06 0.40 
589194 2.10 4.07 4.77 0.18 1.03 0.38 
589235 2.10 4.07 4.77 0.19 0.96 0.34 
589561 2.10 4.07 4.77 -0.01 0.93 0.40 
589602 2.10 4.07 4.77 -0.05 0.87 0.28 
589644 2.10 4.07 4.77 -0.09 0.92 0.28 
589686 2.10 4.07 4.77 -0.10 1.00 0.42 
589727 2.10 4.07 4.77 0.05 1.02 0.41 
589768 2.10 4.07 4.77 0.04 0.94 0.35 
589809 2.10 4.07 4.77 0.05 0.97 0.33 
589849 2.10 4.07 4.77 -0.01 0.99 0.40 
589891 2.10 4.07 4.77 -0.03 0.99 0.41 
589932 2.10 4.07 4.77 -0.03 0.94 0.41 
589974 2.10 4.07 4.77 -0.07 0.86 0.44 
590016 2.10 4.07 4.77 -0.03 0.91 0.46 
590057 2.10 4.07 4.77 -0.10 0.89 0.45 
590387 2.10 4.07 4.77 -0.01 0.88 0.50 
590429 2.10 4.07 4.77 -0.06 0.90 0.52 
590470 2.10 4.07 4.77 -0.09 0.91 0.48 
590512 2.10 4.07 4.77 -0.11 0.89 0.43 
590554 2.10 4.07 4.77 -0.05 0.93 0.50 
590595 2.10 4.07 4.77 -0.04 0.94 0.50 
590637 2.10 4.07 4.77 -0.02 0.93 0.53 
590679 2.10 4.07 4.77 0.02 0.99 0.58 
590718 2.10 4.07 4.77 0.08 0.99 0.61 
590759 2.10 4.07 4.77 0.10 0.98 0.59 
590799 2.10 4.07 4.77 0.10 0.97 0.56 
590840 2.10 4.07 4.77 0.05 0.97 0.53 
590881 2.10 4.07 4.77 0.01 0.93 0.54 
591209 2.10 4.07 4.77 -0.11 0.97 0.48 
591250 2.10 4.07 4.77 -0.08 1.04 0.59 
591292 2.10 4.07 4.77 0.05 1.08 0.78 
591332 2.10 4.07 4.77 0.05 1.00 0.81 
591373 2.10 4.07 4.77 0.01 0.96 0.72 
591414 2.10 4.07 4.77 -0.06 0.88 0.58 
591455 2.10 4.07 4.77 -0.07 0.83 0.53 
591497 2.10 4.07 4.77 -0.20 0.81 0.51 
591538 2.10 4.07 4.77 -0.26 0.77 0.45 
591580 2.10 4.07 4.77 -0.30 0.75 0.38 
591622 2.10 4.07 4.77 -0.18 0.78 0.39 
591663 2.10 4.07 4.77 -0.26 0.86 0.52 
591705 2.10 4.07 4.77 -0.11 0.85 0.47 
592037 2.10 4.07 4.77 -0.08 0.93 0.45 
592079 2.10 4.07 4.77 -0.12 0.91 0.45 
592120 2.10 4.07 4.77 -0.09 0.92 0.61 
592162 2.10 4.07 4.77 -0.13 0.87 0.64 
592203 2.10 4.07 4.77 -0.15 0.85 0.61 
592245 2.10 4.07 4.77 -0.14 0.83 0.56 
592287 2.10 4.07 4.77 -0.05 0.85 0.56 
592328 2.10 4.07 4.77 0.00 0.82 0.51 
592369 2.10 4.07 4.77 0.00 0.84 0.48 
592410 2.10 4.07 4.77 -0.02 0.88 0.51 
592451 2.10 4.07 4.77 -0.04 0.90 0.53 
592493 2.10 4.07 4.77 -0.04 0.92 0.56 
592534 2.10 4.07 4.77 -0.05 0.91 0.56 
592867 2.10 4.07 4.77 -0.01 0.87 0.57 
592909 2.10 4.07 4.77 -0.02 0.85 0.55 
592951 2.10 4.07 4.77 -0.05 0.86 0.58 
592992 2.10 4.07 4.77 -0.06 0.87 0.59 
593034 2.10 4.07 4.77 -0.08 0.87 0.58 
593076 2.10 4.07 4.77 -0.08 0.88 0.59 
593117 2.10 4.07 4.77 -0.08 0.85 0.61 
593159 2.10 4.07 4.77 -0.07 0.86 0.63 
593200 2.10 4.07 4.77 -0.08 0.84 0.61 
593242 2.10 4.07 4.77 -0.09 0.84 0.60 
593284 2.10 4.07 4.77 -0.08 0.85 0.60 
593325 2.10 4.07 4.77 -0.09 0.87 0.62 
593367 2.10 4.07 4.77 -0.07 0.86 0.61 
593699 2.10 4.07 4.77 -0.03 0.83 0.61 
593741 2.10 4.07 4.77 -0.04 0.83 0.62 
593782 2.10 4.07 4.77 -0.03 0.83 0.61 
593824 2.10 4.07 4.77 -0.03 0.82 0.60 
593865 2.10 4.07 4.77 -0.04 0.84 0.62 
593907 2.10 4.07 4.77 -0.06 0.85 0.63 
593949 2.10 4.07 4.77 -0.05 0.85 0.64 
593990 2.10 4.07 4.77 -0.05 0.83 0.64 
594032 2.10 4.07 4.77 -0.04 0.84 0.65 
594074 2.10 4.07 4.77 -0.01 0.85 0.64 
594115 2.10 4.07 4.77 -0.01 0.85 0.63 
594157 2.10 4.07 4.77 0.01 0.85 0.64 
594197 2.10 4.07 4.77 -0.00 0.81 0.65 
594528 2.10 4.07 4.77 0.03 0.83 0.63 
594569 2.10 4.07 4.77 0.04 0.81 0.61 
594610 2.10 4.07 4.77 0.03 0.82 0.62 
594650 2.10 4.07 4.77 0.00 0.80 0.62 
594691 2.10 4.07 4.77 -0.02 0.81 0.64 
594732 2.10 4.07 4.77 -0.04 0.80 0.65 
594774 2.10 4.07 4.77 -0.05 0.82 0.67 
594816 2.10 4.07 4.77 -0.03 0.80 0.66 
594856 2.10 4.07 4.77 -0.04 0.81 0.65 
594898 2.10 4.07 4.77 -0.03 0.79 0.65 
594940 2.10 4.07 4.77 -0.05 0.80 0.66 
594981 2.10 4.07 4.77 -0.05 0.82 0.69 
595023 2.10 4.07 4.77 -0.03 0.83 0.70 
595355 2.10 4.07 4.77 -0.00 0.75 0.62 
595396 2.10 4.07 4.77 0.01 0.67 0.38 
595437 2.10 4.07 4.77 -0.04 0.86 0.96 
595479 2.10 4.07 4.77 0.24 0.82 0.72 
595519 2.10 4.07 4.77 0.10 0.99 0.77 
595560 2.10 4.07 4.77 0.17 0.82 0.69 
595600 2.10 4.07 4.77 0.08 0.75 0.79 
595641 2.10 4.07 4.77 -0.00 0.83 0.67 
595683 2.10 4.07 4.77 -0.25 0.82 0.63 
595724 2.10 4.07 4.77 -0.21 0.75 0.71 
595766 2.10 4.07 4.77 -0.43 1.18 0.72 
595808 2.10 4.07 4.77 0.03 1.00 0.60 
595848 2.10 4.07 4.77 -0.30 0.77 0.75 
596180 2.10 4.07 4.77 -0.19 0.72 0.48 
596222 2.10 4.07 4.77 -0.28 0.72 0.45 
596263 2.10 4.07 4.77 -0.22 0.86 0.43 
596305 2.10 4.07 4.77 -0.30 1.10 0.39 
596347 2.10 4.07 4.77 -0.23 0.80 0.78 
596388 2.10 4.07 4.77 -0.29 0.89 0.73 
596430 2.10 4.07 4.77 -0.23 0.87 0.54 
596472 2.10 4.07 4.77 -0.23 0.77 0.60 
596513 2.10 4.07 4.77 -0.24 0.81 0.52 
596555 2.10 4.07 4.77 -0.25 0.89 0.50 
596596 2.10 4.07 4.77 -0.24 0.84 0.56 
596638 2.10 4.07 4.77 -0.20 0.94 0.44 
596680 2.10 4.07 4.77 -0.24 0.88 0.51 
597013 2.10 4.07 4.77 -0.45 0.94 0.34 
597054 2.10 4.07 4.77 -0.35 0.81 0.38 
597096 2.10 4.07 4.77 -0.43 0.92 0.39 
597138 2.10 4.07 4.77 -0.45 0.86 0.52 
597179 2.10 4.07 4.77 -0.47 0.93 0.44 
597221 2.10 4.07 4.77 -0.37 0.86 0.48 
597262 2.10 4.07 4.77 -0.36 0.79 0.52 
597304 2.10 4.07 4.77 -0.40 0.77 0.48 
597346 2.10 4.07 4.77 -0.39 0.84 0.35 
597387 2.10 4.07 4.77 -0.33 0.77 0.37 
597429 2.10 4.07 4.77 -0.39 0.90 0.43 
597471 2.10 4.07 4.77 -0.30 0.94 0.44 
597512 2.10 4.07 4.77 -0.29 0.89 0.43 
597844 2.10 4.07 4.77 -0.27 0.95 0.37 
597886 2.10 4.07 4.77 -0.26 0.95 0.34 
597927 2.10 4.07 4.77 -0.25 0.92 0.32 
597969 2.10 4.07 4.77 -0.26 0.95 0.37 
598011 2.10 4.07 4.77 -0.24 0.92 0.36 
598052 2.10 4.07 4.77 -0.23 0.94 0.32 
598094 2.10 4.07 4.77 -0.19 0.95 0.34 
598136 2.10 4.07 4.77 -0.17 0.98 0.39 
598177 2.10 4.07 4.77 -0.19 0.97 0.38 
598219 2.10 4.07 4.77 -0.17 0.94 0.34 
598260 2.10 4.07 4.77 -0.14 0.93 0.34 
598302 2.10 4.07 4.77 -0.13 0.97 0.39 
598677 2.10 4.07 4.77 -0.09 1.03 0.39 
598718 2.10 4.07 4.77 -0.10 1.04 0.34 
598760 2.10 4.07 4.77 -0.10 0.99 0.38 
598802 2.10 4.07 4.77 -0.17 0.98 0.34 
598843 2.10 4.07 4.77 -0.14 0.96 0.25 
598885 2.10 4.07 4.77 -0.18 0.94 0.29 
598926 2.10 4.07 4.77 -0.16 0.92 0.28 
598968 2.10 4.07 4.77 -0.17 1.02 0.20 
599010 2.10 4.07 4.77 -0.14 1.01 0.27 
599051 2.10 4.07 4.77 -0.11 1.03 0.31 
599093 2.10 4.07 4.77 -0.13 1.13 0.30 
599135 2.10 4.07 4.77 -0.15 1.16 0.28 
599508 2.10 4.07 4.77 -0.33 0.73 0.53 
599550 2.10 4.07 4.77 -0.35 0.68 0.44 
599591 2.10 4.07 4.77 -0.40 0.73 0.32 
599633 2.10 4.07 4.77 -0.48 0.70 0.33 
599675 2.10 4.07 4.77 -0.49 0.65 0.33 
599716 2.10 4.07 4.77 -0.52 0.72 0.38 
599758 2.10 4.07 4.77 -0.48 0.73 0.47 
599800 2.10 4.07 4.77 -0.45 0.80 0.45 
599841 2.10 4.07 4.77 -0.43 0.82 0.47 
599883 2.10 4.07 4.77 -0.43 0.78 0.52 
599924 2.10 4.07 4.77 -0.44 0.80 0.47 
599966 2.10 4.07 4.77 -0.44 0.80 0.48 
600341 2.10 4.07 4.77 -0.37 0.89 0.42 
600382 2.10 4.07 4.77 -0.35 0.83 0.45 
600424 2.10 4.07 4.77 -0.37 0.88 0.44 
600466 2.10 4.07 4.77 -0.36 0.83 0.45 
600507 2.10 4.07 4.77 -0.38 0.81 0.41 
600549 2.10 4.07 4.77 -0.38 0.81 0.39 
600590 2.10 4.07 4.77 -0.34 0.84 0.41 
600632 2.10 4.07 4.77 -0.36 0.86 0.41 
600674 2.10 4.07 4.77 -0.31 0.84 0.40 
600715 2.10 4.07 4.77 -0.28 0.91 0.40 
600757 2.10 4.07 4.77 -0.29 0.96 0.36 
600799 2.10 4.07 4.77 -0.30 0.95 0.39 
601132 2.10 4.07 4.77 -0.15 0.96 0.44 
601172 2.10 4.07 4.77 -0.07 0.93 0.49 
601214 2.10 4.07 4.77 -0.04 0.93 0.43 
601255 2.10 4.07 4.77 -0.05 0.89 0.41 
601297 2.10 4.07 4.77 -0.06 0.85 0.34 
601339 2.10 4.07 4.77 -0.09 0.87 0.36 
601380 2.10 4.07 4.77 -0.10 0.90 0.51 
601422 2.10 4.07 4.77 -0.18 0.91 0.47 
601464 2.10 4.07 4.77 -0.21 0.98 0.34 
601505 2.10 4.07 4.77 -0.27 1.03 0.39 
601547 2.10 4.07 4.77 -0.24 0.96 0.30 
601588 2.10 4.07 4.77 -0.26 0.94 0.31 
601630 2.10 4.07 4.77 -0.30 0.90 0.32 
601963 2.10 4.07 4.77 -0.21 0.94 0.27 
602005 2.10 4.07 4.77 0.11 0.94 0.31 
602045 2.10 4.07 4.77 -0.02 1.07 0.41 
602087 2.10 4.07 4.77 0.08 0.92 0.47 
602128 2.10 4.07 4.77 -0.12 0.96 0.31 
602169 2.10 4.07 4.77 -0.15 1.11 0.09 
602211 2.10 4.07 4.77 -0.16 0.86 0.20 
602252 2.10 4.07 4.77 -0.29 0.87 0.26 
602294 2.10 4.07 4.77 -0.23 0.90 0.26 
602336 2.10 4.07 4.77 -0.23 0.77 0.25 
602377 2.10 4.07 4.77 -0.15 0.90 0.25 
602419 2.10 4.07 4.77 -0.07 0.80 0.34 
602461 2.10 4.07 4.77 -0.12 0.79 0.45 
602793 2.10 4.07 4.77 -0.10 1.02 0.33 
602834 2.10 4.07 4.77 -0.16 1.06 0.34 
602876 2.10 4.07 4.77 -0.10 0.99 0.35 
602917 2.10 4.07 4.77 -0.14 1.02 0.33 
602959 2.10 4.07 4.77 -0.17 1.00 0.35 
603001 2.10 4.07 4.77 -0.21 0.94 0.49 
603042 2.10 4.07 4.77 -0.22 0.98 0.39 
603084 2.10 4.07 4.77 -0.19 0.99 0.44 
603126 2.10 4.07 4.77 -0.26 0.99 0.52 
603167 2.10 4.07 4.77 -0.27 0.96 0.47 
603209 2.10 4.07 4.77 -0.42 1.05 0.55 
603250 2.10 4.07 4.77 -0.39 1.06 0.75 
603292 2.10 4.07 4.77 -0.50 1.14 0.65 
603623 2.10 4.07 4.77 0.02 0.11 0.04 
603664 2.10 4.07 4.77 0.07 0.10 -0.05 
603705 2.10 4.07 4.77 0.09 0.33 -0.19 
603747 2.10 4.07 4.77 0.15 0.89 -0.17 
603789 2.10 4.07 4.77 -0.28 2.30 0.72 
603830 2.10 4.07 4.77 -0.01 0.75 0.51 
603872 2.10 4.07 4.77 0.03 1.15 0.10 
603912 2.10 4.07 4.77 0.16 0.96 -0.09 
603954 2.10 4.07 4.77 0.07 0.90 0.02 
603995 2.10 4.07 4.77 -0.21 1.09 0.17 
604036 2.10 4.07 4.77 0.11 1.41 0.65 
604077 2.10 4.07 4.77 0.54 2.70 0.98 
604116 2.10 4.07 4.77 -0.38 3.08 -0.21 
604447 2.10 4.07 4.77 0.07 0.69 0.44 
604488 2.10 4.07 4.77 0.16 0.80 0.18 
604529 2.10 4.07 4.77 0.11 0.91 -0.03 
604570 2.10 4.07 4.77 -0.00 0.95 0.04 
604612 2.10 4.07 4.77 -0.02 0.84 0.26 
604654 2.10 4.07 4.77 -0.11 0.94 0.45 
604695 2.10 4.07 4.77 0.20 0.64 0.14 
604736 2.10 4.07 4.77 0.15 0.56 0.07 
604776 2.10 4.07 4.77 -0.02 0.56 0.00 
604818 2.10 4.07 4.77 -0.06 0.64 0.11 
604860 2.10 4.07 4.77 -0.00 0.71 0.24 
604901 2.10 4.07 4.77 0.06 0.69 0.27 
604942 2.10 4.07 4.77 0.11 0.66 0.27 
605272 2.10 4.07 4.77 -0.01 1.47 0.24 
605313 2.10 4.07 4.77 0.06 1.48 0.40 
605353 2.10 4.07 4.76 0.19 1.54 0.31 
605394 2.10 4.07 4.77 0.12 1.52 0.23 
605434 2.10 4.07 4.77 -0.04 1.70 0.27 
605476 2.10 4.07 4.77 -0.01 1.66 0.43 
605518 2.10 4.07 4.77 0.11 1.54 0.40 
605558 2.10 4.07 4.77 0.10 1.55 0.24 
605599 2.10 4.07 4.77 0.06 1.37 0.15 
605639 2.10 4.07 4.77 0.05 1.26 0.24 
605680 2.10 4.07 4.77 0.12 1.21 0.28 
605721 2.10 4.08 4.77 0.11 1.13 0.27 
605761 2.10 4.08 4.77 0.06 1.06 0.22 
606091 2.10 4.07 4.77 -0.14 0.98 0.65 
606133 2.10 4.07 4.77 8.87 -16.00 -16.00 
606177 2.10 4.07 4.77 -0.41 0.43 0.14 
606219 2.10 4.07 4.77 -0.28 0.84 0.01 
606261 2.10 4.07 4.77 0.02 2.58 0.76 
606301 2.10 4.07 4.77 -2.08 0.53 -4.74 
606344 2.10 4.07 4.77 0.28 0.98 -0.26 
606386 2.10 4.07 4.77 -5.30 -0.40 2.19 
606428 2.10 4.07 4.77 -2.75 -1.83 5.32 
606471 2.10 4.07 4.77 -0.86 -1.55 1.86 
606513 2.10 4.07 4.77 0.04 -0.84 -1.72 
606556 2.10 4.07 4.77 0.31 -0.01 0.29 
606598 2.10 4.07 4.77 0.43 -0.28 0.13 
606930 2.10 4.07 4.77 0.41 -0.25 0.89 
606971 2.10 4.07 4.77 0.31 -0.25 0.90 
607013 2.10 4.07 4.77 0.27 -0.16 1.11 
607055 2.10 4.07 4.77 0.19 -0.21 0.99 
607096 2.10 4.07 4.77 0.34 -0.17 1.04 
607138 2.10 4.07 4.77 0.38 -0.20 0.98 
607179 2.10 4.07 4.77 0.43 -0.19 0.98 
607221 2.10 4.07 4.77 0.51 -0.20 0.97 
607263 2.10 4.07 4.77 0.40 -0.26 0.76 
607304 2.10 4.07 4.77 0.62 -0.19 0.92 
607346 2.10 4.07 4.77 0.53 -0.20 0.94 
607388 2.10 4.07 4.77 0.47 -0.20 0.93 
607429 2.10 4.07 4.77 0.50 -0.21 0.93 
607762 2.10 4.07 4.77 0.52 -0.21 0.93 
607804 2.10 4.07 4.77 0.51 -0.21 0.93 
607845 2.10 4.07 4.77 0.51 -0.21 0.93 
607887 2.10 4.07 4.77 0.52 -0.21 0.93 
607929 2.10 4.07 4.77 0.51 -0.20 0.93 
607970 2.10 4.07 4.77 0.51 -0.20 0.93 
608012 2.10 4.07 4.77 0.51 -0.21 0.92 
608054 2.10 4.07 4.77 0.51 -0.21 0.93 
608095 2.10 4.07 4.77 0.51 -0.20 0.93 
608137 2.10 4.07 4.77 0.51 -0.20 0.93 
608178 2.10 4.07 4.77 0.51 -0.20 0.93 
608220 2.10 4.07 4.77 0.51 -0.20 0.94 
608594 2.10 4.07 4.77 0.52 -0.21 0.92 
608635 2.10 4.07 4.77 0.52 -0.21 0.93 
608677 2.10 4.07 4.77 0.51 -0.20 0.92 
608719 2.10 4.07 4.77 0.51 -0.20 0.93 
608760 2.10 4.07 4.77 0.52 -0.20 0.93 
608802 2.10 4.07 4.77 0.51 -0.20 0.93 
608843 2.10 4.07 4.77 0.51 -0.21 0.93 
608885 2.10 4.07 4.77 0.51 -0.20 0.93 
608927 2.10 4.07 4.77 0.51 -0.20 0.93 
608968 2.10 4.07 4.77 0.51 -0.20 0.92 
609010 2.10 4.07 4.77 0.51 -0.21 0.93 
609052 2.10 4.07 4.77 0.51 -0.20 0.92 
609426 2.10 4.07 4.77 0.51 -0.21 0.93 
609468 2.10 4.07 4.77 0.52 -0.20 0.93 
609509 2.10 4.07 4.77 0.51 -0.21 0.93 
609551 2.10 4.07 4.77 0.51 -0.21 0.93 
609593 2.10 4.07 4.77 0.51 -0.21 0.93 
609634 2.10 4.07 4.77 0.51 -0.20 0.93 
609676 2.10 4.07 4.77 0.51 -0.21 0.93 
609718 2.10 4.07 4.77 0.51 -0.21 0.93 
609759 2.10 4.07 4.77 0.52 -0.21 0.93 
609801 2.10 4.07 4.77 0.51 -0.21 0.93 
609842 2.10 4.07 4.77 0.52 -0.20 0.93 
609884 2.10 4.07 4.77 0.51 -0.20 0.93 
610258 2.10 4.07 4.77 0.51 -0.21 0.93 
610299 2.10 4.07 4.77 0.51 -0.20 0.92 
610341 2.10 4.07 4.77 0.52 -0.20 0.93 
610383 2.10 4.07 4.77 0.51 -0.20 0.93 
610424 2.10 4.07 4.77 0.51 -0.21 0.92 
610466 2.10 4.07 4.77 0.51 -0.21 0.92 
610507 2.10 4.07 4.77 0.51 -0.20 0.92 
610549 2.10 4.07 4.77 0.51 -0.21 0.92 
610591 2.10 4.07 4.77 0.51 -0.21 0.92 
610632 2.10 4.07 4.77 0.51 -0.20 0.93 
610674 2.10 4.07 4.77 0.52 -0.21 0.92 
610716 2.10 4.07 4.77 0.51 -0.21 0.93 
611090 2.10 4.07 4.77 0.51 -0.20 0.92 
611132 2.10 4.07 4.77 0.52 -0.21 0.93 
611173 2.10 4.07 4.77 0.51 -0.20 0.93 
611215 2.10 4.07 4.77 0.51 -0.20 0.92 
611257 2.10 4.07 4.77 0.51 -0.21 0.93 
611298 2.10 4.07 4.77 0.51 -0.20 0.93 
611340 2.10 4.07 4.77 0.51 -0.20 0.92 
611382 2.10 4.07 4.77 0.52 -0.20 0.93 
611423 2.10 4.07 4.77 0.51 -0.20 0.92 
611465 2.10 4.07 4.77 0.51 -0.20 0.93 
611506 2.10 4.07 4.77 0.51 -0.20 0.93 
611548 2.10 4.07 4.77 0.51 -0.20 0.94 
611880 2.10 4.07 4.77 0.51 -0.21 0.93 
611922 2.10 4.07 4.77 0.51 -0.20 0.93 
611963 2.10 4.07 4.77 0.51 -0.20 0.92 
612005 2.10 4.08 4.77 0.51 -0.20 0.93 
612047 2.10 4.07 4.77 0.51 -0.21 0.93 
612088 2.10 4.07 4.77 0.51 -0.21 0.93 
612130 2.10 4.07 4.77 0.51 -0.20 0.93 
612171 2.10 4.07 4.77 0.51 -0.20 0.93 
612213 2.10 4.07 4.77 0.51 -0.21 0.93 
612255 2.10 4.07 4.77 0.51 -0.21 0.92 
612296 2.10 4.07 4.77 0.51 -0.20 0.93 
612338 2.10 4.08 4.77 0.51 -0.21 0.93 
612380 2.10 4.07 4.77 0.51 -0.20 0.92 
612713 2.10 4.07 4.77 0.51 -0.20 0.93 
612754 2.10 4.07 4.77 0.51 -0.20 0.93 
612796 2.10 4.07 4.77 0.51 -0.21 0.93 
612837 2.10 4.07 4.77 0.51 -0.21 0.93 
612879 2.10 4.07 4.77 0.51 -0.21 0.92 
612921 2.10 4.07 4.77 0.51 -0.21 0.92 
612962 2.10 4.07 4.77 0.51 -0.20 0.93 
613004 2.10 4.07 4.77 0.51 -0.21 0.92 
613046 2.10 4.07 4.77 0.52 -0.21 0.93 
613087 2.10 4.07 4.77 0.52 -0.20 0.92 
613129 2.10 4.07 4.77 0.51 -0.20 0.92 
613170 2.10 4.07 4.77 0.51 -0.20 0.92 
613212 2.10 4.07 4.77 0.51 -0.20 0.93 
613544 2.10 4.07 4.77 0.51 -0.21 0.92 
613586 2.10 4.07 4.77 0.51 -0.21 0.93 
613627 2.10 4.07 4.77 0.51 -0.21 0.93 
613669 2.10 4.07 4.77 0.52 -0.20 0.92 
613711 2.10 4.07 4.77 0.51 -0.20 0.93 
613752 2.10 4.07 4.77 0.51 -0.21 0.93 
613794 2.10 4.07 4.77 0.51 -0.20 0.92 
613835 2.10 4.07 4.77 0.51 -0.20 0.93 
613877 2.10 4.07 4.77 0.51 -0.20 0.92 
613919 2.10 4.07 4.77 0.52 -0.21 0.92 
613960 2.10 4.07 4.77 0.51 -0.20 0.93 
614002 2.10 4.07 4.77 0.51 -0.20 0.93 
614044 2.10 4.07 4.77 0.51 -0.21 0.93 
614377 2.10 4.07 4.77 0.51 -0.20 0.93 
614418 2.10 4.07 4.77 0.52 -0.21 0.93 
614460 2.10 4.07 4.77 0.51 -0.20 0.93 
614501 2.10 4.07 4.77 0.51 -0.20 0.92 
614543 2.10 4.07 4.77 0.51 -0.21 0.93 
614585 2.10 4.07 4.77 0.51 -0.20 0.93 
614626 2.10 4.07 4.77 0.52 -0.20 0.92 
614668 2.10 4.07 4.77 0.51 -0.20 0.93 
614710 2.10 4.07 4.77 0.51 -0.21 0.93 
614751 2.10 4.07 4.77 0.51 -0.21 0.92 
614793 2.10 4.07 4.77 0.51 -0.21 0.93 
614834 2.10 4.07 4.77 0.51 -0.20 0.93 
615208 2.10 4.07 4.77 0.51 -0.20 0.93 
615250 2.10 4.07 4.77 0.51 -0.21 0.92 
615291 2.10 4.07 4.77 0.51 -0.21 0.93 
615333 2.10 4.07 4.77 0.51 -0.20 0.93 
615375 2.10 4.07 4.77 0.51 -0.20 0.93 
615416 2.10 4.07 4.77 0.51 -0.20 0.92 
615458 2.10 4.07 4.77 0.52 -0.20 0.94 
615499 2.10 4.07 4.77 0.51 -0.20 0.93 
615541 2.10 4.07 4.77 0.51 -0.21 0.93 
615583 2.10 4.07 4.77 0.52 -0.20 0.93 
615624 2.10 4.07 4.77 0.51 -0.21 0.93 
615666 2.10 4.07 4.77 0.51 -0.20 0.93 
616041 2.10 4.07 4.77 0.51 -0.20 0.93 
616082 2.10 4.07 4.77 0.51 -0.21 0.93 
616124 2.10 4.07 4.77 0.52 -0.21 0.92 
616165 2.10 4.07 4.77 0.52 -0.20 0.92 
616207 2.10 4.07 4.77 0.51 -0.21 0.93 
616249 2.10 4.07 4.77 0.51 -0.20 0.93 
616290 2.10 4.07 4.77 0.52 -0.20 0.93 
616332 2.10 4.07 4.77 0.51 -0.20 0.92 
616374 2.10 4.07 4.77 0.51 -0.20 0.92 
616415 2.10 4.07 4.77 0.51 -0.21 0.93 
616457 2.10 4.07 4.77 0.52 -0.20 0.92 
616498 2.10 4.07 4.77 0.51 -0.20 0.93 
616872 2.10 4.07 4.77 0.51 -0.20 0.93 
616914 2.10 4.07 4.77 0.52 -0.21 0.93 
616955 2.10 4.07 4.77 0.51 -0.21 0.93 
616997 2.10 4.07 4.77 0.51 -0.20 0.92 
617039 2.10 4.07 4.77 0.52 -0.20 0.92 
617080 2.10 4.07 4.77 0.51 -0.20 0.93 
617122 2.10 4.07 4.77 0.51 -0.21 0.93 
617163 2.10 4.07 4.77 0.52 -0.20 0.93 
617205 2.10 4.07 4.77 0.51 -0.20 0.93 
617247 2.10 4.07 4.77 0.51 -0.21 0.93 
617288 2.10 4.07 4.77 0.51 -0.21 0.93 
617330 2.10 4.07 4.77 0.52 -0.20 0.93 
617705 2.10 4.07 4.77 0.51 -0.20 0.93 
617746 2.10 4.07 4.77 0.51 -0.20 0.93 
617788 2.10 4.07 4.77 0.51 -0.21 0.93 
617830 2.10 4.07 4.77 0.51 -0.20 0.93 
617871 2.10 4.07 4.77 0.51 -0.20 0.92 
617913 2.10 4.07 4.77 0.51 -0.20 0.93 
617954 2.10 4.07 4.77 0.51 -0.20 0.93 
617996 2.10 4.07 4.77 0.51 -0.20 0.93 
618038 2.10 4.07 4.77 0.51 -0.20 0.93 
618079 2.10 4.07 4.77 0.51 -0.21 0.93 
618121 2.10 4.07 4.77 0.51 -0.21 0.93 
618162 2.10 4.07 4.77 0.51 -0.20 0.93 
618494 2.10 4.07 4.77 0.51 -0.20 0.93 
618536 2.10 4.07 4.77 0.51 -0.20 0.92 
618578 2.10 4.07 4.77 0.51 -0.20 0.93 
618619 2.10 4.07 4.77 0.51 -0.20 0.93 
618661 2.10 4.07 4.77 0.51 -0.20 0.93 
618703 2.10 4.07 4.77 0.51 -0.20 0.93 
618744 2.10 4.07 4.77 0.51 -0.20 0.93 
618786 2.10 4.07 4.77 0.51 -0.21 0.93 
618827 2.10 4.07 4.77 0.51 -0.20 0.93 
618869 2.10 4.07 4.77 0.51 -0.20 0.93 
618911 2.10 4.07 4.77 0.51 -0.20 0.93 
618952 2.10 4.07 4.77 0.51 -0.20 0.93 
618994 2.10 4.07 4.77 0.51 -0.20 0.93 
619327 2.10 4.07 4.77 0.51 -0.21 0.93 
619369 2.10 4.07 4.77 0.51 -0.20 0.93 
619410 2.10 4.07 4.77 0.51 -0.20 0.93 
619452 2.10 4.07 4.77 0.51 -0.20 0.93 
619493 2.10 4.07 4.77 0.51 -0.20 0.92 
619535 2.10 4.07 4.77 0.51 -0.20 0.92 
619577 2.10 4.07 4.77 0.51 -0.20 0.93 
619618 2.10 4.07 4.77 0.51 -0.20 0.92 
619660 2.10 4.07 4.77 0.51 -0.20 0.93 
619702 2.10 4.07 4.77 0.51 -0.20 0.93 
619743 2.10 4.07 4.77 0.51 -0.20 0.93 
619785 2.10 4.07 4.77 0.51 -0.20 0.92 
619826 2.10 4.07 4.77 0.51 -0.21 0.93 
620158 2.10 4.07 4.77 0.51 -0.20 0.93 
620200 2.10 4.07 4.77 0.51 -0.20 0.93 
620242 2.10 4.07 4.77 0.51 -0.20 0.93 
620283 2.10 4.07 4.77 0.51 -0.21 0.93 
620325 2.10 4.07 4.77 0.51 -0.20 0.93 
620367 2.10 4.07 4.77 0.51 -0.20 0.92 
620408 2.10 4.07 4.77 0.51 -0.20 0.93 
620450 2.10 4.07 4.77 0.51 -0.20 0.94 
620491 2.10 4.07 4.77 0.51 -0.20 0.93 
620533 2.10 4.07 4.77 0.51 -0.20 0.93 
620575 2.10 4.07 4.77 0.51 -0.20 0.93 
620616 2.10 4.07 4.77 0.51 -0.21 0.93 
620658 2.10 4.07 4.77 0.52 -0.21 0.93 
620991 2.10 4.07 4.77 0.51 -0.20 0.92 
621033 2.10 4.07 4.77 0.51 -0.20 0.92 
621074 2.10 4.07 4.77 0.51 -0.20 0.92 
621116 2.10 4.07 4.77 0.51 -0.20 0.93 
621157 2.10 4.07 4.77 0.51 -0.20 0.93 
621199 2.10 4.07 4.77 0.51 -0.20 0.93 
621241 2.10 4.07 4.77 0.51 -0.20 0.93 
621282 2.10 4.07 4.77 0.51 -0.20 0.93 
621324 2.10 4.07 4.77 0.52 -0.20 0.92 
621366 2.10 4.07 4.77 0.51 -0.21 0.93 
621407 2.10 4.07 4.77 0.51 -0.20 0.92 
621449 2.10 4.07 4.77 0.51 -0.20 0.93 
621822 2.10 4.07 4.77 0.51 -0.20 0.93 
621864 2.10 4.07 4.77 0.51 -0.20 0.93 
621906 2.10 4.07 4.77 0.51 -0.20 0.93 
621947 2.10 4.07 4.77 0.51 -0.20 0.93 
621989 2.10 4.07 4.77 0.51 -0.20 0.93 
622031 2.10 4.07 4.77 0.51 -0.20 0.93 
622072 2.10 4.07 4.77 0.51 -0.20 0.93 
622114 2.10 4.07 4.77 0.51 -0.20 0.93 
622155 2.10 4.07 4.77 0.51 -0.20 0.93 
622197 2.10 4.07 4.77 0.50 -0.21 0.91 
622239 2.10 4.07 4.77 0.54 -0.16 0.97 
622280 2.10 4.07 4.77 0.52 -0.20 0.97 
622655 2.10 4.07 4.77 0.48 -0.22 0.89 
622697 2.10 4.07 4.77 0.55 -0.18 0.96 
622738 2.10 4.07 4.77 0.57 -0.18 0.91 
622780 2.10 4.07 4.77 0.55 -0.18 0.95 
622821 2.10 4.07 4.77 0.53 -0.23 0.91 
622863 2.10 4.07 4.77 0.52 -0.20 0.91 
622905 2.10 4.07 4.77 0.53 -0.19 0.92 
622946 2.10 4.07 4.77 0.54 -0.19 0.92 
622988 2.10 4.07 4.77 0.53 -0.20 0.89 
623030 2.10 4.07 4.77 0.52 -0.20 0.92 
623071 2.10 4.07 4.77 0.54 -0.20 0.90 
623113 2.10 4.07 4.77 0.53 -0.19 0.92 
623486 2.10 4.07 4.77 0.54 -0.19 0.90 
623528 2.10 4.07 4.77 0.54 -0.19 0.92 
623570 2.10 4.07 4.77 0.52 -0.21 0.91 
623611 2.10 4.07 4.77 0.53 -0.20 0.91 
623653 2.10 4.07 4.77 0.52 -0.19 0.93 
623695 2.10 4.07 4.77 0.54 -0.20 0.93 
623736 2.10 4.07 4.77 0.55 -0.20 0.93 
623778 2.10 4.07 4.77 0.53 -0.20 0.92 
623819 2.10 4.07 4.77 0.52 -0.20 0.92 
623861 2.10 4.07 4.77 0.52 -0.19 0.91 
623903 2.10 4.07 4.77 0.52 -0.20 0.92 
623944 2.10 4.07 4.77 0.52 -0.19 0.92 
624319 2.10 4.07 4.77 0.52 -0.20 0.92 
624361 2.10 4.07 4.77 0.53 -0.20 0.94 
624402 2.10 4.07 4.77 0.52 -0.20 0.91 
624444 2.10 4.07 4.77 0.54 -0.19 0.93 
624485 2.10 4.07 4.77 0.54 -0.19 0.93 
624527 2.10 4.07 4.77 0.52 -0.20 0.91 
624569 2.10 4.07 4.77 0.54 -0.20 0.92 
624610 2.10 4.07 4.77 0.52 -0.20 0.92 
624652 2.10 4.07 4.77 0.53 -0.19 0.92 
624694 2.10 4.07 4.76 0.53 -0.20 0.92 
624735 2.10 4.07 4.77 0.52 -0.20 0.92 
624777 2.10 4.08 4.77 0.53 -0.20 0.92 
625110 2.10 4.07 4.77 0.49 -0.21 0.88 
625152 2.10 4.07 4.77 0.51 -0.25 0.83 
625192 2.10 4.07 4.77 0.58 -0.20 0.91 
625234 2.10 4.07 4.77 0.55 -0.25 0.79 
625275 2.10 4.07 4.77 0.53 -0.15 0.92 
625317 2.10 4.07 4.77 0.36 -0.20 1.31 
625359 2.10 4.07 4.77 0.81 -0.13 0.65 
625400 2.10 4.07 4.77 0.66 -0.08 0.36 
625442 2.10 4.07 4.77 0.98 0.18 0.45 
625483 2.10 4.07 4.77 0.94 -0.10 0.37 
625524 2.10 4.07 4.77 0.93 -0.07 0.56 
625566 2.10 4.07 4.77 0.81 -0.13 0.57 
625607 2.10 4.07 4.77 0.78 -0.15 0.83 
625940 2.10 4.07 4.77 0.47 -0.22 0.92 
625982 2.10 4.07 4.77 0.49 -0.20 0.94 
626024 2.10 4.07 4.77 0.48 -0.20 0.87 
626065 2.10 4.07 4.77 0.57 -0.19 0.88 
626107 2.10 4.07 4.77 0.62 -0.18 0.88 
626149 2.10 4.07 4.77 0.61 -0.17 0.89 
626190 2.10 4.07 4.77 0.61 -0.18 0.87 
626232 2.10 4.07 4.77 0.56 -0.19 0.89 
626273 2.10 4.07 4.77 0.56 -0.17 0.88 
626315 2.10 4.07 4.77 0.61 -0.21 0.82 
626357 2.10 4.07 4.77 0.59 -0.21 0.88 
626398 2.10 4.07 4.77 0.61 -0.18 0.80 
626440 2.10 4.07 4.77 0.63 -0.10 0.90 
626772 2.10 4.07 4.77 1.52 -0.22 1.91 
626813 2.10 4.07 4.77 0.48 0.37 1.12 
626854 2.10 4.07 4.77 0.63 0.20 1.36 
626895 2.10 4.07 4.77 1.07 0.21 1.46 
626935 2.10 4.07 4.77 0.62 0.35 1.59 
626976 2.10 4.07 4.77 0.68 0.30 1.35 
627017 2.10 4.07 4.77 0.86 0.28 1.38 
627057 2.10 4.07 4.77 0.68 0.60 0.93 
627098 2.10 4.07 4.77 0.55 0.48 0.95 
627138 2.10 4.07 4.77 0.45 0.34 0.88 
627179 2.10 4.07 4.77 0.54 0.48 0.69 
627220 2.10 4.07 4.77 0.43 0.60 0.81 
627260 2.10 4.07 4.77 0.35 0.60 0.82 
627627 2.10 4.07 4.77 0.38 0.05 0.59 
627666 2.10 4.07 4.77 0.30 -0.04 0.64 
627708 2.10 4.07 4.77 0.39 0.03 0.43 
627749 2.09 4.07 4.77 0.28 0.13 0.55 
627789 2.10 4.07 4.77 0.40 -0.13 0.50 
627831 2.10 4.07 4.77 0.74 -0.10 0.19 
627872 2.10 4.07 4.77 0.69 0.07 0.43 
627913 2.10 4.07 4.77 0.69 -0.01 0.53 
627955 2.10 4.07 4.77 0.94 -0.09 0.36 
627996 2.10 4.07 4.77 1.04 0.13 0.33 
628037 2.10 4.07 4.77 0.86 0.03 0.53 
628078 2.10 4.07 4.77 1.11 -0.05 0.36 
628452 2.10 4.07 4.77 0.91 -0.20 -0.08 
628495 2.10 4.07 4.77 0.66 -0.18 0.10 
628536 2.10 4.07 4.77 0.66 -0.11 0.09 
628578 2.10 4.07 4.77 0.85 -0.20 0.13 
628620 2.10 4.07 4.77 1.08 -0.24 -0.17 
628662 2.10 4.07 4.77 0.96 -0.27 -0.02 
628705 2.10 4.07 4.77 0.94 -0.14 0.08 
628747 2.10 4.07 4.77 0.94 -0.17 0.03 
628788 2.10 4.07 4.77 1.05 0.16 0.08 
628829 2.10 4.07 4.77 1.81 -0.42 -0.46 
628871 2.10 4.07 4.77 1.19 -0.22 0.49 
628913 2.10 4.07 4.77 1.00 0.00 0.27 
629250 2.10 4.07 4.77 1.09 -0.10 -0.13 
629293 2.10 4.07 4.77 0.98 -0.03 -0.10 
629335 2.10 4.07 4.77 1.14 0.30 -0.32 
629377 2.10 4.07 4.77 1.23 0.29 -0.32 
629419 2.10 4.07 4.77 0.99 0.35 -0.23 
629459 2.10 4.07 4.77 1.19 0.49 -0.43 
629501 2.10 4.07 4.77 1.10 0.44 -0.35 
629542 2.10 4.07 4.77 0.72 0.42 -0.70 
629584 2.10 4.07 4.77 0.22 0.53 -0.70 
629626 2.10 4.07 4.77 0.85 0.41 -0.73 
629667 2.10 4.07 4.77 0.76 0.16 -0.55 
629709 2.10 4.07 4.77 0.71 -0.03 -0.85 
629752 2.10 4.07 4.77 0.86 -0.24 -0.56 
630093 2.10 4.07 4.77 0.51 -0.53 -0.19 
630135 2.10 4.07 4.77 0.44 -0.57 -0.26 
630178 2.10 4.07 4.77 0.44 -0.49 -0.23 
630221 2.10 4.07 4.77 0.64 -0.44 -0.20 
630263 2.10 4.07 4.77 0.41 -0.54 -0.44 
630306 2.10 4.07 4.77 0.40 -0.50 -0.72 
630349 2.10 4.07 4.77 0.57 -0.08 -1.02 
630391 2.10 4.07 4.77 0.62 0.06 -1.25 
630433 2.10 4.07 4.77 0.83 0.08 -1.05 
630474 2.10 4.07 4.77 0.43 -0.25 -1.00 
630517 2.10 4.07 4.77 0.15 -0.42 -0.88 
630560 2.10 4.07 4.77 0.40 -0.40 -0.71 
630899 2.10 4.07 4.77 0.56 0.06 -1.06 
630940 2.10 4.07 4.77 0.28 -0.13 -1.06 
630983 2.10 4.07 4.77 0.39 -0.12 -1.11 
631026 2.10 4.07 4.77 0.39 -0.22 -0.85 
631068 2.10 4.07 4.77 0.20 -0.41 -0.77 
631111 2.10 4.07 4.77 0.46 -0.30 -0.73 
631154 2.10 4.07 4.77 0.51 0.02 -0.77 
631195 2.10 4.07 4.77 0.74 0.03 -0.77 
631237 2.10 4.07 4.77 0.87 -0.09 -0.32 
631280 2.10 4.07 4.77 0.75 -0.15 -0.34 
631322 2.10 4.07 4.77 0.78 -0.11 -0.53 
631365 2.10 4.07 4.77 0.63 -0.32 -0.39 
631407 2.10 4.07 4.77 0.51 -0.29 -0.65 
631744 2.10 4.07 4.77 0.37 -0.21 -0.47 
631786 2.10 4.07 4.77 0.46 -0.53 -0.14 
631829 2.10 4.07 4.77 0.52 -0.74 -0.10 
631872 2.10 4.07 4.77 0.50 -0.65 -0.34 
631914 2.10 4.07 4.77 0.72 -0.48 -0.50 
631957 2.10 4.07 4.77 0.99 -0.27 -0.64 
631999 2.10 4.07 4.77 0.98 -0.11 -0.78 
632042 2.10 4.07 4.77 0.94 0.13 -0.88 
632084 2.10 4.07 4.77 0.79 0.23 -0.96 
632125 2.10 4.07 4.77 0.65 0.16 -0.82 
632167 2.10 4.07 4.77 0.62 0.06 -0.68 
632209 2.10 4.07 4.77 0.70 0.16 -0.68 
632588 2.10 4.07 4.77 0.70 -0.03 -1.32 
632631 2.10 4.07 4.77 0.73 0.01 -1.14 
632672 2.10 4.07 4.77 0.69 -0.11 -0.87 
632715 2.10 4.07 4.77 0.50 -0.13 -0.82 
632758 2.10 4.07 4.77 0.44 -0.10 -0.77 
632800 2.10 4.07 4.77 0.30 -0.07 -0.62 
632843 2.10 4.07 4.77 0.14 -0.39 -0.32 
632886 2.10 4.07 4.77 0.73 -0.17 -0.20 
632928 2.10 4.07 4.77 0.55 -0.24 -0.36 
632971 2.10 4.07 4.77 0.45 -0.20 -0.61 
633014 2.10 4.07 4.77 0.63 -0.25 -0.64 
633056 2.10 4.07 4.77 0.69 -0.41 -0.78 
633393 2.10 4.07 4.77 0.78 -0.01 -0.30 
633436 2.10 4.07 4.77 0.64 -0.05 -0.21 
633479 2.10 4.07 4.77 0.63 -0.05 -0.26 
633521 2.10 4.07 4.77 0.78 -0.02 -0.44 
633564 2.10 4.07 4.77 0.96 0.13 -0.75 
633605 2.10 4.07 4.77 0.90 0.09 -0.83 
633647 2.10 4.07 4.77 0.83 0.22 -0.76 
633689 2.10 4.07 4.77 0.92 0.24 -0.67 
633730 2.10 4.07 4.77 1.01 0.27 -0.61 
633772 2.10 4.07 4.77 0.78 0.15 -0.71 
633814 2.10 4.07 4.77 0.68 0.24 -0.70 
633854 2.10 4.07 4.77 0.55 0.26 -0.68 
634230 2.10 4.07 4.77 0.75 1.10 -0.34 
634272 2.10 4.07 4.77 0.73 1.11 -0.45 
634313 2.10 4.07 4.77 0.46 0.99 -0.37 
634355 2.10 4.07 4.77 0.37 0.96 -0.18 
634396 2.10 4.07 4.77 0.50 1.05 -0.19 
634438 2.10 4.07 4.77 0.45 1.06 -0.20 
634480 2.10 4.07 4.77 0.30 0.84 -0.11 
634521 2.10 4.07 4.77 0.19 0.64 0.08 
634562 2.10 4.07 4.77 0.33 0.65 0.04 
634602 2.10 4.07 4.77 0.47 0.75 0.02 
635059 2.10 4.07 4.77 0.61 0.03 -0.00 
635101 2.10 4.07 4.77 0.81 0.11 -0.10 
635143 2.10 4.07 4.77 0.94 0.11 -0.13 
635184 2.10 4.07 4.77 0.92 0.19 -0.28 
635226 2.10 4.07 4.77 0.90 0.22 -0.24 
635267 2.10 4.07 4.77 0.93 0.23 -0.24 
